03:58:02.986 INFO  - Processing command line option -hwspec E:\KhoaHoc_TKVM_Acronics\SoC_Xilinx_Spartan6\IP_Core_HamMu_Axi4Lite\SDK\SDK_Export\hw\system.xml. 
04:29:28.155 INFO  - Successfully generated E:\KhoaHoc_TKVM_Acronics\SoC_Xilinx_Spartan6\IP_Core_HamMu_Axi4Lite\ip_core_hammu_axi4lite_workspace\hammu_ip\src\lscript.ld. 
04:29:28.156 INFO  - Applying linker script to all configurations of project hammu_ip. 
04:29:28.157 INFO  - Setting rebuild state to true for all configurations of project hammu_ip. 
04:29:55.860 INFO  - Successfully generated E:\KhoaHoc_TKVM_Acronics\SoC_Xilinx_Spartan6\IP_Core_HamMu_Axi4Lite\ip_core_hammu_axi4lite_workspace\hammu_ip\src\lscript.ld. 
04:29:55.860 INFO  - Applying linker script to all configurations of project hammu_ip. 
04:29:55.864 INFO  - Setting rebuild state to true for all configurations of project hammu_ip. 
04:30:47.399 INFO  - Successfully generated E:\KhoaHoc_TKVM_Acronics\SoC_Xilinx_Spartan6\IP_Core_HamMu_Axi4Lite\ip_core_hammu_axi4lite_workspace\hammu_ip\src\lscript.ld. 
04:30:47.399 INFO  - Applying linker script to all configurations of project hammu_ip. 
04:30:47.400 INFO  - Setting rebuild state to true for all configurations of project hammu_ip. 
18:02:01.447 INFO  - Processing command line option -hwspec E:\KhoaHoc_TKVM_Acronics\SoC_Xilinx_Spartan6\IP_Core_HamMu_Axi4Lite\SDK\SDK_Export\hw\system.xml. 
18:05:35.116 INFO  - FPGA configured successfully with bitstream "E:/KhoaHoc_TKVM_Acronics/SoC_Xilinx_Spartan6/IP_Core_HamMu_Axi4Lite/ip_core_hammu_axi4lite_workspace/IP_Core_HamMu_Axi4Lite_hw_platform/download.bit" 
18:06:01.101 INFO  - FPGA configured successfully with bitstream "E:/KhoaHoc_TKVM_Acronics/SoC_Xilinx_Spartan6/IP_Core_HamMu_Axi4Lite/ip_core_hammu_axi4lite_workspace/IP_Core_HamMu_Axi4Lite_hw_platform/download.bit" 
18:06:24.332 INFO  - FPGA configured successfully with bitstream "E:/KhoaHoc_TKVM_Acronics/SoC_Xilinx_Spartan6/IP_Core_HamMu_Axi4Lite/ip_core_hammu_axi4lite_workspace/IP_Core_HamMu_Axi4Lite_hw_platform/download.bit" 
18:06:49.553 INFO  - FPGA configured successfully with bitstream "E:/KhoaHoc_TKVM_Acronics/SoC_Xilinx_Spartan6/IP_Core_HamMu_Axi4Lite/ip_core_hammu_axi4lite_workspace/IP_Core_HamMu_Axi4Lite_hw_platform/download.bit" 
18:07:18.903 INFO  - FPGA configured successfully with bitstream "E:/KhoaHoc_TKVM_Acronics/SoC_Xilinx_Spartan6/IP_Core_HamMu_Axi4Lite/ip_core_hammu_axi4lite_workspace/IP_Core_HamMu_Axi4Lite_hw_platform/download.bit" 
18:11:25.556 INFO  - FPGA configured successfully with bitstream "E:/KhoaHoc_TKVM_Acronics/SoC_Xilinx_Spartan6/IP_Core_HamMu_Axi4Lite/ip_core_hammu_axi4lite_workspace/IP_Core_HamMu_Axi4Lite_hw_platform/download.bit" 
18:11:37.254 INFO  - FPGA configured successfully with bitstream "E:/KhoaHoc_TKVM_Acronics/SoC_Xilinx_Spartan6/IP_Core_HamMu_Axi4Lite/ip_core_hammu_axi4lite_workspace/IP_Core_HamMu_Axi4Lite_hw_platform/download.bit" 
18:11:54.922 INFO  - FPGA configured successfully with bitstream "E:/KhoaHoc_TKVM_Acronics/SoC_Xilinx_Spartan6/IP_Core_HamMu_Axi4Lite/ip_core_hammu_axi4lite_workspace/IP_Core_HamMu_Axi4Lite_hw_platform/download.bit" 
18:12:35.377 INFO  - FPGA configured successfully with bitstream "E:/KhoaHoc_TKVM_Acronics/SoC_Xilinx_Spartan6/IP_Core_HamMu_Axi4Lite/ip_core_hammu_axi4lite_workspace/IP_Core_HamMu_Axi4Lite_hw_platform/download.bit" 
18:13:07.129 INFO  - FPGA configured successfully with bitstream "E:/KhoaHoc_TKVM_Acronics/SoC_Xilinx_Spartan6/IP_Core_HamMu_Axi4Lite/ip_core_hammu_axi4lite_workspace/IP_Core_HamMu_Axi4Lite_hw_platform/download.bit" 
18:21:26.160 INFO  - FPGA configured successfully with bitstream "E:/KhoaHoc_TKVM_Acronics/SoC_Xilinx_Spartan6/IP_Core_HamMu_Axi4Lite/ip_core_hammu_axi4lite_workspace/IP_Core_HamMu_Axi4Lite_hw_platform/download.bit" 
18:23:45.827 INFO  - FPGA configured successfully with bitstream "E:/KhoaHoc_TKVM_Acronics/SoC_Xilinx_Spartan6/IP_Core_HamMu_Axi4Lite/ip_core_hammu_axi4lite_workspace/IP_Core_HamMu_Axi4Lite_hw_platform/download.bit" 
18:24:07.933 INFO  - FPGA configured successfully with bitstream "E:/KhoaHoc_TKVM_Acronics/SoC_Xilinx_Spartan6/IP_Core_HamMu_Axi4Lite/ip_core_hammu_axi4lite_workspace/IP_Core_HamMu_Axi4Lite_hw_platform/download.bit" 
18:24:42.533 INFO  - FPGA configured successfully with bitstream "E:/KhoaHoc_TKVM_Acronics/SoC_Xilinx_Spartan6/IP_Core_HamMu_Axi4Lite/ip_core_hammu_axi4lite_workspace/IP_Core_HamMu_Axi4Lite_hw_platform/download.bit" 
18:27:15.564 INFO  - FPGA configured successfully with bitstream "E:/KhoaHoc_TKVM_Acronics/SoC_Xilinx_Spartan6/IP_Core_HamMu_Axi4Lite/ip_core_hammu_axi4lite_workspace/IP_Core_HamMu_Axi4Lite_hw_platform/download.bit" 
18:28:51.547 INFO  - FPGA configured successfully with bitstream "E:/KhoaHoc_TKVM_Acronics/SoC_Xilinx_Spartan6/IP_Core_HamMu_Axi4Lite/ip_core_hammu_axi4lite_workspace/IP_Core_HamMu_Axi4Lite_hw_platform/download.bit" 
18:30:30.668 INFO  - FPGA configured successfully with bitstream "E:/KhoaHoc_TKVM_Acronics/SoC_Xilinx_Spartan6/IP_Core_HamMu_Axi4Lite/ip_core_hammu_axi4lite_workspace/IP_Core_HamMu_Axi4Lite_hw_platform/download.bit" 
18:31:36.193 INFO  - FPGA configured successfully with bitstream "E:/KhoaHoc_TKVM_Acronics/SoC_Xilinx_Spartan6/IP_Core_HamMu_Axi4Lite/ip_core_hammu_axi4lite_workspace/IP_Core_HamMu_Axi4Lite_hw_platform/download.bit" 
18:35:26.868 INFO  - FPGA configured successfully with bitstream "E:/KhoaHoc_TKVM_Acronics/SoC_Xilinx_Spartan6/IP_Core_HamMu_Axi4Lite/ip_core_hammu_axi4lite_workspace/IP_Core_HamMu_Axi4Lite_hw_platform/download.bit" 
18:35:56.763 INFO  - FPGA configured successfully with bitstream "E:/KhoaHoc_TKVM_Acronics/SoC_Xilinx_Spartan6/IP_Core_HamMu_Axi4Lite/ip_core_hammu_axi4lite_workspace/IP_Core_HamMu_Axi4Lite_hw_platform/download.bit" 
18:58:31.391 ERROR - Unexpected error while parsing XMD response ?: com.google.gson.JsonSyntaxException: com.google.gson.stream.MalformedJsonException: invalid number or unquoted string near  
19:10:58.037 INFO  - Processing command line option -hwspec E:\KhoaHoc_TKVM_Acronics\SoC_Xilinx_Spartan6\IP_Core_HamMu_Axi4Lite\SDK\SDK_Export\hw\system.xml. 
19:11:03.064 INFO  - Updating .bit and .bmm files from XPS's export folder. 
19:11:04.747 INFO  - Copied contents of E:\KhoaHoc_TKVM_Acronics\SoC_Xilinx_Spartan6\IP_Core_HamMu_Axi4Lite\SDK\SDK_Export\hw\system.bit into \IP_Core_HamMu_Axi4Lite_hw_platform\system.bit. 
19:11:04.747 INFO  - Copied contents of E:\KhoaHoc_TKVM_Acronics\SoC_Xilinx_Spartan6\IP_Core_HamMu_Axi4Lite\SDK\SDK_Export\hw\system_bd.bmm into \IP_Core_HamMu_Axi4Lite_hw_platform\system_bd.bmm. 
19:11:47.266 INFO  - FPGA configured successfully with bitstream "E:/KhoaHoc_TKVM_Acronics/SoC_Xilinx_Spartan6/IP_Core_HamMu_Axi4Lite/ip_core_hammu_axi4lite_workspace/IP_Core_HamMu_Axi4Lite_hw_platform/download.bit" 
19:20:46.414 ERROR - Unexpected error while parsing XMD response ?: com.google.gson.JsonSyntaxException: com.google.gson.stream.MalformedJsonException: invalid number or unquoted string near  
19:27:07.507 INFO  - Processing command line option -hwspec E:\KhoaHoc_TKVM_Acronics\SoC_Xilinx_Spartan6\IP_Core_HamMu_Axi4Lite\SDK\SDK_Export\hw\system.xml. 
19:27:12.718 INFO  - Updating .bit and .bmm files from XPS's export folder. 
19:27:23.986 INFO  - Copied contents of E:\KhoaHoc_TKVM_Acronics\SoC_Xilinx_Spartan6\IP_Core_HamMu_Axi4Lite\SDK\SDK_Export\hw\system.bit into \IP_Core_HamMu_Axi4Lite_hw_platform\system.bit. 
19:27:23.986 INFO  - Copied contents of E:\KhoaHoc_TKVM_Acronics\SoC_Xilinx_Spartan6\IP_Core_HamMu_Axi4Lite\SDK\SDK_Export\hw\system_bd.bmm into \IP_Core_HamMu_Axi4Lite_hw_platform\system_bd.bmm. 
19:27:37.813 INFO  - FPGA configured successfully with bitstream "E:/KhoaHoc_TKVM_Acronics/SoC_Xilinx_Spartan6/IP_Core_HamMu_Axi4Lite/ip_core_hammu_axi4lite_workspace/IP_Core_HamMu_Axi4Lite_hw_platform/download.bit" 
19:29:43.747 INFO  - FPGA configured successfully with bitstream "E:/KhoaHoc_TKVM_Acronics/SoC_Xilinx_Spartan6/IP_Core_HamMu_Axi4Lite/ip_core_hammu_axi4lite_workspace/IP_Core_HamMu_Axi4Lite_hw_platform/download.bit" 
19:30:23.866 INFO  - FPGA configured successfully with bitstream "E:/KhoaHoc_TKVM_Acronics/SoC_Xilinx_Spartan6/IP_Core_HamMu_Axi4Lite/ip_core_hammu_axi4lite_workspace/IP_Core_HamMu_Axi4Lite_hw_platform/download.bit" 
19:33:55.123 INFO  - FPGA configured successfully with bitstream "E:/KhoaHoc_TKVM_Acronics/SoC_Xilinx_Spartan6/IP_Core_HamMu_Axi4Lite/ip_core_hammu_axi4lite_workspace/IP_Core_HamMu_Axi4Lite_hw_platform/download.bit" 
19:36:33.430 INFO  - FPGA configured successfully with bitstream "E:/KhoaHoc_TKVM_Acronics/SoC_Xilinx_Spartan6/IP_Core_HamMu_Axi4Lite/ip_core_hammu_axi4lite_workspace/IP_Core_HamMu_Axi4Lite_hw_platform/download.bit" 
19:36:45.508 INFO  - FPGA configured successfully with bitstream "E:/KhoaHoc_TKVM_Acronics/SoC_Xilinx_Spartan6/IP_Core_HamMu_Axi4Lite/ip_core_hammu_axi4lite_workspace/IP_Core_HamMu_Axi4Lite_hw_platform/download.bit" 
19:38:00.494 ERROR - Unexpected error while parsing XMD response ?: com.google.gson.JsonSyntaxException: com.google.gson.stream.MalformedJsonException: invalid number or unquoted string near  
19:43:47.551 INFO  - Processing command line option -hwspec E:\KhoaHoc_TKVM_Acronics\SoC_Xilinx_Spartan6\IP_Core_HamMu_Axi4Lite\SDK\SDK_Export\hw\system.xml. 
19:43:52.568 INFO  - Updating .bit and .bmm files from XPS's export folder. 
19:43:53.805 INFO  - Copied contents of E:\KhoaHoc_TKVM_Acronics\SoC_Xilinx_Spartan6\IP_Core_HamMu_Axi4Lite\SDK\SDK_Export\hw\system.bit into \IP_Core_HamMu_Axi4Lite_hw_platform\system.bit. 
19:43:53.805 INFO  - Copied contents of E:\KhoaHoc_TKVM_Acronics\SoC_Xilinx_Spartan6\IP_Core_HamMu_Axi4Lite\SDK\SDK_Export\hw\system_bd.bmm into \IP_Core_HamMu_Axi4Lite_hw_platform\system_bd.bmm. 
19:44:19.438 INFO  - FPGA configured successfully with bitstream "E:/KhoaHoc_TKVM_Acronics/SoC_Xilinx_Spartan6/IP_Core_HamMu_Axi4Lite/ip_core_hammu_axi4lite_workspace/IP_Core_HamMu_Axi4Lite_hw_platform/download.bit" 
19:44:34.094 ERROR - Unexpected error while parsing XMD response ?: com.google.gson.JsonSyntaxException: com.google.gson.stream.MalformedJsonException: invalid number or unquoted string near  
19:49:16.549 INFO  - Processing command line option -hwspec E:\KhoaHoc_TKVM_Acronics\SoC_Xilinx_Spartan6\IP_Core_HamMu_Axi4Lite\SDK\SDK_Export\hw\system.xml. 
19:50:02.853 INFO  - FPGA configured successfully with bitstream "E:/KhoaHoc_TKVM_Acronics/SoC_Xilinx_Spartan6/IP_Core_HamMu_Axi4Lite/ip_core_hammu_axi4lite_workspace/IP_Core_HamMu_Axi4Lite_hw_platform/download.bit" 
19:50:27.845 ERROR - Unexpected error while parsing XMD response ?: com.google.gson.JsonSyntaxException: com.google.gson.stream.MalformedJsonException: invalid number or unquoted string near  
02:11:59.040 INFO  - Processing command line option -hwspec E:\KhoaHoc_TKVM_Acronics\SoC_Xilinx_Spartan6\IP_Core_HamMu_Axi4Lite\SDK\SDK_Export\hw\system.xml. 
02:12:04.076 INFO  - Updating .bit and .bmm files from XPS's export folder. 
02:12:36.542 INFO  - Copied contents of E:\KhoaHoc_TKVM_Acronics\SoC_Xilinx_Spartan6\IP_Core_HamMu_Axi4Lite\SDK\SDK_Export\hw\system.bit into \IP_Core_HamMu_Axi4Lite_hw_platform\system.bit. 
02:12:36.543 INFO  - Copied contents of E:\KhoaHoc_TKVM_Acronics\SoC_Xilinx_Spartan6\IP_Core_HamMu_Axi4Lite\SDK\SDK_Export\hw\system_bd.bmm into \IP_Core_HamMu_Axi4Lite_hw_platform\system_bd.bmm. 
