Analysis & Synthesis report for exponent_multiplier
Sat Jul 19 20:27:02 2025
Quartus II 64-Bit Version 13.0.1 Build 232 06/12/2013 Service Pack 1 SJ Web Edition


---------------------
; Table of Contents ;
---------------------
  1. Legal Notice
  2. Analysis & Synthesis Summary
  3. Analysis & Synthesis Settings
  4. Parallel Compilation
  5. Analysis & Synthesis Source Files Read
  6. Analysis & Synthesis Resource Usage Summary
  7. Analysis & Synthesis Resource Utilization by Entity
  8. State Machine - |exponent_multiplier|current_state
  9. Registers Removed During Synthesis
 10. General Register Statistics
 11. Inverted Register Statistics
 12. Multiplexer Restructuring Statistics (Restructuring Performed)
 13. Parameter Settings for User Entity Instance: Top-level Entity: |exponent_multiplier
 14. Parameter Settings for Inferred Entity Instance: lpm_divide:Mod0
 15. Parameter Settings for Inferred Entity Instance: lpm_divide:Mod1
 16. Parameter Settings for Inferred Entity Instance: lpm_divide:Div4
 17. Parameter Settings for Inferred Entity Instance: lpm_divide:Mod5
 18. Parameter Settings for Inferred Entity Instance: lpm_divide:Div3
 19. Parameter Settings for Inferred Entity Instance: lpm_divide:Mod4
 20. Parameter Settings for Inferred Entity Instance: lpm_divide:Div2
 21. Parameter Settings for Inferred Entity Instance: lpm_divide:Mod3
 22. Parameter Settings for Inferred Entity Instance: lpm_divide:Mod2
 23. Parameter Settings for Inferred Entity Instance: lpm_mult:Mult0
 24. lpm_mult Parameter Settings by Entity Instance
 25. Elapsed Time Per Partition
 26. Analysis & Synthesis Messages



----------------
; Legal Notice ;
----------------
Copyright (C) 1991-2013 Altera Corporation
Your use of Altera Corporation's design tools, logic functions 
and other software and tools, and its AMPP partner logic 
functions, and any output files from any of the foregoing 
(including device programming or simulation files), and any 
associated documentation or information are expressly subject 
to the terms and conditions of the Altera Program License 
Subscription Agreement, Altera MegaCore Function License 
Agreement, or other applicable license agreement, including, 
without limitation, that your use is for the sole purpose of 
programming logic devices manufactured by Altera and sold by 
Altera or its authorized distributors.  Please refer to the 
applicable agreement for further details.



+--------------------------------------------------------------------------------------+
; Analysis & Synthesis Summary                                                         ;
+------------------------------------+-------------------------------------------------+
; Analysis & Synthesis Status        ; Successful - Sat Jul 19 20:27:02 2025           ;
; Quartus II 64-Bit Version          ; 13.0.1 Build 232 06/12/2013 SP 1 SJ Web Edition ;
; Revision Name                      ; exponent_multiplier                             ;
; Top-level Entity Name              ; exponent_multiplier                             ;
; Family                             ; Cyclone IV E                                    ;
; Total logic elements               ; 3,039                                           ;
;     Total combinational functions  ; 3,031                                           ;
;     Dedicated logic registers      ; 107                                             ;
; Total registers                    ; 107                                             ;
; Total pins                         ; 101                                             ;
; Total virtual pins                 ; 0                                               ;
; Total memory bits                  ; 0                                               ;
; Embedded Multiplier 9-bit elements ; 0                                               ;
; Total PLLs                         ; 0                                               ;
+------------------------------------+-------------------------------------------------+


+------------------------------------------------------------------------------------------------------------------------+
; Analysis & Synthesis Settings                                                                                          ;
+----------------------------------------------------------------------------+---------------------+---------------------+
; Option                                                                     ; Setting             ; Default Value       ;
+----------------------------------------------------------------------------+---------------------+---------------------+
; Device                                                                     ; EP4CE115F29C7       ;                     ;
; Top-level entity name                                                      ; exponent_multiplier ; exponent_multiplier ;
; Family name                                                                ; Cyclone IV E        ; Cyclone IV GX       ;
; Use smart compilation                                                      ; Off                 ; Off                 ;
; Enable parallel Assembler and TimeQuest Timing Analyzer during compilation ; On                  ; On                  ;
; Enable compact report table                                                ; Off                 ; Off                 ;
; Restructure Multiplexers                                                   ; Auto                ; Auto                ;
; Create Debugging Nodes for IP Cores                                        ; Off                 ; Off                 ;
; Preserve fewer node names                                                  ; On                  ; On                  ;
; Disable OpenCore Plus hardware evaluation                                  ; Off                 ; Off                 ;
; Verilog Version                                                            ; Verilog_2001        ; Verilog_2001        ;
; VHDL Version                                                               ; VHDL_1993           ; VHDL_1993           ;
; State Machine Processing                                                   ; Auto                ; Auto                ;
; Safe State Machine                                                         ; Off                 ; Off                 ;
; Extract Verilog State Machines                                             ; On                  ; On                  ;
; Extract VHDL State Machines                                                ; On                  ; On                  ;
; Ignore Verilog initial constructs                                          ; Off                 ; Off                 ;
; Iteration limit for constant Verilog loops                                 ; 5000                ; 5000                ;
; Iteration limit for non-constant Verilog loops                             ; 250                 ; 250                 ;
; Add Pass-Through Logic to Inferred RAMs                                    ; On                  ; On                  ;
; Infer RAMs from Raw Logic                                                  ; On                  ; On                  ;
; Parallel Synthesis                                                         ; On                  ; On                  ;
; DSP Block Balancing                                                        ; Auto                ; Auto                ;
; NOT Gate Push-Back                                                         ; On                  ; On                  ;
; Power-Up Don't Care                                                        ; On                  ; On                  ;
; Remove Redundant Logic Cells                                               ; Off                 ; Off                 ;
; Remove Duplicate Registers                                                 ; On                  ; On                  ;
; Ignore CARRY Buffers                                                       ; Off                 ; Off                 ;
; Ignore CASCADE Buffers                                                     ; Off                 ; Off                 ;
; Ignore GLOBAL Buffers                                                      ; Off                 ; Off                 ;
; Ignore ROW GLOBAL Buffers                                                  ; Off                 ; Off                 ;
; Ignore LCELL Buffers                                                       ; Off                 ; Off                 ;
; Ignore SOFT Buffers                                                        ; On                  ; On                  ;
; Limit AHDL Integers to 32 Bits                                             ; Off                 ; Off                 ;
; Optimization Technique                                                     ; Balanced            ; Balanced            ;
; Carry Chain Length                                                         ; 70                  ; 70                  ;
; Auto Carry Chains                                                          ; On                  ; On                  ;
; Auto Open-Drain Pins                                                       ; On                  ; On                  ;
; Perform WYSIWYG Primitive Resynthesis                                      ; Off                 ; Off                 ;
; Auto ROM Replacement                                                       ; On                  ; On                  ;
; Auto RAM Replacement                                                       ; On                  ; On                  ;
; Auto DSP Block Replacement                                                 ; On                  ; On                  ;
; Auto Shift Register Replacement                                            ; Auto                ; Auto                ;
; Allow Shift Register Merging across Hierarchies                            ; Auto                ; Auto                ;
; Auto Clock Enable Replacement                                              ; On                  ; On                  ;
; Strict RAM Replacement                                                     ; Off                 ; Off                 ;
; Allow Synchronous Control Signals                                          ; On                  ; On                  ;
; Force Use of Synchronous Clear Signals                                     ; Off                 ; Off                 ;
; Auto RAM Block Balancing                                                   ; On                  ; On                  ;
; Auto RAM to Logic Cell Conversion                                          ; Off                 ; Off                 ;
; Auto Resource Sharing                                                      ; Off                 ; Off                 ;
; Allow Any RAM Size For Recognition                                         ; Off                 ; Off                 ;
; Allow Any ROM Size For Recognition                                         ; Off                 ; Off                 ;
; Allow Any Shift Register Size For Recognition                              ; Off                 ; Off                 ;
; Use LogicLock Constraints during Resource Balancing                        ; On                  ; On                  ;
; Ignore translate_off and synthesis_off directives                          ; Off                 ; Off                 ;
; Timing-Driven Synthesis                                                    ; On                  ; On                  ;
; Report Parameter Settings                                                  ; On                  ; On                  ;
; Report Source Assignments                                                  ; On                  ; On                  ;
; Report Connectivity Checks                                                 ; On                  ; On                  ;
; Ignore Maximum Fan-Out Assignments                                         ; Off                 ; Off                 ;
; Synchronization Register Chain Length                                      ; 2                   ; 2                   ;
; PowerPlay Power Optimization                                               ; Normal compilation  ; Normal compilation  ;
; HDL message level                                                          ; Level2              ; Level2              ;
; Suppress Register Optimization Related Messages                            ; Off                 ; Off                 ;
; Number of Removed Registers Reported in Synthesis Report                   ; 5000                ; 5000                ;
; Number of Swept Nodes Reported in Synthesis Report                         ; 5000                ; 5000                ;
; Number of Inverted Registers Reported in Synthesis Report                  ; 100                 ; 100                 ;
; Clock MUX Protection                                                       ; On                  ; On                  ;
; Auto Gated Clock Conversion                                                ; Off                 ; Off                 ;
; Block Design Naming                                                        ; Auto                ; Auto                ;
; SDC constraint protection                                                  ; Off                 ; Off                 ;
; Synthesis Effort                                                           ; Auto                ; Auto                ;
; Shift Register Replacement - Allow Asynchronous Clear Signal               ; On                  ; On                  ;
; Pre-Mapping Resynthesis Optimization                                       ; Off                 ; Off                 ;
; Analysis & Synthesis Message Level                                         ; Medium              ; Medium              ;
; Disable Register Merging Across Hierarchies                                ; Auto                ; Auto                ;
; Resource Aware Inference For Block RAM                                     ; On                  ; On                  ;
; Synthesis Seed                                                             ; 1                   ; 1                   ;
+----------------------------------------------------------------------------+---------------------+---------------------+


Parallel compilation was disabled, but you have multiple processors available. Enable parallel compilation to reduce compilation time.
+-------------------------------------+
; Parallel Compilation                ;
+----------------------------+--------+
; Processors                 ; Number ;
+----------------------------+--------+
; Number detected on machine ; 12     ;
; Maximum allowed            ; 1      ;
+----------------------------+--------+


+-----------------------------------------------------------------------------------------------------------------------------------------------------------------------+
; Analysis & Synthesis Source Files Read                                                                                                                                ;
+----------------------------------+-----------------+------------------------------+-------------------------------------------------------------------------+---------+
; File Name with User-Entered Path ; Used in Netlist ; File Type                    ; File Name with Absolute Path                                            ; Library ;
+----------------------------------+-----------------+------------------------------+-------------------------------------------------------------------------+---------+
; exponent_multiplier.v            ; yes             ; Auto-Found Verilog HDL File  ; E:/KhoaHoc_TKVM_Acronics/Exponent_Multiplier/exponent_multiplier.v      ;         ;
; lpm_divide.tdf                   ; yes             ; Megafunction                 ; d:/altera/13.0sp1/quartus/libraries/megafunctions/lpm_divide.tdf        ;         ;
; abs_divider.inc                  ; yes             ; Megafunction                 ; d:/altera/13.0sp1/quartus/libraries/megafunctions/abs_divider.inc       ;         ;
; sign_div_unsign.inc              ; yes             ; Megafunction                 ; d:/altera/13.0sp1/quartus/libraries/megafunctions/sign_div_unsign.inc   ;         ;
; aglobal130.inc                   ; yes             ; Megafunction                 ; d:/altera/13.0sp1/quartus/libraries/megafunctions/aglobal130.inc        ;         ;
; db/lpm_divide_i9m.tdf            ; yes             ; Auto-Generated Megafunction  ; E:/KhoaHoc_TKVM_Acronics/Exponent_Multiplier/db/lpm_divide_i9m.tdf      ;         ;
; db/sign_div_unsign_7kh.tdf       ; yes             ; Auto-Generated Megafunction  ; E:/KhoaHoc_TKVM_Acronics/Exponent_Multiplier/db/sign_div_unsign_7kh.tdf ;         ;
; db/alt_u_div_24f.tdf             ; yes             ; Auto-Generated Megafunction  ; E:/KhoaHoc_TKVM_Acronics/Exponent_Multiplier/db/alt_u_div_24f.tdf       ;         ;
; db/add_sub_7pc.tdf               ; yes             ; Auto-Generated Megafunction  ; E:/KhoaHoc_TKVM_Acronics/Exponent_Multiplier/db/add_sub_7pc.tdf         ;         ;
; db/add_sub_8pc.tdf               ; yes             ; Auto-Generated Megafunction  ; E:/KhoaHoc_TKVM_Acronics/Exponent_Multiplier/db/add_sub_8pc.tdf         ;         ;
; db/lpm_divide_bkm.tdf            ; yes             ; Auto-Generated Megafunction  ; E:/KhoaHoc_TKVM_Acronics/Exponent_Multiplier/db/lpm_divide_bkm.tdf      ;         ;
; db/sign_div_unsign_3nh.tdf       ; yes             ; Auto-Generated Megafunction  ; E:/KhoaHoc_TKVM_Acronics/Exponent_Multiplier/db/sign_div_unsign_3nh.tdf ;         ;
; db/alt_u_div_q9f.tdf             ; yes             ; Auto-Generated Megafunction  ; E:/KhoaHoc_TKVM_Acronics/Exponent_Multiplier/db/alt_u_div_q9f.tdf       ;         ;
; db/lpm_divide_1bm.tdf            ; yes             ; Auto-Generated Megafunction  ; E:/KhoaHoc_TKVM_Acronics/Exponent_Multiplier/db/lpm_divide_1bm.tdf      ;         ;
; db/sign_div_unsign_mlh.tdf       ; yes             ; Auto-Generated Megafunction  ; E:/KhoaHoc_TKVM_Acronics/Exponent_Multiplier/db/sign_div_unsign_mlh.tdf ;         ;
; db/alt_u_div_07f.tdf             ; yes             ; Auto-Generated Megafunction  ; E:/KhoaHoc_TKVM_Acronics/Exponent_Multiplier/db/alt_u_div_07f.tdf       ;         ;
; db/lpm_divide_1jm.tdf            ; yes             ; Auto-Generated Megafunction  ; E:/KhoaHoc_TKVM_Acronics/Exponent_Multiplier/db/lpm_divide_1jm.tdf      ;         ;
; db/sign_div_unsign_plh.tdf       ; yes             ; Auto-Generated Megafunction  ; E:/KhoaHoc_TKVM_Acronics/Exponent_Multiplier/db/sign_div_unsign_plh.tdf ;         ;
; db/alt_u_div_67f.tdf             ; yes             ; Auto-Generated Megafunction  ; E:/KhoaHoc_TKVM_Acronics/Exponent_Multiplier/db/alt_u_div_67f.tdf       ;         ;
; db/lpm_divide_uim.tdf            ; yes             ; Auto-Generated Megafunction  ; E:/KhoaHoc_TKVM_Acronics/Exponent_Multiplier/db/lpm_divide_uim.tdf      ;         ;
; lpm_mult.tdf                     ; yes             ; Megafunction                 ; d:/altera/13.0sp1/quartus/libraries/megafunctions/lpm_mult.tdf          ;         ;
; lpm_add_sub.inc                  ; yes             ; Megafunction                 ; d:/altera/13.0sp1/quartus/libraries/megafunctions/lpm_add_sub.inc       ;         ;
; multcore.inc                     ; yes             ; Megafunction                 ; d:/altera/13.0sp1/quartus/libraries/megafunctions/multcore.inc          ;         ;
; bypassff.inc                     ; yes             ; Megafunction                 ; d:/altera/13.0sp1/quartus/libraries/megafunctions/bypassff.inc          ;         ;
; altshift.inc                     ; yes             ; Megafunction                 ; d:/altera/13.0sp1/quartus/libraries/megafunctions/altshift.inc          ;         ;
; db/mult_hbt.tdf                  ; yes             ; Auto-Generated Megafunction  ; E:/KhoaHoc_TKVM_Acronics/Exponent_Multiplier/db/mult_hbt.tdf            ;         ;
+----------------------------------+-----------------+------------------------------+-------------------------------------------------------------------------+---------+


+-----------------------------------------------------------+
; Analysis & Synthesis Resource Usage Summary               ;
+---------------------------------------------+-------------+
; Resource                                    ; Usage       ;
+---------------------------------------------+-------------+
; Estimated Total logic elements              ; 3,039       ;
;                                             ;             ;
; Total combinational functions               ; 3031        ;
; Logic element usage by number of LUT inputs ;             ;
;     -- 4 input functions                    ; 780         ;
;     -- 3 input functions                    ; 828         ;
;     -- <=2 input functions                  ; 1423        ;
;                                             ;             ;
; Logic elements by mode                      ;             ;
;     -- normal mode                          ; 2186        ;
;     -- arithmetic mode                      ; 845         ;
;                                             ;             ;
; Total registers                             ; 107         ;
;     -- Dedicated logic registers            ; 107         ;
;     -- I/O registers                        ; 0           ;
;                                             ;             ;
; I/O pins                                    ; 101         ;
; Embedded Multiplier 9-bit elements          ; 0           ;
; Maximum fan-out node                        ; i_clk~input ;
; Maximum fan-out                             ; 107         ;
; Total fan-out                               ; 8579        ;
; Average fan-out                             ; 2.57        ;
+---------------------------------------------+-------------+


+------------------------------------------------------------------------------------------------------------------------------------------------------------------------------------------------------------------------------------------------------------------------------------------+
; Analysis & Synthesis Resource Utilization by Entity                                                                                                                                                                                                                                      ;
+----------------------------------------+-------------------+--------------+-------------+--------------+---------+-----------+------+--------------+----------------------------------------------------------------------------------------------------------------------+--------------+
; Compilation Hierarchy Node             ; LC Combinationals ; LC Registers ; Memory Bits ; DSP Elements ; DSP 9x9 ; DSP 18x18 ; Pins ; Virtual Pins ; Full Hierarchy Name                                                                                                  ; Library Name ;
+----------------------------------------+-------------------+--------------+-------------+--------------+---------+-----------+------+--------------+----------------------------------------------------------------------------------------------------------------------+--------------+
; |exponent_multiplier                   ; 3031 (188)        ; 107 (107)    ; 0           ; 0            ; 0       ; 0         ; 101  ; 0            ; |exponent_multiplier                                                                                                 ; work         ;
;    |lpm_divide:Div2|                   ; 342 (0)           ; 0 (0)        ; 0           ; 0            ; 0       ; 0         ; 0    ; 0            ; |exponent_multiplier|lpm_divide:Div2                                                                                 ; work         ;
;       |lpm_divide_uim:auto_generated|  ; 342 (0)           ; 0 (0)        ; 0           ; 0            ; 0       ; 0         ; 0    ; 0            ; |exponent_multiplier|lpm_divide:Div2|lpm_divide_uim:auto_generated                                                   ; work         ;
;          |sign_div_unsign_mlh:divider| ; 342 (0)           ; 0 (0)        ; 0           ; 0            ; 0       ; 0         ; 0    ; 0            ; |exponent_multiplier|lpm_divide:Div2|lpm_divide_uim:auto_generated|sign_div_unsign_mlh:divider                       ; work         ;
;             |alt_u_div_07f:divider|    ; 342 (342)         ; 0 (0)        ; 0           ; 0            ; 0       ; 0         ; 0    ; 0            ; |exponent_multiplier|lpm_divide:Div2|lpm_divide_uim:auto_generated|sign_div_unsign_mlh:divider|alt_u_div_07f:divider ; work         ;
;    |lpm_divide:Div3|                   ; 509 (0)           ; 0 (0)        ; 0           ; 0            ; 0       ; 0         ; 0    ; 0            ; |exponent_multiplier|lpm_divide:Div3                                                                                 ; work         ;
;       |lpm_divide_1jm:auto_generated|  ; 509 (0)           ; 0 (0)        ; 0           ; 0            ; 0       ; 0         ; 0    ; 0            ; |exponent_multiplier|lpm_divide:Div3|lpm_divide_1jm:auto_generated                                                   ; work         ;
;          |sign_div_unsign_plh:divider| ; 509 (0)           ; 0 (0)        ; 0           ; 0            ; 0       ; 0         ; 0    ; 0            ; |exponent_multiplier|lpm_divide:Div3|lpm_divide_1jm:auto_generated|sign_div_unsign_plh:divider                       ; work         ;
;             |alt_u_div_67f:divider|    ; 509 (509)         ; 0 (0)        ; 0           ; 0            ; 0       ; 0         ; 0    ; 0            ; |exponent_multiplier|lpm_divide:Div3|lpm_divide_1jm:auto_generated|sign_div_unsign_plh:divider|alt_u_div_67f:divider ; work         ;
;    |lpm_divide:Div4|                   ; 619 (0)           ; 0 (0)        ; 0           ; 0            ; 0       ; 0         ; 0    ; 0            ; |exponent_multiplier|lpm_divide:Div4                                                                                 ; work         ;
;       |lpm_divide_bkm:auto_generated|  ; 619 (0)           ; 0 (0)        ; 0           ; 0            ; 0       ; 0         ; 0    ; 0            ; |exponent_multiplier|lpm_divide:Div4|lpm_divide_bkm:auto_generated                                                   ; work         ;
;          |sign_div_unsign_3nh:divider| ; 619 (0)           ; 0 (0)        ; 0           ; 0            ; 0       ; 0         ; 0    ; 0            ; |exponent_multiplier|lpm_divide:Div4|lpm_divide_bkm:auto_generated|sign_div_unsign_3nh:divider                       ; work         ;
;             |alt_u_div_q9f:divider|    ; 619 (619)         ; 0 (0)        ; 0           ; 0            ; 0       ; 0         ; 0    ; 0            ; |exponent_multiplier|lpm_divide:Div4|lpm_divide_bkm:auto_generated|sign_div_unsign_3nh:divider|alt_u_div_q9f:divider ; work         ;
;    |lpm_divide:Mod0|                   ; 7 (0)             ; 0 (0)        ; 0           ; 0            ; 0       ; 0         ; 0    ; 0            ; |exponent_multiplier|lpm_divide:Mod0                                                                                 ; work         ;
;       |lpm_divide_i9m:auto_generated|  ; 7 (0)             ; 0 (0)        ; 0           ; 0            ; 0       ; 0         ; 0    ; 0            ; |exponent_multiplier|lpm_divide:Mod0|lpm_divide_i9m:auto_generated                                                   ; work         ;
;          |sign_div_unsign_7kh:divider| ; 7 (0)             ; 0 (0)        ; 0           ; 0            ; 0       ; 0         ; 0    ; 0            ; |exponent_multiplier|lpm_divide:Mod0|lpm_divide_i9m:auto_generated|sign_div_unsign_7kh:divider                       ; work         ;
;             |alt_u_div_24f:divider|    ; 7 (7)             ; 0 (0)        ; 0           ; 0            ; 0       ; 0         ; 0    ; 0            ; |exponent_multiplier|lpm_divide:Mod0|lpm_divide_i9m:auto_generated|sign_div_unsign_7kh:divider|alt_u_div_24f:divider ; work         ;
;    |lpm_divide:Mod1|                   ; 7 (0)             ; 0 (0)        ; 0           ; 0            ; 0       ; 0         ; 0    ; 0            ; |exponent_multiplier|lpm_divide:Mod1                                                                                 ; work         ;
;       |lpm_divide_i9m:auto_generated|  ; 7 (0)             ; 0 (0)        ; 0           ; 0            ; 0       ; 0         ; 0    ; 0            ; |exponent_multiplier|lpm_divide:Mod1|lpm_divide_i9m:auto_generated                                                   ; work         ;
;          |sign_div_unsign_7kh:divider| ; 7 (0)             ; 0 (0)        ; 0           ; 0            ; 0       ; 0         ; 0    ; 0            ; |exponent_multiplier|lpm_divide:Mod1|lpm_divide_i9m:auto_generated|sign_div_unsign_7kh:divider                       ; work         ;
;             |alt_u_div_24f:divider|    ; 7 (7)             ; 0 (0)        ; 0           ; 0            ; 0       ; 0         ; 0    ; 0            ; |exponent_multiplier|lpm_divide:Mod1|lpm_divide_i9m:auto_generated|sign_div_unsign_7kh:divider|alt_u_div_24f:divider ; work         ;
;    |lpm_divide:Mod2|                   ; 345 (0)           ; 0 (0)        ; 0           ; 0            ; 0       ; 0         ; 0    ; 0            ; |exponent_multiplier|lpm_divide:Mod2                                                                                 ; work         ;
;       |lpm_divide_1bm:auto_generated|  ; 345 (0)           ; 0 (0)        ; 0           ; 0            ; 0       ; 0         ; 0    ; 0            ; |exponent_multiplier|lpm_divide:Mod2|lpm_divide_1bm:auto_generated                                                   ; work         ;
;          |sign_div_unsign_mlh:divider| ; 345 (0)           ; 0 (0)        ; 0           ; 0            ; 0       ; 0         ; 0    ; 0            ; |exponent_multiplier|lpm_divide:Mod2|lpm_divide_1bm:auto_generated|sign_div_unsign_mlh:divider                       ; work         ;
;             |alt_u_div_07f:divider|    ; 345 (345)         ; 0 (0)        ; 0           ; 0            ; 0       ; 0         ; 0    ; 0            ; |exponent_multiplier|lpm_divide:Mod2|lpm_divide_1bm:auto_generated|sign_div_unsign_mlh:divider|alt_u_div_07f:divider ; work         ;
;    |lpm_divide:Mod3|                   ; 332 (0)           ; 0 (0)        ; 0           ; 0            ; 0       ; 0         ; 0    ; 0            ; |exponent_multiplier|lpm_divide:Mod3                                                                                 ; work         ;
;       |lpm_divide_1bm:auto_generated|  ; 332 (0)           ; 0 (0)        ; 0           ; 0            ; 0       ; 0         ; 0    ; 0            ; |exponent_multiplier|lpm_divide:Mod3|lpm_divide_1bm:auto_generated                                                   ; work         ;
;          |sign_div_unsign_mlh:divider| ; 332 (0)           ; 0 (0)        ; 0           ; 0            ; 0       ; 0         ; 0    ; 0            ; |exponent_multiplier|lpm_divide:Mod3|lpm_divide_1bm:auto_generated|sign_div_unsign_mlh:divider                       ; work         ;
;             |alt_u_div_07f:divider|    ; 332 (332)         ; 0 (0)        ; 0           ; 0            ; 0       ; 0         ; 0    ; 0            ; |exponent_multiplier|lpm_divide:Mod3|lpm_divide_1bm:auto_generated|sign_div_unsign_mlh:divider|alt_u_div_07f:divider ; work         ;
;    |lpm_divide:Mod4|                   ; 290 (0)           ; 0 (0)        ; 0           ; 0            ; 0       ; 0         ; 0    ; 0            ; |exponent_multiplier|lpm_divide:Mod4                                                                                 ; work         ;
;       |lpm_divide_1bm:auto_generated|  ; 290 (0)           ; 0 (0)        ; 0           ; 0            ; 0       ; 0         ; 0    ; 0            ; |exponent_multiplier|lpm_divide:Mod4|lpm_divide_1bm:auto_generated                                                   ; work         ;
;          |sign_div_unsign_mlh:divider| ; 290 (0)           ; 0 (0)        ; 0           ; 0            ; 0       ; 0         ; 0    ; 0            ; |exponent_multiplier|lpm_divide:Mod4|lpm_divide_1bm:auto_generated|sign_div_unsign_mlh:divider                       ; work         ;
;             |alt_u_div_07f:divider|    ; 290 (290)         ; 0 (0)        ; 0           ; 0            ; 0       ; 0         ; 0    ; 0            ; |exponent_multiplier|lpm_divide:Mod4|lpm_divide_1bm:auto_generated|sign_div_unsign_mlh:divider|alt_u_div_07f:divider ; work         ;
;    |lpm_divide:Mod5|                   ; 248 (0)           ; 0 (0)        ; 0           ; 0            ; 0       ; 0         ; 0    ; 0            ; |exponent_multiplier|lpm_divide:Mod5                                                                                 ; work         ;
;       |lpm_divide_1bm:auto_generated|  ; 248 (0)           ; 0 (0)        ; 0           ; 0            ; 0       ; 0         ; 0    ; 0            ; |exponent_multiplier|lpm_divide:Mod5|lpm_divide_1bm:auto_generated                                                   ; work         ;
;          |sign_div_unsign_mlh:divider| ; 248 (0)           ; 0 (0)        ; 0           ; 0            ; 0       ; 0         ; 0    ; 0            ; |exponent_multiplier|lpm_divide:Mod5|lpm_divide_1bm:auto_generated|sign_div_unsign_mlh:divider                       ; work         ;
;             |alt_u_div_07f:divider|    ; 248 (248)         ; 0 (0)        ; 0           ; 0            ; 0       ; 0         ; 0    ; 0            ; |exponent_multiplier|lpm_divide:Mod5|lpm_divide_1bm:auto_generated|sign_div_unsign_mlh:divider|alt_u_div_07f:divider ; work         ;
;    |lpm_mult:Mult0|                    ; 144 (0)           ; 0 (0)        ; 0           ; 0            ; 0       ; 0         ; 0    ; 0            ; |exponent_multiplier|lpm_mult:Mult0                                                                                  ; work         ;
;       |mult_hbt:auto_generated|        ; 144 (144)         ; 0 (0)        ; 0           ; 0            ; 0       ; 0         ; 0    ; 0            ; |exponent_multiplier|lpm_mult:Mult0|mult_hbt:auto_generated                                                          ; work         ;
+----------------------------------------+-------------------+--------------+-------------+--------------+---------+-----------+------+--------------+----------------------------------------------------------------------------------------------------------------------+--------------+
Note: For table entries with two numbers listed, the numbers in parentheses indicate the number of resources of the given type used by the specific entity alone. The numbers listed outside of parentheses indicate the total resources of the given type used by the specific entity and all of its sub-entities in the hierarchy.


Encoding Type:  One-Hot
+------------------------------------------------------------------------------------------------------------+
; State Machine - |exponent_multiplier|current_state                                                         ;
+----------------------+----------------------+--------------------+--------------------+--------------------+
; Name                 ; current_state.FINISH ; current_state.CALC ; current_state.LOAD ; current_state.IDLE ;
+----------------------+----------------------+--------------------+--------------------+--------------------+
; current_state.IDLE   ; 0                    ; 0                  ; 0                  ; 0                  ;
; current_state.LOAD   ; 0                    ; 0                  ; 1                  ; 1                  ;
; current_state.CALC   ; 0                    ; 1                  ; 0                  ; 1                  ;
; current_state.FINISH ; 1                    ; 0                  ; 0                  ; 1                  ;
+----------------------+----------------------+--------------------+--------------------+--------------------+


+------------------------------------------------------------+
; Registers Removed During Synthesis                         ;
+---------------------------------------+--------------------+
; Register name                         ; Reason for Removal ;
+---------------------------------------+--------------------+
; current_state~8                       ; Lost fanout        ;
; current_state~9                       ; Lost fanout        ;
; current_state~10                      ; Lost fanout        ;
; Total Number of Removed Registers = 3 ;                    ;
+---------------------------------------+--------------------+


+------------------------------------------------------+
; General Register Statistics                          ;
+----------------------------------------------+-------+
; Statistic                                    ; Value ;
+----------------------------------------------+-------+
; Total registers                              ; 107   ;
; Number of registers using Synchronous Clear  ; 0     ;
; Number of registers using Synchronous Load   ; 0     ;
; Number of registers using Asynchronous Clear ; 107   ;
; Number of registers using Asynchronous Load  ; 0     ;
; Number of registers using Clock Enable       ; 19    ;
; Number of registers using Preset             ; 0     ;
+----------------------------------------------+-------+


+--------------------------------------------------+
; Inverted Register Statistics                     ;
+----------------------------------------+---------+
; Inverted Register                      ; Fan out ;
+----------------------------------------+---------+
; reg_P_exp[0]                           ; 8       ;
; Total number of inverted registers = 1 ;         ;
+----------------------------------------+---------+


+---------------------------------------------------------------------------------------------------------------------------------------------------+
; Multiplexer Restructuring Statistics (Restructuring Performed)                                                                                    ;
+--------------------+-----------+---------------+----------------------+------------------------+------------+-------------------------------------+
; Multiplexer Inputs ; Bus Width ; Baseline Area ; Area if Restructured ; Saving if Restructured ; Registered ; Example Multiplexer Output          ;
+--------------------+-----------+---------------+----------------------+------------------------+------------+-------------------------------------+
; 6:1                ; 3 bits    ; 12 LEs        ; 3 LEs                ; 9 LEs                  ; Yes        ; |exponent_multiplier|reg_A_shift[3] ;
; 4:1                ; 33 bits   ; 66 LEs        ; 33 LEs               ; 33 LEs                 ; No         ; |exponent_multiplier|reg_P_exp      ;
; 4:1                ; 6 bits    ; 12 LEs        ; 6 LEs                ; 6 LEs                  ; No         ; |exponent_multiplier|index_bit_B    ;
; 5:1                ; 8 bits    ; 24 LEs        ; 8 LEs                ; 16 LEs                 ; No         ; |exponent_multiplier|reg_P_mul      ;
; 8:1                ; 2 bits    ; 10 LEs        ; 4 LEs                ; 6 LEs                  ; No         ; |exponent_multiplier|Selector87     ;
; 8:1                ; 2 bits    ; 10 LEs        ; 4 LEs                ; 6 LEs                  ; No         ; |exponent_multiplier|Selector89     ;
+--------------------+-----------+---------------+----------------------+------------------------+------------+-------------------------------------+


+-------------------------------------------------------------------------------------+
; Parameter Settings for User Entity Instance: Top-level Entity: |exponent_multiplier ;
+----------------+-------+------------------------------------------------------------+
; Parameter Name ; Value ; Type                                                       ;
+----------------+-------+------------------------------------------------------------+
; IDLE           ; 000   ; Unsigned Binary                                            ;
; LOAD           ; 001   ; Unsigned Binary                                            ;
; CALC           ; 010   ; Unsigned Binary                                            ;
; FINISH         ; 011   ; Unsigned Binary                                            ;
+----------------+-------+------------------------------------------------------------+
Note: In order to hide this table in the UI and the text report file, please set the "Show Parameter Settings in Synthesis Report" option in "Analysis and Synthesis Settings -> More Settings" to "Off".


+------------------------------------------------------------------+
; Parameter Settings for Inferred Entity Instance: lpm_divide:Mod0 ;
+------------------------+----------------+------------------------+
; Parameter Name         ; Value          ; Type                   ;
+------------------------+----------------+------------------------+
; LPM_WIDTHN             ; 4              ; Untyped                ;
; LPM_WIDTHD             ; 4              ; Untyped                ;
; LPM_NREPRESENTATION    ; UNSIGNED       ; Untyped                ;
; LPM_DREPRESENTATION    ; UNSIGNED       ; Untyped                ;
; LPM_PIPELINE           ; 0              ; Untyped                ;
; LPM_REMAINDERPOSITIVE  ; TRUE           ; Untyped                ;
; MAXIMIZE_SPEED         ; 5              ; Untyped                ;
; CBXI_PARAMETER         ; lpm_divide_i9m ; Untyped                ;
; CARRY_CHAIN            ; MANUAL         ; Untyped                ;
; OPTIMIZE_FOR_SPEED     ; 5              ; Untyped                ;
; AUTO_CARRY_CHAINS      ; ON             ; AUTO_CARRY             ;
; IGNORE_CARRY_BUFFERS   ; OFF            ; IGNORE_CARRY           ;
; AUTO_CASCADE_CHAINS    ; ON             ; AUTO_CASCADE           ;
; IGNORE_CASCADE_BUFFERS ; OFF            ; IGNORE_CASCADE         ;
+------------------------+----------------+------------------------+
Note: In order to hide this table in the UI and the text report file, please set the "Show Parameter Settings in Synthesis Report" option in "Analysis and Synthesis Settings -> More Settings" to "Off".


+------------------------------------------------------------------+
; Parameter Settings for Inferred Entity Instance: lpm_divide:Mod1 ;
+------------------------+----------------+------------------------+
; Parameter Name         ; Value          ; Type                   ;
+------------------------+----------------+------------------------+
; LPM_WIDTHN             ; 4              ; Untyped                ;
; LPM_WIDTHD             ; 4              ; Untyped                ;
; LPM_NREPRESENTATION    ; UNSIGNED       ; Untyped                ;
; LPM_DREPRESENTATION    ; UNSIGNED       ; Untyped                ;
; LPM_PIPELINE           ; 0              ; Untyped                ;
; LPM_REMAINDERPOSITIVE  ; TRUE           ; Untyped                ;
; MAXIMIZE_SPEED         ; 5              ; Untyped                ;
; CBXI_PARAMETER         ; lpm_divide_i9m ; Untyped                ;
; CARRY_CHAIN            ; MANUAL         ; Untyped                ;
; OPTIMIZE_FOR_SPEED     ; 5              ; Untyped                ;
; AUTO_CARRY_CHAINS      ; ON             ; AUTO_CARRY             ;
; IGNORE_CARRY_BUFFERS   ; OFF            ; IGNORE_CARRY           ;
; AUTO_CASCADE_CHAINS    ; ON             ; AUTO_CASCADE           ;
; IGNORE_CASCADE_BUFFERS ; OFF            ; IGNORE_CASCADE         ;
+------------------------+----------------+------------------------+
Note: In order to hide this table in the UI and the text report file, please set the "Show Parameter Settings in Synthesis Report" option in "Analysis and Synthesis Settings -> More Settings" to "Off".


+------------------------------------------------------------------+
; Parameter Settings for Inferred Entity Instance: lpm_divide:Div4 ;
+------------------------+----------------+------------------------+
; Parameter Name         ; Value          ; Type                   ;
+------------------------+----------------+------------------------+
; LPM_WIDTHN             ; 30             ; Untyped                ;
; LPM_WIDTHD             ; 10             ; Untyped                ;
; LPM_NREPRESENTATION    ; UNSIGNED       ; Untyped                ;
; LPM_DREPRESENTATION    ; UNSIGNED       ; Untyped                ;
; LPM_PIPELINE           ; 0              ; Untyped                ;
; LPM_REMAINDERPOSITIVE  ; TRUE           ; Untyped                ;
; MAXIMIZE_SPEED         ; 5              ; Untyped                ;
; CBXI_PARAMETER         ; lpm_divide_bkm ; Untyped                ;
; CARRY_CHAIN            ; MANUAL         ; Untyped                ;
; OPTIMIZE_FOR_SPEED     ; 5              ; Untyped                ;
; AUTO_CARRY_CHAINS      ; ON             ; AUTO_CARRY             ;
; IGNORE_CARRY_BUFFERS   ; OFF            ; IGNORE_CARRY           ;
; AUTO_CASCADE_CHAINS    ; ON             ; AUTO_CASCADE           ;
; IGNORE_CASCADE_BUFFERS ; OFF            ; IGNORE_CASCADE         ;
+------------------------+----------------+------------------------+
Note: In order to hide this table in the UI and the text report file, please set the "Show Parameter Settings in Synthesis Report" option in "Analysis and Synthesis Settings -> More Settings" to "Off".


+------------------------------------------------------------------+
; Parameter Settings for Inferred Entity Instance: lpm_divide:Mod5 ;
+------------------------+----------------+------------------------+
; Parameter Name         ; Value          ; Type                   ;
+------------------------+----------------+------------------------+
; LPM_WIDTHN             ; 30             ; Untyped                ;
; LPM_WIDTHD             ; 4              ; Untyped                ;
; LPM_NREPRESENTATION    ; UNSIGNED       ; Untyped                ;
; LPM_DREPRESENTATION    ; UNSIGNED       ; Untyped                ;
; LPM_PIPELINE           ; 0              ; Untyped                ;
; LPM_REMAINDERPOSITIVE  ; TRUE           ; Untyped                ;
; MAXIMIZE_SPEED         ; 5              ; Untyped                ;
; CBXI_PARAMETER         ; lpm_divide_1bm ; Untyped                ;
; CARRY_CHAIN            ; MANUAL         ; Untyped                ;
; OPTIMIZE_FOR_SPEED     ; 5              ; Untyped                ;
; AUTO_CARRY_CHAINS      ; ON             ; AUTO_CARRY             ;
; IGNORE_CARRY_BUFFERS   ; OFF            ; IGNORE_CARRY           ;
; AUTO_CASCADE_CHAINS    ; ON             ; AUTO_CASCADE           ;
; IGNORE_CASCADE_BUFFERS ; OFF            ; IGNORE_CASCADE         ;
+------------------------+----------------+------------------------+
Note: In order to hide this table in the UI and the text report file, please set the "Show Parameter Settings in Synthesis Report" option in "Analysis and Synthesis Settings -> More Settings" to "Off".


+------------------------------------------------------------------+
; Parameter Settings for Inferred Entity Instance: lpm_divide:Div3 ;
+------------------------+----------------+------------------------+
; Parameter Name         ; Value          ; Type                   ;
+------------------------+----------------+------------------------+
; LPM_WIDTHN             ; 30             ; Untyped                ;
; LPM_WIDTHD             ; 7              ; Untyped                ;
; LPM_NREPRESENTATION    ; UNSIGNED       ; Untyped                ;
; LPM_DREPRESENTATION    ; UNSIGNED       ; Untyped                ;
; LPM_PIPELINE           ; 0              ; Untyped                ;
; LPM_REMAINDERPOSITIVE  ; TRUE           ; Untyped                ;
; MAXIMIZE_SPEED         ; 5              ; Untyped                ;
; CBXI_PARAMETER         ; lpm_divide_1jm ; Untyped                ;
; CARRY_CHAIN            ; MANUAL         ; Untyped                ;
; OPTIMIZE_FOR_SPEED     ; 5              ; Untyped                ;
; AUTO_CARRY_CHAINS      ; ON             ; AUTO_CARRY             ;
; IGNORE_CARRY_BUFFERS   ; OFF            ; IGNORE_CARRY           ;
; AUTO_CASCADE_CHAINS    ; ON             ; AUTO_CASCADE           ;
; IGNORE_CASCADE_BUFFERS ; OFF            ; IGNORE_CASCADE         ;
+------------------------+----------------+------------------------+
Note: In order to hide this table in the UI and the text report file, please set the "Show Parameter Settings in Synthesis Report" option in "Analysis and Synthesis Settings -> More Settings" to "Off".


+------------------------------------------------------------------+
; Parameter Settings for Inferred Entity Instance: lpm_divide:Mod4 ;
+------------------------+----------------+------------------------+
; Parameter Name         ; Value          ; Type                   ;
+------------------------+----------------+------------------------+
; LPM_WIDTHN             ; 30             ; Untyped                ;
; LPM_WIDTHD             ; 4              ; Untyped                ;
; LPM_NREPRESENTATION    ; UNSIGNED       ; Untyped                ;
; LPM_DREPRESENTATION    ; UNSIGNED       ; Untyped                ;
; LPM_PIPELINE           ; 0              ; Untyped                ;
; LPM_REMAINDERPOSITIVE  ; TRUE           ; Untyped                ;
; MAXIMIZE_SPEED         ; 5              ; Untyped                ;
; CBXI_PARAMETER         ; lpm_divide_1bm ; Untyped                ;
; CARRY_CHAIN            ; MANUAL         ; Untyped                ;
; OPTIMIZE_FOR_SPEED     ; 5              ; Untyped                ;
; AUTO_CARRY_CHAINS      ; ON             ; AUTO_CARRY             ;
; IGNORE_CARRY_BUFFERS   ; OFF            ; IGNORE_CARRY           ;
; AUTO_CASCADE_CHAINS    ; ON             ; AUTO_CASCADE           ;
; IGNORE_CASCADE_BUFFERS ; OFF            ; IGNORE_CASCADE         ;
+------------------------+----------------+------------------------+
Note: In order to hide this table in the UI and the text report file, please set the "Show Parameter Settings in Synthesis Report" option in "Analysis and Synthesis Settings -> More Settings" to "Off".


+------------------------------------------------------------------+
; Parameter Settings for Inferred Entity Instance: lpm_divide:Div2 ;
+------------------------+----------------+------------------------+
; Parameter Name         ; Value          ; Type                   ;
+------------------------+----------------+------------------------+
; LPM_WIDTHN             ; 30             ; Untyped                ;
; LPM_WIDTHD             ; 4              ; Untyped                ;
; LPM_NREPRESENTATION    ; UNSIGNED       ; Untyped                ;
; LPM_DREPRESENTATION    ; UNSIGNED       ; Untyped                ;
; LPM_PIPELINE           ; 0              ; Untyped                ;
; LPM_REMAINDERPOSITIVE  ; TRUE           ; Untyped                ;
; MAXIMIZE_SPEED         ; 5              ; Untyped                ;
; CBXI_PARAMETER         ; lpm_divide_uim ; Untyped                ;
; CARRY_CHAIN            ; MANUAL         ; Untyped                ;
; OPTIMIZE_FOR_SPEED     ; 5              ; Untyped                ;
; AUTO_CARRY_CHAINS      ; ON             ; AUTO_CARRY             ;
; IGNORE_CARRY_BUFFERS   ; OFF            ; IGNORE_CARRY           ;
; AUTO_CASCADE_CHAINS    ; ON             ; AUTO_CASCADE           ;
; IGNORE_CASCADE_BUFFERS ; OFF            ; IGNORE_CASCADE         ;
+------------------------+----------------+------------------------+
Note: In order to hide this table in the UI and the text report file, please set the "Show Parameter Settings in Synthesis Report" option in "Analysis and Synthesis Settings -> More Settings" to "Off".


+------------------------------------------------------------------+
; Parameter Settings for Inferred Entity Instance: lpm_divide:Mod3 ;
+------------------------+----------------+------------------------+
; Parameter Name         ; Value          ; Type                   ;
+------------------------+----------------+------------------------+
; LPM_WIDTHN             ; 30             ; Untyped                ;
; LPM_WIDTHD             ; 4              ; Untyped                ;
; LPM_NREPRESENTATION    ; UNSIGNED       ; Untyped                ;
; LPM_DREPRESENTATION    ; UNSIGNED       ; Untyped                ;
; LPM_PIPELINE           ; 0              ; Untyped                ;
; LPM_REMAINDERPOSITIVE  ; TRUE           ; Untyped                ;
; MAXIMIZE_SPEED         ; 5              ; Untyped                ;
; CBXI_PARAMETER         ; lpm_divide_1bm ; Untyped                ;
; CARRY_CHAIN            ; MANUAL         ; Untyped                ;
; OPTIMIZE_FOR_SPEED     ; 5              ; Untyped                ;
; AUTO_CARRY_CHAINS      ; ON             ; AUTO_CARRY             ;
; IGNORE_CARRY_BUFFERS   ; OFF            ; IGNORE_CARRY           ;
; AUTO_CASCADE_CHAINS    ; ON             ; AUTO_CASCADE           ;
; IGNORE_CASCADE_BUFFERS ; OFF            ; IGNORE_CASCADE         ;
+------------------------+----------------+------------------------+
Note: In order to hide this table in the UI and the text report file, please set the "Show Parameter Settings in Synthesis Report" option in "Analysis and Synthesis Settings -> More Settings" to "Off".


+------------------------------------------------------------------+
; Parameter Settings for Inferred Entity Instance: lpm_divide:Mod2 ;
+------------------------+----------------+------------------------+
; Parameter Name         ; Value          ; Type                   ;
+------------------------+----------------+------------------------+
; LPM_WIDTHN             ; 30             ; Untyped                ;
; LPM_WIDTHD             ; 4              ; Untyped                ;
; LPM_NREPRESENTATION    ; UNSIGNED       ; Untyped                ;
; LPM_DREPRESENTATION    ; UNSIGNED       ; Untyped                ;
; LPM_PIPELINE           ; 0              ; Untyped                ;
; LPM_REMAINDERPOSITIVE  ; TRUE           ; Untyped                ;
; MAXIMIZE_SPEED         ; 5              ; Untyped                ;
; CBXI_PARAMETER         ; lpm_divide_1bm ; Untyped                ;
; CARRY_CHAIN            ; MANUAL         ; Untyped                ;
; OPTIMIZE_FOR_SPEED     ; 5              ; Untyped                ;
; AUTO_CARRY_CHAINS      ; ON             ; AUTO_CARRY             ;
; IGNORE_CARRY_BUFFERS   ; OFF            ; IGNORE_CARRY           ;
; AUTO_CASCADE_CHAINS    ; ON             ; AUTO_CASCADE           ;
; IGNORE_CASCADE_BUFFERS ; OFF            ; IGNORE_CASCADE         ;
+------------------------+----------------+------------------------+
Note: In order to hide this table in the UI and the text report file, please set the "Show Parameter Settings in Synthesis Report" option in "Analysis and Synthesis Settings -> More Settings" to "Off".


+-------------------------------------------------------------------------------------+
; Parameter Settings for Inferred Entity Instance: lpm_mult:Mult0                     ;
+------------------------------------------------+--------------+---------------------+
; Parameter Name                                 ; Value        ; Type                ;
+------------------------------------------------+--------------+---------------------+
; AUTO_CARRY_CHAINS                              ; ON           ; AUTO_CARRY          ;
; IGNORE_CARRY_BUFFERS                           ; OFF          ; IGNORE_CARRY        ;
; AUTO_CASCADE_CHAINS                            ; ON           ; AUTO_CASCADE        ;
; IGNORE_CASCADE_BUFFERS                         ; OFF          ; IGNORE_CASCADE      ;
; LPM_WIDTHA                                     ; 30           ; Untyped             ;
; LPM_WIDTHB                                     ; 4            ; Untyped             ;
; LPM_WIDTHP                                     ; 34           ; Untyped             ;
; LPM_WIDTHR                                     ; 34           ; Untyped             ;
; LPM_WIDTHS                                     ; 1            ; Untyped             ;
; LPM_REPRESENTATION                             ; UNSIGNED     ; Untyped             ;
; LPM_PIPELINE                                   ; 0            ; Untyped             ;
; LATENCY                                        ; 0            ; Untyped             ;
; INPUT_A_IS_CONSTANT                            ; NO           ; Untyped             ;
; INPUT_B_IS_CONSTANT                            ; NO           ; Untyped             ;
; USE_EAB                                        ; OFF          ; Untyped             ;
; MAXIMIZE_SPEED                                 ; 5            ; Untyped             ;
; DEVICE_FAMILY                                  ; Cyclone IV E ; Untyped             ;
; CARRY_CHAIN                                    ; MANUAL       ; Untyped             ;
; APEX20K_TECHNOLOGY_MAPPER                      ; LUT          ; TECH_MAPPER_APEX20K ;
; DEDICATED_MULTIPLIER_CIRCUITRY                 ; AUTO         ; Untyped             ;
; DEDICATED_MULTIPLIER_MIN_INPUT_WIDTH_FOR_AUTO  ; 0            ; Untyped             ;
; DEDICATED_MULTIPLIER_MIN_OUTPUT_WIDTH_FOR_AUTO ; 0            ; Untyped             ;
; CBXI_PARAMETER                                 ; mult_hbt     ; Untyped             ;
; INPUT_A_FIXED_VALUE                            ; Bx           ; Untyped             ;
; INPUT_B_FIXED_VALUE                            ; Bx           ; Untyped             ;
; USE_AHDL_IMPLEMENTATION                        ; OFF          ; Untyped             ;
+------------------------------------------------+--------------+---------------------+
Note: In order to hide this table in the UI and the text report file, please set the "Show Parameter Settings in Synthesis Report" option in "Analysis and Synthesis Settings -> More Settings" to "Off".


+--------------------------------------------------------+
; lpm_mult Parameter Settings by Entity Instance         ;
+---------------------------------------+----------------+
; Name                                  ; Value          ;
+---------------------------------------+----------------+
; Number of entity instances            ; 1              ;
; Entity Instance                       ; lpm_mult:Mult0 ;
;     -- LPM_WIDTHA                     ; 30             ;
;     -- LPM_WIDTHB                     ; 4              ;
;     -- LPM_WIDTHP                     ; 34             ;
;     -- LPM_REPRESENTATION             ; UNSIGNED       ;
;     -- INPUT_A_IS_CONSTANT            ; NO             ;
;     -- INPUT_B_IS_CONSTANT            ; NO             ;
;     -- USE_EAB                        ; OFF            ;
;     -- DEDICATED_MULTIPLIER_CIRCUITRY ; AUTO           ;
;     -- INPUT_A_FIXED_VALUE            ; Bx             ;
;     -- INPUT_B_FIXED_VALUE            ; Bx             ;
+---------------------------------------+----------------+


+-------------------------------+
; Elapsed Time Per Partition    ;
+----------------+--------------+
; Partition Name ; Elapsed Time ;
+----------------+--------------+
; Top            ; 00:00:02     ;
+----------------+--------------+


+-------------------------------+
; Analysis & Synthesis Messages ;
+-------------------------------+
Info: *******************************************************************
Info: Running Quartus II 64-Bit Analysis & Synthesis
    Info: Version 13.0.1 Build 232 06/12/2013 Service Pack 1 SJ Web Edition
    Info: Processing started: Sat Jul 19 20:26:58 2025
Info: Command: quartus_map --read_settings_files=on --write_settings_files=off exponent_multiplier -c exponent_multiplier
Warning (20028): Parallel compilation is not licensed and has been disabled
Warning (12125): Using design file exponent_multiplier.v, which is not specified as a design file for the current project, but contains definitions for 1 design units and 1 entities in project
    Info (12023): Found entity 1: exponent_multiplier
Info (12127): Elaborating entity "exponent_multiplier" for the top level hierarchy
Warning (10230): Verilog HDL assignment warning at exponent_multiplier.v(95): truncated value with size 32 to match size of target (4)
Warning (10230): Verilog HDL assignment warning at exponent_multiplier.v(109): truncated value with size 32 to match size of target (3)
Info (278001): Inferred 10 megafunctions from design logic
    Info (278004): Inferred divider/modulo megafunction ("lpm_divide") from the following logic: "Mod0"
    Info (278004): Inferred divider/modulo megafunction ("lpm_divide") from the following logic: "Mod1"
    Info (278004): Inferred divider/modulo megafunction ("lpm_divide") from the following logic: "Div4"
    Info (278004): Inferred divider/modulo megafunction ("lpm_divide") from the following logic: "Mod5"
    Info (278004): Inferred divider/modulo megafunction ("lpm_divide") from the following logic: "Div3"
    Info (278004): Inferred divider/modulo megafunction ("lpm_divide") from the following logic: "Mod4"
    Info (278004): Inferred divider/modulo megafunction ("lpm_divide") from the following logic: "Div2"
    Info (278004): Inferred divider/modulo megafunction ("lpm_divide") from the following logic: "Mod3"
    Info (278004): Inferred divider/modulo megafunction ("lpm_divide") from the following logic: "Mod2"
    Info (278003): Inferred multiplier megafunction ("lpm_mult") from the following logic: "Mult0"
Info (12130): Elaborated megafunction instantiation "lpm_divide:Mod0"
Info (12133): Instantiated megafunction "lpm_divide:Mod0" with the following parameter:
    Info (12134): Parameter "LPM_WIDTHN" = "4"
    Info (12134): Parameter "LPM_WIDTHD" = "4"
    Info (12134): Parameter "LPM_NREPRESENTATION" = "UNSIGNED"
    Info (12134): Parameter "LPM_DREPRESENTATION" = "UNSIGNED"
Info (12021): Found 1 design units, including 1 entities, in source file db/lpm_divide_i9m.tdf
    Info (12023): Found entity 1: lpm_divide_i9m
Info (12021): Found 1 design units, including 1 entities, in source file db/sign_div_unsign_7kh.tdf
    Info (12023): Found entity 1: sign_div_unsign_7kh
Info (12021): Found 1 design units, including 1 entities, in source file db/alt_u_div_24f.tdf
    Info (12023): Found entity 1: alt_u_div_24f
Info (12021): Found 1 design units, including 1 entities, in source file db/add_sub_7pc.tdf
    Info (12023): Found entity 1: add_sub_7pc
Info (12021): Found 1 design units, including 1 entities, in source file db/add_sub_8pc.tdf
    Info (12023): Found entity 1: add_sub_8pc
Info (12130): Elaborated megafunction instantiation "lpm_divide:Div4"
Info (12133): Instantiated megafunction "lpm_divide:Div4" with the following parameter:
    Info (12134): Parameter "LPM_WIDTHN" = "30"
    Info (12134): Parameter "LPM_WIDTHD" = "10"
    Info (12134): Parameter "LPM_NREPRESENTATION" = "UNSIGNED"
    Info (12134): Parameter "LPM_DREPRESENTATION" = "UNSIGNED"
Info (12021): Found 1 design units, including 1 entities, in source file db/lpm_divide_bkm.tdf
    Info (12023): Found entity 1: lpm_divide_bkm
Info (12021): Found 1 design units, including 1 entities, in source file db/sign_div_unsign_3nh.tdf
    Info (12023): Found entity 1: sign_div_unsign_3nh
Info (12021): Found 1 design units, including 1 entities, in source file db/alt_u_div_q9f.tdf
    Info (12023): Found entity 1: alt_u_div_q9f
Info (12130): Elaborated megafunction instantiation "lpm_divide:Mod5"
Info (12133): Instantiated megafunction "lpm_divide:Mod5" with the following parameter:
    Info (12134): Parameter "LPM_WIDTHN" = "30"
    Info (12134): Parameter "LPM_WIDTHD" = "4"
    Info (12134): Parameter "LPM_NREPRESENTATION" = "UNSIGNED"
    Info (12134): Parameter "LPM_DREPRESENTATION" = "UNSIGNED"
Info (12021): Found 1 design units, including 1 entities, in source file db/lpm_divide_1bm.tdf
    Info (12023): Found entity 1: lpm_divide_1bm
Info (12021): Found 1 design units, including 1 entities, in source file db/sign_div_unsign_mlh.tdf
    Info (12023): Found entity 1: sign_div_unsign_mlh
Info (12021): Found 1 design units, including 1 entities, in source file db/alt_u_div_07f.tdf
    Info (12023): Found entity 1: alt_u_div_07f
Info (12130): Elaborated megafunction instantiation "lpm_divide:Div3"
Info (12133): Instantiated megafunction "lpm_divide:Div3" with the following parameter:
    Info (12134): Parameter "LPM_WIDTHN" = "30"
    Info (12134): Parameter "LPM_WIDTHD" = "7"
    Info (12134): Parameter "LPM_NREPRESENTATION" = "UNSIGNED"
    Info (12134): Parameter "LPM_DREPRESENTATION" = "UNSIGNED"
Info (12021): Found 1 design units, including 1 entities, in source file db/lpm_divide_1jm.tdf
    Info (12023): Found entity 1: lpm_divide_1jm
Info (12021): Found 1 design units, including 1 entities, in source file db/sign_div_unsign_plh.tdf
    Info (12023): Found entity 1: sign_div_unsign_plh
Info (12021): Found 1 design units, including 1 entities, in source file db/alt_u_div_67f.tdf
    Info (12023): Found entity 1: alt_u_div_67f
Info (12130): Elaborated megafunction instantiation "lpm_divide:Div2"
Info (12133): Instantiated megafunction "lpm_divide:Div2" with the following parameter:
    Info (12134): Parameter "LPM_WIDTHN" = "30"
    Info (12134): Parameter "LPM_WIDTHD" = "4"
    Info (12134): Parameter "LPM_NREPRESENTATION" = "UNSIGNED"
    Info (12134): Parameter "LPM_DREPRESENTATION" = "UNSIGNED"
Info (12021): Found 1 design units, including 1 entities, in source file db/lpm_divide_uim.tdf
    Info (12023): Found entity 1: lpm_divide_uim
Info (12130): Elaborated megafunction instantiation "lpm_mult:Mult0"
Info (12133): Instantiated megafunction "lpm_mult:Mult0" with the following parameter:
    Info (12134): Parameter "LPM_WIDTHA" = "30"
    Info (12134): Parameter "LPM_WIDTHB" = "4"
    Info (12134): Parameter "LPM_WIDTHP" = "34"
    Info (12134): Parameter "LPM_WIDTHR" = "34"
    Info (12134): Parameter "LPM_WIDTHS" = "1"
    Info (12134): Parameter "LPM_REPRESENTATION" = "UNSIGNED"
    Info (12134): Parameter "INPUT_A_IS_CONSTANT" = "NO"
    Info (12134): Parameter "INPUT_B_IS_CONSTANT" = "NO"
    Info (12134): Parameter "MAXIMIZE_SPEED" = "5"
Info (12021): Found 1 design units, including 1 entities, in source file db/mult_hbt.tdf
    Info (12023): Found entity 1: mult_hbt
Warning (14284): Synthesized away the following node(s):
    Warning (14285): Synthesized away the following LCELL buffer node(s):
        Warning (14320): Synthesized away node "lpm_mult:Mult0|mult_hbt:auto_generated|le3a[31]"
        Warning (14320): Synthesized away node "lpm_mult:Mult0|mult_hbt:auto_generated|le5a[30]"
        Warning (14320): Synthesized away node "lpm_mult:Mult0|mult_hbt:auto_generated|le5a[26]"
Warning (14284): Synthesized away the following node(s):
    Warning (14285): Synthesized away the following LCELL buffer node(s):
        Warning (14320): Synthesized away node "lpm_mult:Mult0|mult_hbt:auto_generated|le3a[30]"
        Warning (14320): Synthesized away node "lpm_mult:Mult0|mult_hbt:auto_generated|le4a[31]"
        Warning (14320): Synthesized away node "lpm_mult:Mult0|mult_hbt:auto_generated|le4a[30]"
        Warning (14320): Synthesized away node "lpm_mult:Mult0|mult_hbt:auto_generated|le4a[29]"
        Warning (14320): Synthesized away node "lpm_mult:Mult0|mult_hbt:auto_generated|le4a[28]"
        Warning (14320): Synthesized away node "lpm_mult:Mult0|mult_hbt:auto_generated|le5a[29]"
        Warning (14320): Synthesized away node "lpm_mult:Mult0|mult_hbt:auto_generated|le5a[28]"
        Warning (14320): Synthesized away node "lpm_mult:Mult0|mult_hbt:auto_generated|le5a[27]"
Info (13014): Ignored 176 buffer(s)
    Info (13016): Ignored 4 CARRY_SUM buffer(s)
    Info (13019): Ignored 172 SOFT buffer(s)
Info (13000): Registers with preset signals will power-up high
Info (13003): DEV_CLRn pin will set, and not reset, register with preset signal due to NOT Gate Push-Back
Warning (13024): Output pins are stuck at VCC or GND
    Warning (13410): Pin "seg_i_A_ten[1]" is stuck at GND
    Warning (13410): Pin "seg_i_A_ten[2]" is stuck at GND
    Warning (13410): Pin "seg_i_A_ten[6]" is stuck at VCC
    Warning (13410): Pin "seg_i_B_ten[1]" is stuck at GND
    Warning (13410): Pin "seg_i_B_ten[2]" is stuck at GND
    Warning (13410): Pin "seg_i_B_ten[6]" is stuck at VCC
Info (286030): Timing-Driven Synthesis is running
Info (17049): 3 registers lost all their fanouts during netlist optimizations.
Info (17016): Found the following redundant logic cells in design
    Info (17048): Logic cell "lpm_divide:Mod5|lpm_divide_1bm:auto_generated|sign_div_unsign_mlh:divider|alt_u_div_07f:divider|add_sub_29_result_int[0]~0"
    Info (17048): Logic cell "lpm_divide:Mod5|lpm_divide_1bm:auto_generated|sign_div_unsign_mlh:divider|alt_u_div_07f:divider|add_sub_12_result_int[0]~10"
    Info (17048): Logic cell "lpm_divide:Mod5|lpm_divide_1bm:auto_generated|sign_div_unsign_mlh:divider|alt_u_div_07f:divider|add_sub_13_result_int[0]~10"
    Info (17048): Logic cell "lpm_divide:Mod5|lpm_divide_1bm:auto_generated|sign_div_unsign_mlh:divider|alt_u_div_07f:divider|add_sub_14_result_int[0]~10"
    Info (17048): Logic cell "lpm_divide:Mod5|lpm_divide_1bm:auto_generated|sign_div_unsign_mlh:divider|alt_u_div_07f:divider|add_sub_15_result_int[0]~10"
    Info (17048): Logic cell "lpm_divide:Mod5|lpm_divide_1bm:auto_generated|sign_div_unsign_mlh:divider|alt_u_div_07f:divider|add_sub_16_result_int[0]~10"
    Info (17048): Logic cell "lpm_divide:Mod5|lpm_divide_1bm:auto_generated|sign_div_unsign_mlh:divider|alt_u_div_07f:divider|add_sub_17_result_int[0]~10"
    Info (17048): Logic cell "lpm_divide:Mod5|lpm_divide_1bm:auto_generated|sign_div_unsign_mlh:divider|alt_u_div_07f:divider|add_sub_18_result_int[0]~10"
    Info (17048): Logic cell "lpm_divide:Mod5|lpm_divide_1bm:auto_generated|sign_div_unsign_mlh:divider|alt_u_div_07f:divider|add_sub_19_result_int[0]~10"
    Info (17048): Logic cell "lpm_divide:Mod5|lpm_divide_1bm:auto_generated|sign_div_unsign_mlh:divider|alt_u_div_07f:divider|add_sub_20_result_int[0]~10"
    Info (17048): Logic cell "lpm_divide:Mod5|lpm_divide_1bm:auto_generated|sign_div_unsign_mlh:divider|alt_u_div_07f:divider|add_sub_21_result_int[0]~10"
    Info (17048): Logic cell "lpm_divide:Mod5|lpm_divide_1bm:auto_generated|sign_div_unsign_mlh:divider|alt_u_div_07f:divider|add_sub_22_result_int[0]~10"
    Info (17048): Logic cell "lpm_divide:Mod5|lpm_divide_1bm:auto_generated|sign_div_unsign_mlh:divider|alt_u_div_07f:divider|add_sub_23_result_int[0]~10"
    Info (17048): Logic cell "lpm_divide:Mod5|lpm_divide_1bm:auto_generated|sign_div_unsign_mlh:divider|alt_u_div_07f:divider|add_sub_24_result_int[0]~10"
    Info (17048): Logic cell "lpm_divide:Mod5|lpm_divide_1bm:auto_generated|sign_div_unsign_mlh:divider|alt_u_div_07f:divider|add_sub_25_result_int[0]~10"
    Info (17048): Logic cell "lpm_divide:Mod5|lpm_divide_1bm:auto_generated|sign_div_unsign_mlh:divider|alt_u_div_07f:divider|add_sub_26_result_int[0]~10"
    Info (17048): Logic cell "lpm_divide:Mod5|lpm_divide_1bm:auto_generated|sign_div_unsign_mlh:divider|alt_u_div_07f:divider|add_sub_27_result_int[0]~10"
    Info (17048): Logic cell "lpm_divide:Mod5|lpm_divide_1bm:auto_generated|sign_div_unsign_mlh:divider|alt_u_div_07f:divider|add_sub_28_result_int[0]~10"
    Info (17048): Logic cell "lpm_divide:Mod4|lpm_divide_1bm:auto_generated|sign_div_unsign_mlh:divider|alt_u_div_07f:divider|add_sub_29_result_int[0]~0"
    Info (17048): Logic cell "lpm_divide:Mod4|lpm_divide_1bm:auto_generated|sign_div_unsign_mlh:divider|alt_u_div_07f:divider|add_sub_9_result_int[0]~10"
    Info (17048): Logic cell "lpm_divide:Mod4|lpm_divide_1bm:auto_generated|sign_div_unsign_mlh:divider|alt_u_div_07f:divider|add_sub_10_result_int[0]~10"
    Info (17048): Logic cell "lpm_divide:Mod4|lpm_divide_1bm:auto_generated|sign_div_unsign_mlh:divider|alt_u_div_07f:divider|add_sub_11_result_int[0]~10"
    Info (17048): Logic cell "lpm_divide:Mod4|lpm_divide_1bm:auto_generated|sign_div_unsign_mlh:divider|alt_u_div_07f:divider|add_sub_12_result_int[0]~10"
    Info (17048): Logic cell "lpm_divide:Mod4|lpm_divide_1bm:auto_generated|sign_div_unsign_mlh:divider|alt_u_div_07f:divider|add_sub_13_result_int[0]~10"
    Info (17048): Logic cell "lpm_divide:Mod4|lpm_divide_1bm:auto_generated|sign_div_unsign_mlh:divider|alt_u_div_07f:divider|add_sub_14_result_int[0]~10"
    Info (17048): Logic cell "lpm_divide:Mod4|lpm_divide_1bm:auto_generated|sign_div_unsign_mlh:divider|alt_u_div_07f:divider|add_sub_15_result_int[0]~10"
    Info (17048): Logic cell "lpm_divide:Mod4|lpm_divide_1bm:auto_generated|sign_div_unsign_mlh:divider|alt_u_div_07f:divider|add_sub_16_result_int[0]~10"
    Info (17048): Logic cell "lpm_divide:Mod4|lpm_divide_1bm:auto_generated|sign_div_unsign_mlh:divider|alt_u_div_07f:divider|add_sub_17_result_int[0]~10"
    Info (17048): Logic cell "lpm_divide:Mod4|lpm_divide_1bm:auto_generated|sign_div_unsign_mlh:divider|alt_u_div_07f:divider|add_sub_18_result_int[0]~10"
    Info (17048): Logic cell "lpm_divide:Mod4|lpm_divide_1bm:auto_generated|sign_div_unsign_mlh:divider|alt_u_div_07f:divider|add_sub_19_result_int[0]~10"
    Info (17048): Logic cell "lpm_divide:Mod4|lpm_divide_1bm:auto_generated|sign_div_unsign_mlh:divider|alt_u_div_07f:divider|add_sub_20_result_int[0]~10"
    Info (17048): Logic cell "lpm_divide:Mod4|lpm_divide_1bm:auto_generated|sign_div_unsign_mlh:divider|alt_u_div_07f:divider|add_sub_21_result_int[0]~10"
    Info (17048): Logic cell "lpm_divide:Mod4|lpm_divide_1bm:auto_generated|sign_div_unsign_mlh:divider|alt_u_div_07f:divider|add_sub_22_result_int[0]~10"
    Info (17048): Logic cell "lpm_divide:Mod4|lpm_divide_1bm:auto_generated|sign_div_unsign_mlh:divider|alt_u_div_07f:divider|add_sub_23_result_int[0]~10"
    Info (17048): Logic cell "lpm_divide:Mod4|lpm_divide_1bm:auto_generated|sign_div_unsign_mlh:divider|alt_u_div_07f:divider|add_sub_24_result_int[0]~10"
    Info (17048): Logic cell "lpm_divide:Mod4|lpm_divide_1bm:auto_generated|sign_div_unsign_mlh:divider|alt_u_div_07f:divider|add_sub_25_result_int[0]~10"
    Info (17048): Logic cell "lpm_divide:Mod4|lpm_divide_1bm:auto_generated|sign_div_unsign_mlh:divider|alt_u_div_07f:divider|add_sub_26_result_int[0]~10"
    Info (17048): Logic cell "lpm_divide:Mod4|lpm_divide_1bm:auto_generated|sign_div_unsign_mlh:divider|alt_u_div_07f:divider|add_sub_27_result_int[0]~10"
    Info (17048): Logic cell "lpm_divide:Mod4|lpm_divide_1bm:auto_generated|sign_div_unsign_mlh:divider|alt_u_div_07f:divider|add_sub_28_result_int[0]~10"
    Info (17048): Logic cell "lpm_divide:Mod3|lpm_divide_1bm:auto_generated|sign_div_unsign_mlh:divider|alt_u_div_07f:divider|add_sub_29_result_int[0]~0"
    Info (17048): Logic cell "lpm_divide:Mod3|lpm_divide_1bm:auto_generated|sign_div_unsign_mlh:divider|alt_u_div_07f:divider|add_sub_6_result_int[0]~10"
    Info (17048): Logic cell "lpm_divide:Mod3|lpm_divide_1bm:auto_generated|sign_div_unsign_mlh:divider|alt_u_div_07f:divider|add_sub_7_result_int[0]~10"
    Info (17048): Logic cell "lpm_divide:Mod3|lpm_divide_1bm:auto_generated|sign_div_unsign_mlh:divider|alt_u_div_07f:divider|add_sub_8_result_int[0]~10"
    Info (17048): Logic cell "lpm_divide:Mod3|lpm_divide_1bm:auto_generated|sign_div_unsign_mlh:divider|alt_u_div_07f:divider|add_sub_9_result_int[0]~10"
    Info (17048): Logic cell "lpm_divide:Mod3|lpm_divide_1bm:auto_generated|sign_div_unsign_mlh:divider|alt_u_div_07f:divider|add_sub_10_result_int[0]~10"
    Info (17048): Logic cell "lpm_divide:Mod3|lpm_divide_1bm:auto_generated|sign_div_unsign_mlh:divider|alt_u_div_07f:divider|add_sub_11_result_int[0]~10"
    Info (17048): Logic cell "lpm_divide:Mod3|lpm_divide_1bm:auto_generated|sign_div_unsign_mlh:divider|alt_u_div_07f:divider|add_sub_12_result_int[0]~10"
    Info (17048): Logic cell "lpm_divide:Mod3|lpm_divide_1bm:auto_generated|sign_div_unsign_mlh:divider|alt_u_div_07f:divider|add_sub_13_result_int[0]~10"
    Info (17048): Logic cell "lpm_divide:Mod3|lpm_divide_1bm:auto_generated|sign_div_unsign_mlh:divider|alt_u_div_07f:divider|add_sub_14_result_int[0]~10"
    Info (17048): Logic cell "lpm_divide:Mod3|lpm_divide_1bm:auto_generated|sign_div_unsign_mlh:divider|alt_u_div_07f:divider|add_sub_15_result_int[0]~10"
    Info (17048): Logic cell "lpm_divide:Mod3|lpm_divide_1bm:auto_generated|sign_div_unsign_mlh:divider|alt_u_div_07f:divider|add_sub_16_result_int[0]~10"
    Info (17048): Logic cell "lpm_divide:Mod3|lpm_divide_1bm:auto_generated|sign_div_unsign_mlh:divider|alt_u_div_07f:divider|add_sub_17_result_int[0]~10"
    Info (17048): Logic cell "lpm_divide:Mod3|lpm_divide_1bm:auto_generated|sign_div_unsign_mlh:divider|alt_u_div_07f:divider|add_sub_18_result_int[0]~10"
    Info (17048): Logic cell "lpm_divide:Mod3|lpm_divide_1bm:auto_generated|sign_div_unsign_mlh:divider|alt_u_div_07f:divider|add_sub_19_result_int[0]~10"
    Info (17048): Logic cell "lpm_divide:Mod3|lpm_divide_1bm:auto_generated|sign_div_unsign_mlh:divider|alt_u_div_07f:divider|add_sub_20_result_int[0]~10"
    Info (17048): Logic cell "lpm_divide:Mod3|lpm_divide_1bm:auto_generated|sign_div_unsign_mlh:divider|alt_u_div_07f:divider|add_sub_21_result_int[0]~10"
    Info (17048): Logic cell "lpm_divide:Mod3|lpm_divide_1bm:auto_generated|sign_div_unsign_mlh:divider|alt_u_div_07f:divider|add_sub_22_result_int[0]~10"
    Info (17048): Logic cell "lpm_divide:Mod3|lpm_divide_1bm:auto_generated|sign_div_unsign_mlh:divider|alt_u_div_07f:divider|add_sub_23_result_int[0]~10"
    Info (17048): Logic cell "lpm_divide:Mod3|lpm_divide_1bm:auto_generated|sign_div_unsign_mlh:divider|alt_u_div_07f:divider|add_sub_24_result_int[0]~10"
    Info (17048): Logic cell "lpm_divide:Mod3|lpm_divide_1bm:auto_generated|sign_div_unsign_mlh:divider|alt_u_div_07f:divider|add_sub_25_result_int[0]~10"
    Info (17048): Logic cell "lpm_divide:Mod3|lpm_divide_1bm:auto_generated|sign_div_unsign_mlh:divider|alt_u_div_07f:divider|add_sub_26_result_int[0]~10"
    Info (17048): Logic cell "lpm_divide:Mod3|lpm_divide_1bm:auto_generated|sign_div_unsign_mlh:divider|alt_u_div_07f:divider|add_sub_27_result_int[0]~10"
    Info (17048): Logic cell "lpm_divide:Mod3|lpm_divide_1bm:auto_generated|sign_div_unsign_mlh:divider|alt_u_div_07f:divider|add_sub_28_result_int[0]~10"
Info (16010): Generating hard_block partition "hard_block:auto_generated_inst"
    Info (16011): Adding 0 node(s), including 0 DDIO, 0 PLL, 0 transceiver and 0 LCELL
Info (21057): Implemented 3141 device resources after synthesis - the final resource count might be different
    Info (21058): Implemented 13 input pins
    Info (21059): Implemented 88 output pins
    Info (21061): Implemented 3040 logic cells
Info: Quartus II 64-Bit Analysis & Synthesis was successful. 0 errors, 26 warnings
    Info: Peak virtual memory: 4644 megabytes
    Info: Processing ended: Sat Jul 19 20:27:02 2025
    Info: Elapsed time: 00:00:04
    Info: Total CPU time (on all processors): 00:00:02


