Analysis & Synthesis report for quadratic_sequence
Thu Jun 05 20:26:38 2025
Quartus II 64-Bit Version 13.0.1 Build 232 06/12/2013 Service Pack 1 SJ Web Edition


---------------------
; Table of Contents ;
---------------------
  1. Legal Notice
  2. Analysis & Synthesis Summary
  3. Analysis & Synthesis Settings
  4. Parallel Compilation
  5. Analysis & Synthesis Source Files Read
  6. Analysis & Synthesis Resource Usage Summary
  7. Analysis & Synthesis Resource Utilization by Entity
  8. State Machine - |quadratic_sequence|current_state
  9. Registers Removed During Synthesis
 10. General Register Statistics
 11. Multiplexer Restructuring Statistics (Restructuring Performed)
 12. Parameter Settings for User Entity Instance: Top-level Entity: |quadratic_sequence
 13. Parameter Settings for Inferred Entity Instance: lpm_mult:Mult1
 14. Parameter Settings for Inferred Entity Instance: lpm_mult:Mult0
 15. Parameter Settings for Inferred Entity Instance: lpm_divide:Div0
 16. Parameter Settings for Inferred Entity Instance: lpm_divide:Div1
 17. Parameter Settings for Inferred Entity Instance: lpm_divide:Div2
 18. lpm_mult Parameter Settings by Entity Instance
 19. Port Connectivity Checks: "led_display:display_C"
 20. Port Connectivity Checks: "led_display:display_B"
 21. Port Connectivity Checks: "led_display:display_A"
 22. Port Connectivity Checks: "led_display:display_data"
 23. Elapsed Time Per Partition
 24. Analysis & Synthesis Messages
 25. Analysis & Synthesis Suppressed Messages



----------------
; Legal Notice ;
----------------
Copyright (C) 1991-2013 Altera Corporation
Your use of Altera Corporation's design tools, logic functions 
and other software and tools, and its AMPP partner logic 
functions, and any output files from any of the foregoing 
(including device programming or simulation files), and any 
associated documentation or information are expressly subject 
to the terms and conditions of the Altera Program License 
Subscription Agreement, Altera MegaCore Function License 
Agreement, or other applicable license agreement, including, 
without limitation, that your use is for the sole purpose of 
programming logic devices manufactured by Altera and sold by 
Altera or its authorized distributors.  Please refer to the 
applicable agreement for further details.



+--------------------------------------------------------------------------------------+
; Analysis & Synthesis Summary                                                         ;
+------------------------------------+-------------------------------------------------+
; Analysis & Synthesis Status        ; Successful - Thu Jun 05 20:26:38 2025           ;
; Quartus II 64-Bit Version          ; 13.0.1 Build 232 06/12/2013 SP 1 SJ Web Edition ;
; Revision Name                      ; quadratic_sequence                              ;
; Top-level Entity Name              ; quadratic_sequence                              ;
; Family                             ; Cyclone IV E                                    ;
; Total logic elements               ; 1,192                                           ;
;     Total combinational functions  ; 1,181                                           ;
;     Dedicated logic registers      ; 60                                              ;
; Total registers                    ; 60                                              ;
; Total pins                         ; 67                                              ;
; Total virtual pins                 ; 0                                               ;
; Total memory bits                  ; 0                                               ;
; Embedded Multiplier 9-bit elements ; 0                                               ;
; Total PLLs                         ; 0                                               ;
+------------------------------------+-------------------------------------------------+


+----------------------------------------------------------------------------------------------------------------------+
; Analysis & Synthesis Settings                                                                                        ;
+----------------------------------------------------------------------------+--------------------+--------------------+
; Option                                                                     ; Setting            ; Default Value      ;
+----------------------------------------------------------------------------+--------------------+--------------------+
; Device                                                                     ; EP4CE115F29C7      ;                    ;
; Top-level entity name                                                      ; quadratic_sequence ; quadratic_sequence ;
; Family name                                                                ; Cyclone IV E       ; Cyclone IV GX      ;
; Use smart compilation                                                      ; Off                ; Off                ;
; Enable parallel Assembler and TimeQuest Timing Analyzer during compilation ; On                 ; On                 ;
; Enable compact report table                                                ; Off                ; Off                ;
; Restructure Multiplexers                                                   ; Auto               ; Auto               ;
; Create Debugging Nodes for IP Cores                                        ; Off                ; Off                ;
; Preserve fewer node names                                                  ; On                 ; On                 ;
; Disable OpenCore Plus hardware evaluation                                  ; Off                ; Off                ;
; Verilog Version                                                            ; Verilog_2001       ; Verilog_2001       ;
; VHDL Version                                                               ; VHDL_1993          ; VHDL_1993          ;
; State Machine Processing                                                   ; Auto               ; Auto               ;
; Safe State Machine                                                         ; Off                ; Off                ;
; Extract Verilog State Machines                                             ; On                 ; On                 ;
; Extract VHDL State Machines                                                ; On                 ; On                 ;
; Ignore Verilog initial constructs                                          ; Off                ; Off                ;
; Iteration limit for constant Verilog loops                                 ; 5000               ; 5000               ;
; Iteration limit for non-constant Verilog loops                             ; 250                ; 250                ;
; Add Pass-Through Logic to Inferred RAMs                                    ; On                 ; On                 ;
; Infer RAMs from Raw Logic                                                  ; On                 ; On                 ;
; Parallel Synthesis                                                         ; On                 ; On                 ;
; DSP Block Balancing                                                        ; Auto               ; Auto               ;
; NOT Gate Push-Back                                                         ; On                 ; On                 ;
; Power-Up Don't Care                                                        ; On                 ; On                 ;
; Remove Redundant Logic Cells                                               ; Off                ; Off                ;
; Remove Duplicate Registers                                                 ; On                 ; On                 ;
; Ignore CARRY Buffers                                                       ; Off                ; Off                ;
; Ignore CASCADE Buffers                                                     ; Off                ; Off                ;
; Ignore GLOBAL Buffers                                                      ; Off                ; Off                ;
; Ignore ROW GLOBAL Buffers                                                  ; Off                ; Off                ;
; Ignore LCELL Buffers                                                       ; Off                ; Off                ;
; Ignore SOFT Buffers                                                        ; On                 ; On                 ;
; Limit AHDL Integers to 32 Bits                                             ; Off                ; Off                ;
; Optimization Technique                                                     ; Balanced           ; Balanced           ;
; Carry Chain Length                                                         ; 70                 ; 70                 ;
; Auto Carry Chains                                                          ; On                 ; On                 ;
; Auto Open-Drain Pins                                                       ; On                 ; On                 ;
; Perform WYSIWYG Primitive Resynthesis                                      ; Off                ; Off                ;
; Auto ROM Replacement                                                       ; On                 ; On                 ;
; Auto RAM Replacement                                                       ; On                 ; On                 ;
; Auto DSP Block Replacement                                                 ; On                 ; On                 ;
; Auto Shift Register Replacement                                            ; Auto               ; Auto               ;
; Allow Shift Register Merging across Hierarchies                            ; Auto               ; Auto               ;
; Auto Clock Enable Replacement                                              ; On                 ; On                 ;
; Strict RAM Replacement                                                     ; Off                ; Off                ;
; Allow Synchronous Control Signals                                          ; On                 ; On                 ;
; Force Use of Synchronous Clear Signals                                     ; Off                ; Off                ;
; Auto RAM Block Balancing                                                   ; On                 ; On                 ;
; Auto RAM to Logic Cell Conversion                                          ; Off                ; Off                ;
; Auto Resource Sharing                                                      ; Off                ; Off                ;
; Allow Any RAM Size For Recognition                                         ; Off                ; Off                ;
; Allow Any ROM Size For Recognition                                         ; Off                ; Off                ;
; Allow Any Shift Register Size For Recognition                              ; Off                ; Off                ;
; Use LogicLock Constraints during Resource Balancing                        ; On                 ; On                 ;
; Ignore translate_off and synthesis_off directives                          ; Off                ; Off                ;
; Timing-Driven Synthesis                                                    ; On                 ; On                 ;
; Report Parameter Settings                                                  ; On                 ; On                 ;
; Report Source Assignments                                                  ; On                 ; On                 ;
; Report Connectivity Checks                                                 ; On                 ; On                 ;
; Ignore Maximum Fan-Out Assignments                                         ; Off                ; Off                ;
; Synchronization Register Chain Length                                      ; 2                  ; 2                  ;
; PowerPlay Power Optimization                                               ; Normal compilation ; Normal compilation ;
; HDL message level                                                          ; Level2             ; Level2             ;
; Suppress Register Optimization Related Messages                            ; Off                ; Off                ;
; Number of Removed Registers Reported in Synthesis Report                   ; 5000               ; 5000               ;
; Number of Swept Nodes Reported in Synthesis Report                         ; 5000               ; 5000               ;
; Number of Inverted Registers Reported in Synthesis Report                  ; 100                ; 100                ;
; Clock MUX Protection                                                       ; On                 ; On                 ;
; Auto Gated Clock Conversion                                                ; Off                ; Off                ;
; Block Design Naming                                                        ; Auto               ; Auto               ;
; SDC constraint protection                                                  ; Off                ; Off                ;
; Synthesis Effort                                                           ; Auto               ; Auto               ;
; Shift Register Replacement - Allow Asynchronous Clear Signal               ; On                 ; On                 ;
; Pre-Mapping Resynthesis Optimization                                       ; Off                ; Off                ;
; Analysis & Synthesis Message Level                                         ; Medium             ; Medium             ;
; Disable Register Merging Across Hierarchies                                ; Auto               ; Auto               ;
; Resource Aware Inference For Block RAM                                     ; On                 ; On                 ;
; Synthesis Seed                                                             ; 1                  ; 1                  ;
+----------------------------------------------------------------------------+--------------------+--------------------+


Parallel compilation was disabled, but you have multiple processors available. Enable parallel compilation to reduce compilation time.
+-------------------------------------+
; Parallel Compilation                ;
+----------------------------+--------+
; Processors                 ; Number ;
+----------------------------+--------+
; Number detected on machine ; 12     ;
; Maximum allowed            ; 1      ;
+----------------------------+--------+


+--------------------------------------------------------------------------------------------------------------------------------------------------------------------------------+
; Analysis & Synthesis Source Files Read                                                                                                                                         ;
+----------------------------------+-----------------+------------------------------+----------------------------------------------------------------------------------+---------+
; File Name with User-Entered Path ; Used in Netlist ; File Type                    ; File Name with Absolute Path                                                     ; Library ;
+----------------------------------+-----------------+------------------------------+----------------------------------------------------------------------------------+---------+
; quadratic_sequence.v             ; yes             ; Auto-Found Verilog HDL File  ; E:/KhoaHoc_TKVM_ACRONICS/Quartus/quadratic_sequence/quadratic_sequence.v         ;         ;
; led_display.v                    ; yes             ; Auto-Found Verilog HDL File  ; E:/KhoaHoc_TKVM_ACRONICS/Quartus/quadratic_sequence/led_display.v                ;         ;
; lpm_mult.tdf                     ; yes             ; Megafunction                 ; d:/quartus_ii_altera/13.0sp1/quartus/libraries/megafunctions/lpm_mult.tdf        ;         ;
; aglobal130.inc                   ; yes             ; Megafunction                 ; d:/quartus_ii_altera/13.0sp1/quartus/libraries/megafunctions/aglobal130.inc      ;         ;
; lpm_add_sub.inc                  ; yes             ; Megafunction                 ; d:/quartus_ii_altera/13.0sp1/quartus/libraries/megafunctions/lpm_add_sub.inc     ;         ;
; multcore.inc                     ; yes             ; Megafunction                 ; d:/quartus_ii_altera/13.0sp1/quartus/libraries/megafunctions/multcore.inc        ;         ;
; bypassff.inc                     ; yes             ; Megafunction                 ; d:/quartus_ii_altera/13.0sp1/quartus/libraries/megafunctions/bypassff.inc        ;         ;
; altshift.inc                     ; yes             ; Megafunction                 ; d:/quartus_ii_altera/13.0sp1/quartus/libraries/megafunctions/altshift.inc        ;         ;
; db/mult_r2t.tdf                  ; yes             ; Auto-Generated Megafunction  ; E:/KhoaHoc_TKVM_ACRONICS/Quartus/quadratic_sequence/db/mult_r2t.tdf              ;         ;
; db/mult_g1t.tdf                  ; yes             ; Auto-Generated Megafunction  ; E:/KhoaHoc_TKVM_ACRONICS/Quartus/quadratic_sequence/db/mult_g1t.tdf              ;         ;
; lpm_divide.tdf                   ; yes             ; Megafunction                 ; d:/quartus_ii_altera/13.0sp1/quartus/libraries/megafunctions/lpm_divide.tdf      ;         ;
; abs_divider.inc                  ; yes             ; Megafunction                 ; d:/quartus_ii_altera/13.0sp1/quartus/libraries/megafunctions/abs_divider.inc     ;         ;
; sign_div_unsign.inc              ; yes             ; Megafunction                 ; d:/quartus_ii_altera/13.0sp1/quartus/libraries/megafunctions/sign_div_unsign.inc ;         ;
; db/lpm_divide_p0p.tdf            ; yes             ; Auto-Generated Megafunction  ; E:/KhoaHoc_TKVM_ACRONICS/Quartus/quadratic_sequence/db/lpm_divide_p0p.tdf        ;         ;
; db/abs_divider_kbg.tdf           ; yes             ; Auto-Generated Megafunction  ; E:/KhoaHoc_TKVM_ACRONICS/Quartus/quadratic_sequence/db/abs_divider_kbg.tdf       ;         ;
; db/alt_u_div_67f.tdf             ; yes             ; Auto-Generated Megafunction  ; E:/KhoaHoc_TKVM_ACRONICS/Quartus/quadratic_sequence/db/alt_u_div_67f.tdf         ;         ;
; db/add_sub_7pc.tdf               ; yes             ; Auto-Generated Megafunction  ; E:/KhoaHoc_TKVM_ACRONICS/Quartus/quadratic_sequence/db/add_sub_7pc.tdf           ;         ;
; db/add_sub_8pc.tdf               ; yes             ; Auto-Generated Megafunction  ; E:/KhoaHoc_TKVM_ACRONICS/Quartus/quadratic_sequence/db/add_sub_8pc.tdf           ;         ;
; db/lpm_abs_2v9.tdf               ; yes             ; Auto-Generated Megafunction  ; E:/KhoaHoc_TKVM_ACRONICS/Quartus/quadratic_sequence/db/lpm_abs_2v9.tdf           ;         ;
; db/lpm_abs_i0a.tdf               ; yes             ; Auto-Generated Megafunction  ; E:/KhoaHoc_TKVM_ACRONICS/Quartus/quadratic_sequence/db/lpm_abs_i0a.tdf           ;         ;
+----------------------------------+-----------------+------------------------------+----------------------------------------------------------------------------------+---------+


+------------------------------------------------------------+
; Analysis & Synthesis Resource Usage Summary                ;
+---------------------------------------------+--------------+
; Resource                                    ; Usage        ;
+---------------------------------------------+--------------+
; Estimated Total logic elements              ; 1,192        ;
;                                             ;              ;
; Total combinational functions               ; 1181         ;
; Logic element usage by number of LUT inputs ;              ;
;     -- 4 input functions                    ; 275          ;
;     -- 3 input functions                    ; 530          ;
;     -- <=2 input functions                  ; 376          ;
;                                             ;              ;
; Logic elements by mode                      ;              ;
;     -- normal mode                          ; 696          ;
;     -- arithmetic mode                      ; 485          ;
;                                             ;              ;
; Total registers                             ; 60           ;
;     -- Dedicated logic registers            ; 60           ;
;     -- I/O registers                        ; 0            ;
;                                             ;              ;
; I/O pins                                    ; 67           ;
; Embedded Multiplier 9-bit elements          ; 0            ;
; Maximum fan-out node                        ; led_reg_A[0] ;
; Maximum fan-out                             ; 254          ;
; Total fan-out                               ; 3605         ;
; Average fan-out                             ; 2.62         ;
+---------------------------------------------+--------------+


+-------------------------------------------------------------------------------------------------------------------------------------------------------------------------------------------------------------------------------------------------------------------------------------+
; Analysis & Synthesis Resource Utilization by Entity                                                                                                                                                                                                                                 ;
+---------------------------------------+-------------------+--------------+-------------+--------------+---------+-----------+------+--------------+------------------------------------------------------------------------------------------------------------------+--------------+
; Compilation Hierarchy Node            ; LC Combinationals ; LC Registers ; Memory Bits ; DSP Elements ; DSP 9x9 ; DSP 18x18 ; Pins ; Virtual Pins ; Full Hierarchy Name                                                                                              ; Library Name ;
+---------------------------------------+-------------------+--------------+-------------+--------------+---------+-----------+------+--------------+------------------------------------------------------------------------------------------------------------------+--------------+
; |quadratic_sequence                   ; 1181 (111)        ; 60 (60)      ; 0           ; 0            ; 0       ; 0         ; 67   ; 0            ; |quadratic_sequence                                                                                              ; work         ;
;    |led_display:display_A|            ; 8 (8)             ; 0 (0)        ; 0           ; 0            ; 0       ; 0         ; 0    ; 0            ; |quadratic_sequence|led_display:display_A                                                                        ; work         ;
;    |led_display:display_B|            ; 8 (8)             ; 0 (0)        ; 0           ; 0            ; 0       ; 0         ; 0    ; 0            ; |quadratic_sequence|led_display:display_B                                                                        ; work         ;
;    |led_display:display_C|            ; 7 (7)             ; 0 (0)        ; 0           ; 0            ; 0       ; 0         ; 0    ; 0            ; |quadratic_sequence|led_display:display_C                                                                        ; work         ;
;    |led_display:display_data|         ; 7 (7)             ; 0 (0)        ; 0           ; 0            ; 0       ; 0         ; 0    ; 0            ; |quadratic_sequence|led_display:display_data                                                                     ; work         ;
;    |lpm_divide:Div0|                  ; 324 (0)           ; 0 (0)        ; 0           ; 0            ; 0       ; 0         ; 0    ; 0            ; |quadratic_sequence|lpm_divide:Div0                                                                              ; work         ;
;       |lpm_divide_p0p:auto_generated| ; 324 (0)           ; 0 (0)        ; 0           ; 0            ; 0       ; 0         ; 0    ; 0            ; |quadratic_sequence|lpm_divide:Div0|lpm_divide_p0p:auto_generated                                                ; work         ;
;          |abs_divider_kbg:divider|    ; 324 (4)           ; 0 (0)        ; 0           ; 0            ; 0       ; 0         ; 0    ; 0            ; |quadratic_sequence|lpm_divide:Div0|lpm_divide_p0p:auto_generated|abs_divider_kbg:divider                        ; work         ;
;             |alt_u_div_67f:divider|   ; 314 (314)         ; 0 (0)        ; 0           ; 0            ; 0       ; 0         ; 0    ; 0            ; |quadratic_sequence|lpm_divide:Div0|lpm_divide_p0p:auto_generated|abs_divider_kbg:divider|alt_u_div_67f:divider  ; work         ;
;             |lpm_abs_2v9:my_abs_den|  ; 3 (3)             ; 0 (0)        ; 0           ; 0            ; 0       ; 0         ; 0    ; 0            ; |quadratic_sequence|lpm_divide:Div0|lpm_divide_p0p:auto_generated|abs_divider_kbg:divider|lpm_abs_2v9:my_abs_den ; work         ;
;             |lpm_abs_i0a:my_abs_num|  ; 3 (3)             ; 0 (0)        ; 0           ; 0            ; 0       ; 0         ; 0    ; 0            ; |quadratic_sequence|lpm_divide:Div0|lpm_divide_p0p:auto_generated|abs_divider_kbg:divider|lpm_abs_i0a:my_abs_num ; work         ;
;    |lpm_divide:Div1|                  ; 324 (0)           ; 0 (0)        ; 0           ; 0            ; 0       ; 0         ; 0    ; 0            ; |quadratic_sequence|lpm_divide:Div1                                                                              ; work         ;
;       |lpm_divide_p0p:auto_generated| ; 324 (0)           ; 0 (0)        ; 0           ; 0            ; 0       ; 0         ; 0    ; 0            ; |quadratic_sequence|lpm_divide:Div1|lpm_divide_p0p:auto_generated                                                ; work         ;
;          |abs_divider_kbg:divider|    ; 324 (4)           ; 0 (0)        ; 0           ; 0            ; 0       ; 0         ; 0    ; 0            ; |quadratic_sequence|lpm_divide:Div1|lpm_divide_p0p:auto_generated|abs_divider_kbg:divider                        ; work         ;
;             |alt_u_div_67f:divider|   ; 314 (314)         ; 0 (0)        ; 0           ; 0            ; 0       ; 0         ; 0    ; 0            ; |quadratic_sequence|lpm_divide:Div1|lpm_divide_p0p:auto_generated|abs_divider_kbg:divider|alt_u_div_67f:divider  ; work         ;
;             |lpm_abs_i0a:my_abs_num|  ; 6 (6)             ; 0 (0)        ; 0           ; 0            ; 0       ; 0         ; 0    ; 0            ; |quadratic_sequence|lpm_divide:Div1|lpm_divide_p0p:auto_generated|abs_divider_kbg:divider|lpm_abs_i0a:my_abs_num ; work         ;
;    |lpm_divide:Div2|                  ; 324 (0)           ; 0 (0)        ; 0           ; 0            ; 0       ; 0         ; 0    ; 0            ; |quadratic_sequence|lpm_divide:Div2                                                                              ; work         ;
;       |lpm_divide_p0p:auto_generated| ; 324 (0)           ; 0 (0)        ; 0           ; 0            ; 0       ; 0         ; 0    ; 0            ; |quadratic_sequence|lpm_divide:Div2|lpm_divide_p0p:auto_generated                                                ; work         ;
;          |abs_divider_kbg:divider|    ; 324 (4)           ; 0 (0)        ; 0           ; 0            ; 0       ; 0         ; 0    ; 0            ; |quadratic_sequence|lpm_divide:Div2|lpm_divide_p0p:auto_generated|abs_divider_kbg:divider                        ; work         ;
;             |alt_u_div_67f:divider|   ; 314 (314)         ; 0 (0)        ; 0           ; 0            ; 0       ; 0         ; 0    ; 0            ; |quadratic_sequence|lpm_divide:Div2|lpm_divide_p0p:auto_generated|abs_divider_kbg:divider|alt_u_div_67f:divider  ; work         ;
;             |lpm_abs_i0a:my_abs_num|  ; 6 (6)             ; 0 (0)        ; 0           ; 0            ; 0       ; 0         ; 0    ; 0            ; |quadratic_sequence|lpm_divide:Div2|lpm_divide_p0p:auto_generated|abs_divider_kbg:divider|lpm_abs_i0a:my_abs_num ; work         ;
;    |lpm_mult:Mult0|                   ; 29 (0)            ; 0 (0)        ; 0           ; 0            ; 0       ; 0         ; 0    ; 0            ; |quadratic_sequence|lpm_mult:Mult0                                                                               ; work         ;
;       |mult_g1t:auto_generated|       ; 29 (29)           ; 0 (0)        ; 0           ; 0            ; 0       ; 0         ; 0    ; 0            ; |quadratic_sequence|lpm_mult:Mult0|mult_g1t:auto_generated                                                       ; work         ;
;    |lpm_mult:Mult1|                   ; 39 (0)            ; 0 (0)        ; 0           ; 0            ; 0       ; 0         ; 0    ; 0            ; |quadratic_sequence|lpm_mult:Mult1                                                                               ; work         ;
;       |mult_r2t:auto_generated|       ; 39 (39)           ; 0 (0)        ; 0           ; 0            ; 0       ; 0         ; 0    ; 0            ; |quadratic_sequence|lpm_mult:Mult1|mult_r2t:auto_generated                                                       ; work         ;
+---------------------------------------+-------------------+--------------+-------------+--------------+---------+-----------+------+--------------+------------------------------------------------------------------------------------------------------------------+--------------+
Note: For table entries with two numbers listed, the numbers in parentheses indicate the number of resources of the given type used by the specific entity alone. The numbers listed outside of parentheses indicate the total resources of the given type used by the specific entity and all of its sub-entities in the hierarchy.


Encoding Type:  One-Hot
+-----------------------------------------------------------------------------------------------------------------------------------------------------------------------------------------------------------------------------------------------------------------------------------------------+
; State Machine - |quadratic_sequence|current_state                                                                                                                                                                                                                                             ;
+--------------------------+-----------------------+-----------------------+----------------------+----------------------+--------------------------+-------------------------+--------------------------+---------------------+---------------------+---------------------+--------------------+
; Name                     ; current_state.READ_X2 ; current_state.READ_X1 ; current_state.READ_X ; current_state.FINISH ; current_state.CALC_ROOTS ; current_state.CALC_SQRT ; current_state.CALC_DELTA ; current_state.GET_C ; current_state.GET_B ; current_state.GET_A ; current_state.IDLE ;
+--------------------------+-----------------------+-----------------------+----------------------+----------------------+--------------------------+-------------------------+--------------------------+---------------------+---------------------+---------------------+--------------------+
; current_state.IDLE       ; 0                     ; 0                     ; 0                    ; 0                    ; 0                        ; 0                       ; 0                        ; 0                   ; 0                   ; 0                   ; 0                  ;
; current_state.GET_A      ; 0                     ; 0                     ; 0                    ; 0                    ; 0                        ; 0                       ; 0                        ; 0                   ; 0                   ; 1                   ; 1                  ;
; current_state.GET_B      ; 0                     ; 0                     ; 0                    ; 0                    ; 0                        ; 0                       ; 0                        ; 0                   ; 1                   ; 0                   ; 1                  ;
; current_state.GET_C      ; 0                     ; 0                     ; 0                    ; 0                    ; 0                        ; 0                       ; 0                        ; 1                   ; 0                   ; 0                   ; 1                  ;
; current_state.CALC_DELTA ; 0                     ; 0                     ; 0                    ; 0                    ; 0                        ; 0                       ; 1                        ; 0                   ; 0                   ; 0                   ; 1                  ;
; current_state.CALC_SQRT  ; 0                     ; 0                     ; 0                    ; 0                    ; 0                        ; 1                       ; 0                        ; 0                   ; 0                   ; 0                   ; 1                  ;
; current_state.CALC_ROOTS ; 0                     ; 0                     ; 0                    ; 0                    ; 1                        ; 0                       ; 0                        ; 0                   ; 0                   ; 0                   ; 1                  ;
; current_state.FINISH     ; 0                     ; 0                     ; 0                    ; 1                    ; 0                        ; 0                       ; 0                        ; 0                   ; 0                   ; 0                   ; 1                  ;
; current_state.READ_X     ; 0                     ; 0                     ; 1                    ; 0                    ; 0                        ; 0                       ; 0                        ; 0                   ; 0                   ; 0                   ; 1                  ;
; current_state.READ_X1    ; 0                     ; 1                     ; 0                    ; 0                    ; 0                        ; 0                       ; 0                        ; 0                   ; 0                   ; 0                   ; 1                  ;
; current_state.READ_X2    ; 1                     ; 0                     ; 0                    ; 0                    ; 0                        ; 0                       ; 0                        ; 0                   ; 0                   ; 0                   ; 1                  ;
+--------------------------+-----------------------+-----------------------+----------------------+----------------------+--------------------------+-------------------------+--------------------------+---------------------+---------------------+---------------------+--------------------+


+---------------------------------------------------------------------------------+
; Registers Removed During Synthesis                                              ;
+----------------------------------------+----------------------------------------+
; Register name                          ; Reason for Removal                     ;
+----------------------------------------+----------------------------------------+
; delta[10..14]                          ; Merged with delta[15]                  ;
; reg_A[3]                               ; Merged with led_reg_A[3]               ;
; reg_A[2]                               ; Merged with led_reg_A[2]               ;
; reg_A[1]                               ; Merged with led_reg_A[1]               ;
; reg_A[0]                               ; Merged with led_reg_A[0]               ;
; reg_B[3]                               ; Merged with led_reg_B[3]               ;
; reg_B[2]                               ; Merged with led_reg_B[2]               ;
; reg_B[1]                               ; Merged with led_reg_B[1]               ;
; reg_B[0]                               ; Merged with led_reg_B[0]               ;
; reg_C[3]                               ; Merged with led_reg_C[3]               ;
; reg_C[2]                               ; Merged with led_reg_C[2]               ;
; reg_C[1]                               ; Merged with led_reg_C[1]               ;
; reg_C[0]                               ; Merged with led_reg_C[0]               ;
; delta[1]                               ; Stuck at GND due to stuck port data_in ;
; current_state~15                       ; Lost fanout                            ;
; current_state~16                       ; Lost fanout                            ;
; current_state~17                       ; Lost fanout                            ;
; current_state~18                       ; Lost fanout                            ;
; Total Number of Removed Registers = 22 ;                                        ;
+----------------------------------------+----------------------------------------+


+------------------------------------------------------+
; General Register Statistics                          ;
+----------------------------------------------+-------+
; Statistic                                    ; Value ;
+----------------------------------------------+-------+
; Total registers                              ; 60    ;
; Number of registers using Synchronous Clear  ; 2     ;
; Number of registers using Synchronous Load   ; 5     ;
; Number of registers using Asynchronous Clear ; 60    ;
; Number of registers using Asynchronous Load  ; 0     ;
; Number of registers using Clock Enable       ; 46    ;
; Number of registers using Preset             ; 0     ;
+----------------------------------------------+-------+


+----------------------------------------------------------------------------------------------------------------------------------------------+
; Multiplexer Restructuring Statistics (Restructuring Performed)                                                                               ;
+--------------------+-----------+---------------+----------------------+------------------------+------------+--------------------------------+
; Multiplexer Inputs ; Bus Width ; Baseline Area ; Area if Restructured ; Saving if Restructured ; Registered ; Example Multiplexer Output     ;
+--------------------+-----------+---------------+----------------------+------------------------+------------+--------------------------------+
; 3:1                ; 3 bits    ; 6 LEs         ; 3 LEs                ; 3 LEs                  ; Yes        ; |quadratic_sequence|CNT[0]     ;
; 4:1                ; 4 bits    ; 8 LEs         ; 8 LEs                ; 0 LEs                  ; Yes        ; |quadratic_sequence|o_data[3]  ;
; 4:1                ; 3 bits    ; 6 LEs         ; 6 LEs                ; 0 LEs                  ; No         ; |quadratic_sequence|temp_value ;
; 8:1                ; 2 bits    ; 10 LEs        ; 4 LEs                ; 6 LEs                  ; No         ; |quadratic_sequence|Selector9  ;
+--------------------+-----------+---------------+----------------------+------------------------+------------+--------------------------------+


+------------------------------------------------------------------------------------+
; Parameter Settings for User Entity Instance: Top-level Entity: |quadratic_sequence ;
+----------------+-------+-----------------------------------------------------------+
; Parameter Name ; Value ; Type                                                      ;
+----------------+-------+-----------------------------------------------------------+
; IDLE           ; 0000  ; Unsigned Binary                                           ;
; GET_A          ; 0001  ; Unsigned Binary                                           ;
; GET_B          ; 0010  ; Unsigned Binary                                           ;
; GET_C          ; 0011  ; Unsigned Binary                                           ;
; CALC_DELTA     ; 0100  ; Unsigned Binary                                           ;
; CALC_SQRT      ; 0101  ; Unsigned Binary                                           ;
; CALC_ROOTS     ; 0110  ; Unsigned Binary                                           ;
; FINISH         ; 0111  ; Unsigned Binary                                           ;
; READ_X         ; 1000  ; Unsigned Binary                                           ;
; READ_X1        ; 1001  ; Unsigned Binary                                           ;
; READ_X2        ; 1010  ; Unsigned Binary                                           ;
+----------------+-------+-----------------------------------------------------------+
Note: In order to hide this table in the UI and the text report file, please set the "Show Parameter Settings in Synthesis Report" option in "Analysis and Synthesis Settings -> More Settings" to "Off".


+-------------------------------------------------------------------------------------+
; Parameter Settings for Inferred Entity Instance: lpm_mult:Mult1                     ;
+------------------------------------------------+--------------+---------------------+
; Parameter Name                                 ; Value        ; Type                ;
+------------------------------------------------+--------------+---------------------+
; AUTO_CARRY_CHAINS                              ; ON           ; AUTO_CARRY          ;
; IGNORE_CARRY_BUFFERS                           ; OFF          ; IGNORE_CARRY        ;
; AUTO_CASCADE_CHAINS                            ; ON           ; AUTO_CASCADE        ;
; IGNORE_CASCADE_BUFFERS                         ; OFF          ; IGNORE_CASCADE      ;
; LPM_WIDTHA                                     ; 6            ; Untyped             ;
; LPM_WIDTHB                                     ; 4            ; Untyped             ;
; LPM_WIDTHP                                     ; 10           ; Untyped             ;
; LPM_WIDTHR                                     ; 10           ; Untyped             ;
; LPM_WIDTHS                                     ; 1            ; Untyped             ;
; LPM_REPRESENTATION                             ; SIGNED       ; Untyped             ;
; LPM_PIPELINE                                   ; 0            ; Untyped             ;
; LATENCY                                        ; 0            ; Untyped             ;
; INPUT_A_IS_CONSTANT                            ; NO           ; Untyped             ;
; INPUT_B_IS_CONSTANT                            ; NO           ; Untyped             ;
; USE_EAB                                        ; OFF          ; Untyped             ;
; MAXIMIZE_SPEED                                 ; 5            ; Untyped             ;
; DEVICE_FAMILY                                  ; Cyclone IV E ; Untyped             ;
; CARRY_CHAIN                                    ; MANUAL       ; Untyped             ;
; APEX20K_TECHNOLOGY_MAPPER                      ; LUT          ; TECH_MAPPER_APEX20K ;
; DEDICATED_MULTIPLIER_CIRCUITRY                 ; AUTO         ; Untyped             ;
; DEDICATED_MULTIPLIER_MIN_INPUT_WIDTH_FOR_AUTO  ; 0            ; Untyped             ;
; DEDICATED_MULTIPLIER_MIN_OUTPUT_WIDTH_FOR_AUTO ; 0            ; Untyped             ;
; CBXI_PARAMETER                                 ; mult_r2t     ; Untyped             ;
; INPUT_A_FIXED_VALUE                            ; Bx           ; Untyped             ;
; INPUT_B_FIXED_VALUE                            ; Bx           ; Untyped             ;
; USE_AHDL_IMPLEMENTATION                        ; OFF          ; Untyped             ;
+------------------------------------------------+--------------+---------------------+
Note: In order to hide this table in the UI and the text report file, please set the "Show Parameter Settings in Synthesis Report" option in "Analysis and Synthesis Settings -> More Settings" to "Off".


+-------------------------------------------------------------------------------------+
; Parameter Settings for Inferred Entity Instance: lpm_mult:Mult0                     ;
+------------------------------------------------+--------------+---------------------+
; Parameter Name                                 ; Value        ; Type                ;
+------------------------------------------------+--------------+---------------------+
; AUTO_CARRY_CHAINS                              ; ON           ; AUTO_CARRY          ;
; IGNORE_CARRY_BUFFERS                           ; OFF          ; IGNORE_CARRY        ;
; AUTO_CASCADE_CHAINS                            ; ON           ; AUTO_CASCADE        ;
; IGNORE_CASCADE_BUFFERS                         ; OFF          ; IGNORE_CASCADE      ;
; LPM_WIDTHA                                     ; 4            ; Untyped             ;
; LPM_WIDTHB                                     ; 4            ; Untyped             ;
; LPM_WIDTHP                                     ; 8            ; Untyped             ;
; LPM_WIDTHR                                     ; 8            ; Untyped             ;
; LPM_WIDTHS                                     ; 1            ; Untyped             ;
; LPM_REPRESENTATION                             ; SIGNED       ; Untyped             ;
; LPM_PIPELINE                                   ; 0            ; Untyped             ;
; LATENCY                                        ; 0            ; Untyped             ;
; INPUT_A_IS_CONSTANT                            ; NO           ; Untyped             ;
; INPUT_B_IS_CONSTANT                            ; NO           ; Untyped             ;
; USE_EAB                                        ; OFF          ; Untyped             ;
; MAXIMIZE_SPEED                                 ; 5            ; Untyped             ;
; DEVICE_FAMILY                                  ; Cyclone IV E ; Untyped             ;
; CARRY_CHAIN                                    ; MANUAL       ; Untyped             ;
; APEX20K_TECHNOLOGY_MAPPER                      ; LUT          ; TECH_MAPPER_APEX20K ;
; DEDICATED_MULTIPLIER_CIRCUITRY                 ; AUTO         ; Untyped             ;
; DEDICATED_MULTIPLIER_MIN_INPUT_WIDTH_FOR_AUTO  ; 0            ; Untyped             ;
; DEDICATED_MULTIPLIER_MIN_OUTPUT_WIDTH_FOR_AUTO ; 0            ; Untyped             ;
; CBXI_PARAMETER                                 ; mult_g1t     ; Untyped             ;
; INPUT_A_FIXED_VALUE                            ; Bx           ; Untyped             ;
; INPUT_B_FIXED_VALUE                            ; Bx           ; Untyped             ;
; USE_AHDL_IMPLEMENTATION                        ; OFF          ; Untyped             ;
+------------------------------------------------+--------------+---------------------+
Note: In order to hide this table in the UI and the text report file, please set the "Show Parameter Settings in Synthesis Report" option in "Analysis and Synthesis Settings -> More Settings" to "Off".


+------------------------------------------------------------------+
; Parameter Settings for Inferred Entity Instance: lpm_divide:Div0 ;
+------------------------+----------------+------------------------+
; Parameter Name         ; Value          ; Type                   ;
+------------------------+----------------+------------------------+
; LPM_WIDTHN             ; 32             ; Untyped                ;
; LPM_WIDTHD             ; 5              ; Untyped                ;
; LPM_NREPRESENTATION    ; SIGNED         ; Untyped                ;
; LPM_DREPRESENTATION    ; SIGNED         ; Untyped                ;
; LPM_PIPELINE           ; 0              ; Untyped                ;
; LPM_REMAINDERPOSITIVE  ; FALSE          ; Untyped                ;
; MAXIMIZE_SPEED         ; 5              ; Untyped                ;
; CBXI_PARAMETER         ; lpm_divide_p0p ; Untyped                ;
; CARRY_CHAIN            ; MANUAL         ; Untyped                ;
; OPTIMIZE_FOR_SPEED     ; 5              ; Untyped                ;
; AUTO_CARRY_CHAINS      ; ON             ; AUTO_CARRY             ;
; IGNORE_CARRY_BUFFERS   ; OFF            ; IGNORE_CARRY           ;
; AUTO_CASCADE_CHAINS    ; ON             ; AUTO_CASCADE           ;
; IGNORE_CASCADE_BUFFERS ; OFF            ; IGNORE_CASCADE         ;
+------------------------+----------------+------------------------+
Note: In order to hide this table in the UI and the text report file, please set the "Show Parameter Settings in Synthesis Report" option in "Analysis and Synthesis Settings -> More Settings" to "Off".


+------------------------------------------------------------------+
; Parameter Settings for Inferred Entity Instance: lpm_divide:Div1 ;
+------------------------+----------------+------------------------+
; Parameter Name         ; Value          ; Type                   ;
+------------------------+----------------+------------------------+
; LPM_WIDTHN             ; 32             ; Untyped                ;
; LPM_WIDTHD             ; 5              ; Untyped                ;
; LPM_NREPRESENTATION    ; SIGNED         ; Untyped                ;
; LPM_DREPRESENTATION    ; SIGNED         ; Untyped                ;
; LPM_PIPELINE           ; 0              ; Untyped                ;
; LPM_REMAINDERPOSITIVE  ; FALSE          ; Untyped                ;
; MAXIMIZE_SPEED         ; 5              ; Untyped                ;
; CBXI_PARAMETER         ; lpm_divide_p0p ; Untyped                ;
; CARRY_CHAIN            ; MANUAL         ; Untyped                ;
; OPTIMIZE_FOR_SPEED     ; 5              ; Untyped                ;
; AUTO_CARRY_CHAINS      ; ON             ; AUTO_CARRY             ;
; IGNORE_CARRY_BUFFERS   ; OFF            ; IGNORE_CARRY           ;
; AUTO_CASCADE_CHAINS    ; ON             ; AUTO_CASCADE           ;
; IGNORE_CASCADE_BUFFERS ; OFF            ; IGNORE_CASCADE         ;
+------------------------+----------------+------------------------+
Note: In order to hide this table in the UI and the text report file, please set the "Show Parameter Settings in Synthesis Report" option in "Analysis and Synthesis Settings -> More Settings" to "Off".


+------------------------------------------------------------------+
; Parameter Settings for Inferred Entity Instance: lpm_divide:Div2 ;
+------------------------+----------------+------------------------+
; Parameter Name         ; Value          ; Type                   ;
+------------------------+----------------+------------------------+
; LPM_WIDTHN             ; 32             ; Untyped                ;
; LPM_WIDTHD             ; 5              ; Untyped                ;
; LPM_NREPRESENTATION    ; SIGNED         ; Untyped                ;
; LPM_DREPRESENTATION    ; SIGNED         ; Untyped                ;
; LPM_PIPELINE           ; 0              ; Untyped                ;
; LPM_REMAINDERPOSITIVE  ; FALSE          ; Untyped                ;
; MAXIMIZE_SPEED         ; 5              ; Untyped                ;
; CBXI_PARAMETER         ; lpm_divide_p0p ; Untyped                ;
; CARRY_CHAIN            ; MANUAL         ; Untyped                ;
; OPTIMIZE_FOR_SPEED     ; 5              ; Untyped                ;
; AUTO_CARRY_CHAINS      ; ON             ; AUTO_CARRY             ;
; IGNORE_CARRY_BUFFERS   ; OFF            ; IGNORE_CARRY           ;
; AUTO_CASCADE_CHAINS    ; ON             ; AUTO_CASCADE           ;
; IGNORE_CASCADE_BUFFERS ; OFF            ; IGNORE_CASCADE         ;
+------------------------+----------------+------------------------+
Note: In order to hide this table in the UI and the text report file, please set the "Show Parameter Settings in Synthesis Report" option in "Analysis and Synthesis Settings -> More Settings" to "Off".


+--------------------------------------------------------+
; lpm_mult Parameter Settings by Entity Instance         ;
+---------------------------------------+----------------+
; Name                                  ; Value          ;
+---------------------------------------+----------------+
; Number of entity instances            ; 2              ;
; Entity Instance                       ; lpm_mult:Mult1 ;
;     -- LPM_WIDTHA                     ; 6              ;
;     -- LPM_WIDTHB                     ; 4              ;
;     -- LPM_WIDTHP                     ; 10             ;
;     -- LPM_REPRESENTATION             ; SIGNED         ;
;     -- INPUT_A_IS_CONSTANT            ; NO             ;
;     -- INPUT_B_IS_CONSTANT            ; NO             ;
;     -- USE_EAB                        ; OFF            ;
;     -- DEDICATED_MULTIPLIER_CIRCUITRY ; AUTO           ;
;     -- INPUT_A_FIXED_VALUE            ; Bx             ;
;     -- INPUT_B_FIXED_VALUE            ; Bx             ;
; Entity Instance                       ; lpm_mult:Mult0 ;
;     -- LPM_WIDTHA                     ; 4              ;
;     -- LPM_WIDTHB                     ; 4              ;
;     -- LPM_WIDTHP                     ; 8              ;
;     -- LPM_REPRESENTATION             ; SIGNED         ;
;     -- INPUT_A_IS_CONSTANT            ; NO             ;
;     -- INPUT_B_IS_CONSTANT            ; NO             ;
;     -- USE_EAB                        ; OFF            ;
;     -- DEDICATED_MULTIPLIER_CIRCUITRY ; AUTO           ;
;     -- INPUT_A_FIXED_VALUE            ; Bx             ;
;     -- INPUT_B_FIXED_VALUE            ; Bx             ;
+---------------------------------------+----------------+


+---------------------------------------------------+
; Port Connectivity Checks: "led_display:display_C" ;
+----------------+-------+----------+---------------+
; Port           ; Type  ; Severity ; Details       ;
+----------------+-------+----------+---------------+
; display_select ; Input ; Info     ; Stuck at GND  ;
+----------------+-------+----------+---------------+


+---------------------------------------------------+
; Port Connectivity Checks: "led_display:display_B" ;
+----------------+-------+----------+---------------+
; Port           ; Type  ; Severity ; Details       ;
+----------------+-------+----------+---------------+
; display_select ; Input ; Info     ; Stuck at GND  ;
+----------------+-------+----------+---------------+


+---------------------------------------------------+
; Port Connectivity Checks: "led_display:display_A" ;
+----------------+-------+----------+---------------+
; Port           ; Type  ; Severity ; Details       ;
+----------------+-------+----------+---------------+
; display_select ; Input ; Info     ; Stuck at GND  ;
+----------------+-------+----------+---------------+


+------------------------------------------------------+
; Port Connectivity Checks: "led_display:display_data" ;
+----------------+-------+----------+------------------+
; Port           ; Type  ; Severity ; Details          ;
+----------------+-------+----------+------------------+
; display_select ; Input ; Info     ; Stuck at GND     ;
+----------------+-------+----------+------------------+


+-------------------------------+
; Elapsed Time Per Partition    ;
+----------------+--------------+
; Partition Name ; Elapsed Time ;
+----------------+--------------+
; Top            ; 00:00:01     ;
+----------------+--------------+


+-------------------------------+
; Analysis & Synthesis Messages ;
+-------------------------------+
Info: *******************************************************************
Info: Running Quartus II 64-Bit Analysis & Synthesis
    Info: Version 13.0.1 Build 232 06/12/2013 Service Pack 1 SJ Web Edition
    Info: Processing started: Thu Jun 05 20:26:36 2025
Info: Command: quartus_map --read_settings_files=on --write_settings_files=off quadratic_sequence -c quadratic_sequence
Warning (20028): Parallel compilation is not licensed and has been disabled
Warning (10259): Verilog HDL error at quadratic_sequence.v(114): constant value overflow
Warning (12125): Using design file quadratic_sequence.v, which is not specified as a design file for the current project, but contains definitions for 1 design units and 1 entities in project
    Info (12023): Found entity 1: quadratic_sequence
Info (12127): Elaborating entity "quadratic_sequence" for the top level hierarchy
Warning (10230): Verilog HDL assignment warning at quadratic_sequence.v(102): truncated value with size 32 to match size of target (3)
Warning (10230): Verilog HDL assignment warning at quadratic_sequence.v(160): truncated value with size 32 to match size of target (16)
Warning (10230): Verilog HDL assignment warning at quadratic_sequence.v(191): truncated value with size 32 to match size of target (4)
Warning (10230): Verilog HDL assignment warning at quadratic_sequence.v(192): truncated value with size 32 to match size of target (4)
Warning (10230): Verilog HDL assignment warning at quadratic_sequence.v(193): truncated value with size 32 to match size of target (4)
Warning (12125): Using design file led_display.v, which is not specified as a design file for the current project, but contains definitions for 1 design units and 1 entities in project
    Info (12023): Found entity 1: led_display
Info (12128): Elaborating entity "led_display" for hierarchy "led_display:display_data"
Info (278001): Inferred 5 megafunctions from design logic
    Info (278003): Inferred multiplier megafunction ("lpm_mult") from the following logic: "Mult1"
    Info (278003): Inferred multiplier megafunction ("lpm_mult") from the following logic: "Mult0"
    Info (278004): Inferred divider/modulo megafunction ("lpm_divide") from the following logic: "Div0"
    Info (278004): Inferred divider/modulo megafunction ("lpm_divide") from the following logic: "Div1"
    Info (278004): Inferred divider/modulo megafunction ("lpm_divide") from the following logic: "Div2"
Info (12130): Elaborated megafunction instantiation "lpm_mult:Mult1"
Info (12133): Instantiated megafunction "lpm_mult:Mult1" with the following parameter:
    Info (12134): Parameter "LPM_WIDTHA" = "6"
    Info (12134): Parameter "LPM_WIDTHB" = "4"
    Info (12134): Parameter "LPM_WIDTHP" = "10"
    Info (12134): Parameter "LPM_WIDTHR" = "10"
    Info (12134): Parameter "LPM_WIDTHS" = "1"
    Info (12134): Parameter "LPM_REPRESENTATION" = "SIGNED"
    Info (12134): Parameter "INPUT_A_IS_CONSTANT" = "NO"
    Info (12134): Parameter "INPUT_B_IS_CONSTANT" = "NO"
    Info (12134): Parameter "MAXIMIZE_SPEED" = "5"
Info (12021): Found 1 design units, including 1 entities, in source file db/mult_r2t.tdf
    Info (12023): Found entity 1: mult_r2t
Info (12130): Elaborated megafunction instantiation "lpm_mult:Mult0"
Info (12133): Instantiated megafunction "lpm_mult:Mult0" with the following parameter:
    Info (12134): Parameter "LPM_WIDTHA" = "4"
    Info (12134): Parameter "LPM_WIDTHB" = "4"
    Info (12134): Parameter "LPM_WIDTHP" = "8"
    Info (12134): Parameter "LPM_WIDTHR" = "8"
    Info (12134): Parameter "LPM_WIDTHS" = "1"
    Info (12134): Parameter "LPM_REPRESENTATION" = "SIGNED"
    Info (12134): Parameter "INPUT_A_IS_CONSTANT" = "NO"
    Info (12134): Parameter "INPUT_B_IS_CONSTANT" = "NO"
    Info (12134): Parameter "MAXIMIZE_SPEED" = "5"
Info (12021): Found 1 design units, including 1 entities, in source file db/mult_g1t.tdf
    Info (12023): Found entity 1: mult_g1t
Info (12130): Elaborated megafunction instantiation "lpm_divide:Div0"
Info (12133): Instantiated megafunction "lpm_divide:Div0" with the following parameter:
    Info (12134): Parameter "LPM_WIDTHN" = "32"
    Info (12134): Parameter "LPM_WIDTHD" = "5"
    Info (12134): Parameter "LPM_NREPRESENTATION" = "SIGNED"
    Info (12134): Parameter "LPM_DREPRESENTATION" = "SIGNED"
    Info (12134): Parameter "LPM_HINT" = "LPM_REMAINDERPOSITIVE=FALSE"
Info (12021): Found 1 design units, including 1 entities, in source file db/lpm_divide_p0p.tdf
    Info (12023): Found entity 1: lpm_divide_p0p
Info (12021): Found 1 design units, including 1 entities, in source file db/abs_divider_kbg.tdf
    Info (12023): Found entity 1: abs_divider_kbg
Info (12021): Found 1 design units, including 1 entities, in source file db/alt_u_div_67f.tdf
    Info (12023): Found entity 1: alt_u_div_67f
Info (12021): Found 1 design units, including 1 entities, in source file db/add_sub_7pc.tdf
    Info (12023): Found entity 1: add_sub_7pc
Info (12021): Found 1 design units, including 1 entities, in source file db/add_sub_8pc.tdf
    Info (12023): Found entity 1: add_sub_8pc
Info (12021): Found 1 design units, including 1 entities, in source file db/lpm_abs_2v9.tdf
    Info (12023): Found entity 1: lpm_abs_2v9
Info (12021): Found 1 design units, including 1 entities, in source file db/lpm_abs_i0a.tdf
    Info (12023): Found entity 1: lpm_abs_i0a
Info (13014): Ignored 96 buffer(s)
    Info (13016): Ignored 30 CARRY_SUM buffer(s)
    Info (13019): Ignored 66 SOFT buffer(s)
Info (286030): Timing-Driven Synthesis is running
Info (17049): 4 registers lost all their fanouts during netlist optimizations.
Info (17016): Found the following redundant logic cells in design
    Info (17048): Logic cell "lpm_mult:Mult1|mult_r2t:auto_generated|le5a[1]"
    Info (17048): Logic cell "lpm_mult:Mult1|mult_r2t:auto_generated|le5a[0]"
    Info (17048): Logic cell "lpm_mult:Mult0|mult_g1t:auto_generated|le4a[3]"
    Info (17048): Logic cell "lpm_mult:Mult0|mult_g1t:auto_generated|le4a[4]"
Info (144001): Generated suppressed messages file E:/KhoaHoc_TKVM_ACRONICS/Quartus/quadratic_sequence/output_files/quadratic_sequence.map.smsg
Info (16010): Generating hard_block partition "hard_block:auto_generated_inst"
    Info (16011): Adding 0 node(s), including 0 DDIO, 0 PLL, 0 transceiver and 0 LCELL
Info (21057): Implemented 1264 device resources after synthesis - the final resource count might be different
    Info (21058): Implemented 9 input pins
    Info (21059): Implemented 58 output pins
    Info (21061): Implemented 1197 logic cells
Info: Quartus II 64-Bit Analysis & Synthesis was successful. 0 errors, 9 warnings
    Info: Peak virtual memory: 4627 megabytes
    Info: Processing ended: Thu Jun 05 20:26:38 2025
    Info: Elapsed time: 00:00:02
    Info: Total CPU time (on all processors): 00:00:02


+------------------------------------------+
; Analysis & Synthesis Suppressed Messages ;
+------------------------------------------+
The suppressed messages can be found in E:/KhoaHoc_TKVM_ACRONICS/Quartus/quadratic_sequence/output_files/quadratic_sequence.map.smsg.


