19:54:44.175 INFO  - Processing command line option -hwspec E:\KhoaHoc_TKVM_Acronics\SoC_Xilinx_Spartan6\IP_Core_PTB2_Axi4Lite\SDK\SDK_Export\hw\system.xml. 
20:03:09.136 INFO  - Processing command line option -hwspec E:\KhoaHoc_TKVM_Acronics\SoC_Xilinx_Spartan6\IP_Core_PTB2_Axi4Lite\SDK\SDK_Export\hw\system.xml. 
20:03:14.179 INFO  - Updating .bit and .bmm files from XPS's export folder. 
20:03:15.887 INFO  - Copied contents of E:\KhoaHoc_TKVM_Acronics\SoC_Xilinx_Spartan6\IP_Core_PTB2_Axi4Lite\SDK\SDK_Export\hw\system.bit into \IP_Core_PTB2_Axi4Lite_hw_platform\system.bit. 
20:03:15.889 INFO  - Copied contents of E:\KhoaHoc_TKVM_Acronics\SoC_Xilinx_Spartan6\IP_Core_PTB2_Axi4Lite\SDK\SDK_Export\hw\system_bd.bmm into \IP_Core_PTB2_Axi4Lite_hw_platform\system_bd.bmm. 
20:09:49.154 INFO  - Successfully generated E:\KhoaHoc_TKVM_Acronics\SoC_Xilinx_Spartan6\IP_Core_PTB2_Axi4Lite\ip_core_ptb2_axi4lite_workspace\ptb2_ip\src\lscript.ld. 
20:09:49.155 INFO  - Applying linker script to all configurations of project ptb2_ip. 
20:09:49.155 INFO  - Setting rebuild state to true for all configurations of project ptb2_ip. 
20:10:21.794 INFO  - Successfully generated E:\KhoaHoc_TKVM_Acronics\SoC_Xilinx_Spartan6\IP_Core_PTB2_Axi4Lite\ip_core_ptb2_axi4lite_workspace\ptb2_ip\src\lscript.ld. 
20:10:21.795 INFO  - Applying linker script to all configurations of project ptb2_ip. 
20:10:21.795 INFO  - Setting rebuild state to true for all configurations of project ptb2_ip. 
20:11:43.407 INFO  - Successfully generated E:\KhoaHoc_TKVM_Acronics\SoC_Xilinx_Spartan6\IP_Core_PTB2_Axi4Lite\ip_core_ptb2_axi4lite_workspace\ptb2_ip\src\lscript.ld. 
20:11:43.407 INFO  - Applying linker script to all configurations of project ptb2_ip. 
20:11:43.408 INFO  - Setting rebuild state to true for all configurations of project ptb2_ip. 
20:35:32.064 INFO  - Successfully generated E:\KhoaHoc_TKVM_Acronics\SoC_Xilinx_Spartan6\IP_Core_PTB2_Axi4Lite\ip_core_ptb2_axi4lite_workspace\ptb2_ip\src\lscript.ld. 
20:35:32.064 INFO  - Applying linker script to all configurations of project ptb2_ip. 
20:35:32.064 INFO  - Setting rebuild state to true for all configurations of project ptb2_ip. 
20:38:24.354 INFO  - FPGA configured successfully with bitstream "E:/KhoaHoc_TKVM_Acronics/SoC_Xilinx_Spartan6/IP_Core_PTB2_Axi4Lite/ip_core_ptb2_axi4lite_workspace/IP_Core_PTB2_Axi4Lite_hw_platform/download.bit" 
20:38:58.470 INFO  - FPGA configured successfully with bitstream "E:/KhoaHoc_TKVM_Acronics/SoC_Xilinx_Spartan6/IP_Core_PTB2_Axi4Lite/ip_core_ptb2_axi4lite_workspace/IP_Core_PTB2_Axi4Lite_hw_platform/download.bit" 
20:40:33.091 INFO  - FPGA configured successfully with bitstream "E:/KhoaHoc_TKVM_Acronics/SoC_Xilinx_Spartan6/IP_Core_PTB2_Axi4Lite/ip_core_ptb2_axi4lite_workspace/IP_Core_PTB2_Axi4Lite_hw_platform/download.bit" 
20:41:25.930 INFO  - FPGA configured successfully with bitstream "E:/KhoaHoc_TKVM_Acronics/SoC_Xilinx_Spartan6/IP_Core_PTB2_Axi4Lite/ip_core_ptb2_axi4lite_workspace/IP_Core_PTB2_Axi4Lite_hw_platform/download.bit" 
20:47:31.514 ERROR - Unexpected error while fetching XMD's response:  java.net.SocketException: Connection reset
	at java.net.SocketInputStream.read(Unknown Source)
	at sun.nio.cs.StreamDecoder.readBytes(Unknown Source)

20:47:31.517 ERROR - Zero sized response read from XMD. This indicates a communication error or a programming error. 
12:21:26.031 INFO  - Processing command line option -hwspec E:\KhoaHoc_TKVM_Acronics\SoC_Xilinx_Spartan6\IP_Core_PTB2_Axi4Lite\SDK\SDK_Export\hw\system.xml. 
12:21:26.250 INFO  - The hardware specification for project 'IP_Core_PTB2_Axi4Lite_hw_platform' is different from E:\KhoaHoc_TKVM_Acronics\SoC_Xilinx_Spartan6\IP_Core_PTB2_Axi4Lite\SDK\SDK_Export\hw\system.xml. 
12:21:26.813 INFO  - Copied contents of E:\KhoaHoc_TKVM_Acronics\SoC_Xilinx_Spartan6\IP_Core_PTB2_Axi4Lite\SDK\SDK_Export\hw\system.xml into \IP_Core_PTB2_Axi4Lite_hw_platform\system.xml. 
12:21:26.813 INFO  - Copied contents of E:\KhoaHoc_TKVM_Acronics\SoC_Xilinx_Spartan6\IP_Core_PTB2_Axi4Lite\SDK\SDK_Export\hw\system.bit into \IP_Core_PTB2_Axi4Lite_hw_platform\system.bit. 
12:21:26.829 INFO  - Copied contents of E:\KhoaHoc_TKVM_Acronics\SoC_Xilinx_Spartan6\IP_Core_PTB2_Axi4Lite\SDK\SDK_Export\hw\system_bd.bmm into \IP_Core_PTB2_Axi4Lite_hw_platform\system_bd.bmm. 
12:21:26.922 INFO  - Synchronizing projects in the workspace with the hardware platform specification changes. 
12:21:31.152 WARN  - Unable to determine location of documentation for OS . 
12:21:33.076 INFO  - Updating hardware inferred compiler options for ptb2_ip. 
12:21:33.092 INFO  - Clearing existing target manager status. 
12:21:42.632 INFO  - Closing and re-opening the MSS file of ther project ptb2_ip_bsp 
12:21:43.853 INFO  - Workspace synchronized with the new hardware specification file. Cleaning dependent projects... 
12:40:50.278 INFO  - Successfully generated E:\KhoaHoc_TKVM_Acronics\SoC_Xilinx_Spartan6\IP_Core_PTB2_Axi4Lite\ip_core_ptb2_axi4lite_workspace\ptb2_ip\src\lscript.ld. 
12:40:50.278 INFO  - Applying linker script to all configurations of project ptb2_ip. 
12:40:50.278 INFO  - Setting rebuild state to true for all configurations of project ptb2_ip. 
12:41:03.111 INFO  - Successfully generated E:\KhoaHoc_TKVM_Acronics\SoC_Xilinx_Spartan6\IP_Core_PTB2_Axi4Lite\ip_core_ptb2_axi4lite_workspace\ptb2_ip\src\lscript.ld. 
12:41:03.111 INFO  - Applying linker script to all configurations of project ptb2_ip. 
12:41:03.111 INFO  - Setting rebuild state to true for all configurations of project ptb2_ip. 
12:45:05.614 INFO  - Successfully generated E:\KhoaHoc_TKVM_Acronics\SoC_Xilinx_Spartan6\IP_Core_PTB2_Axi4Lite\ip_core_ptb2_axi4lite_workspace\ptb2_ip\src\lscript.ld. 
12:45:05.616 INFO  - Applying linker script to all configurations of project ptb2_ip. 
12:45:05.616 INFO  - Setting rebuild state to true for all configurations of project ptb2_ip. 
12:49:19.270 INFO  - Successfully generated E:\KhoaHoc_TKVM_Acronics\SoC_Xilinx_Spartan6\IP_Core_PTB2_Axi4Lite\ip_core_ptb2_axi4lite_workspace\ptb2_ip\src\lscript.ld. 
12:49:19.271 INFO  - Applying linker script to all configurations of project ptb2_ip. 
12:49:19.271 INFO  - Setting rebuild state to true for all configurations of project ptb2_ip. 
12:50:04.436 ERROR - Unexpected error while parsing XMD response ?: com.google.gson.JsonSyntaxException: com.google.gson.stream.MalformedJsonException: invalid number or unquoted string near  
13:01:39.331 INFO  - Processing command line option -hwspec E:\KhoaHoc_TKVM_Acronics\SoC_Xilinx_Spartan6\IP_Core_PTB2_Axi4Lite\SDK\SDK_Export\hw\system.xml. 
13:01:44.366 INFO  - Updating .bit and .bmm files from XPS's export folder. 
13:01:47.408 INFO  - Copied contents of E:\KhoaHoc_TKVM_Acronics\SoC_Xilinx_Spartan6\IP_Core_PTB2_Axi4Lite\SDK\SDK_Export\hw\system.bit into \IP_Core_PTB2_Axi4Lite_hw_platform\system.bit. 
13:01:47.408 INFO  - Copied contents of E:\KhoaHoc_TKVM_Acronics\SoC_Xilinx_Spartan6\IP_Core_PTB2_Axi4Lite\SDK\SDK_Export\hw\system_bd.bmm into \IP_Core_PTB2_Axi4Lite_hw_platform\system_bd.bmm. 
13:02:17.560 INFO  - Successfully generated E:\KhoaHoc_TKVM_Acronics\SoC_Xilinx_Spartan6\IP_Core_PTB2_Axi4Lite\ip_core_ptb2_axi4lite_workspace\ptb2_ip\src\lscript.ld. 
13:02:17.560 INFO  - Applying linker script to all configurations of project ptb2_ip. 
13:02:17.560 INFO  - Setting rebuild state to true for all configurations of project ptb2_ip. 
15:41:06.899 INFO  - Processing command line option -hwspec E:\KhoaHoc_TKVM_Acronics\SoC_Xilinx_Spartan6\IP_Core_PTB2_Axi4Lite\SDK\SDK_Export\hw\system.xml. 
18:02:29.086 INFO  - Processing command line option -hwspec E:\KhoaHoc_TKVM_Acronics\SoC_Xilinx_Spartan6\IP_Core_PTB2_Axi4Lite\SDK\SDK_Export\hw\system.xml. 
18:15:59.560 INFO  - FPGA configured successfully with bitstream "E:/KhoaHoc_TKVM_Acronics/SoC_Xilinx_Spartan6/IP_Core_PTB2_Axi4Lite/ip_core_ptb2_axi4lite_workspace/IP_Core_PTB2_Axi4Lite_hw_platform/download.bit" 
18:17:15.793 INFO  - FPGA configured successfully with bitstream "E:/KhoaHoc_TKVM_Acronics/SoC_Xilinx_Spartan6/IP_Core_PTB2_Axi4Lite/ip_core_ptb2_axi4lite_workspace/IP_Core_PTB2_Axi4Lite_hw_platform/download.bit" 
18:24:39.353 INFO  - FPGA configured successfully with bitstream "E:/KhoaHoc_TKVM_Acronics/SoC_Xilinx_Spartan6/IP_Core_PTB2_Axi4Lite/ip_core_ptb2_axi4lite_workspace/IP_Core_PTB2_Axi4Lite_hw_platform/download.bit" 
18:47:54.645 INFO  - Updating .bit and .bmm files from XPS's export folder. 
18:48:22.160 INFO  - Copied contents of E:\KhoaHoc_TKVM_Acronics\SoC_Xilinx_Spartan6\IP_Core_PTB2_Axi4Lite\SDK\SDK_Export\hw\system.bit into \IP_Core_PTB2_Axi4Lite_hw_platform\system.bit. 
18:48:22.160 INFO  - Copied contents of E:\KhoaHoc_TKVM_Acronics\SoC_Xilinx_Spartan6\IP_Core_PTB2_Axi4Lite\SDK\SDK_Export\hw\system_bd.bmm into \IP_Core_PTB2_Axi4Lite_hw_platform\system_bd.bmm. 
18:48:34.407 ERROR - Unexpected error while parsing XMD response ?: com.google.gson.JsonSyntaxException: com.google.gson.stream.MalformedJsonException: invalid number or unquoted string near  
18:49:11.304 INFO  - Processing command line option -hwspec E:\KhoaHoc_TKVM_Acronics\SoC_Xilinx_Spartan6\IP_Core_PTB2_Axi4Lite\SDK\SDK_Export\hw\system.xml. 
18:51:10.355 INFO  - FPGA configured successfully with bitstream "E:/KhoaHoc_TKVM_Acronics/SoC_Xilinx_Spartan6/IP_Core_PTB2_Axi4Lite/ip_core_ptb2_axi4lite_workspace/IP_Core_PTB2_Axi4Lite_hw_platform/download.bit" 
18:51:54.219 INFO  - FPGA configured successfully with bitstream "E:/KhoaHoc_TKVM_Acronics/SoC_Xilinx_Spartan6/IP_Core_PTB2_Axi4Lite/ip_core_ptb2_axi4lite_workspace/IP_Core_PTB2_Axi4Lite_hw_platform/download.bit" 
19:07:35.754 ERROR - Unexpected error while parsing XMD response ?: com.google.gson.JsonSyntaxException: com.google.gson.stream.MalformedJsonException: invalid number or unquoted string near  
19:57:17.336 INFO  - Processing command line option -hwspec E:\KhoaHoc_TKVM_Acronics\SoC_Xilinx_Spartan6\IP_Core_PTB2_Axi4Lite\SDK\SDK_Export\hw\system.xml. 
19:57:22.381 INFO  - Updating .bit and .bmm files from XPS's export folder. 
19:57:22.777 INFO  - Copied contents of E:\KhoaHoc_TKVM_Acronics\SoC_Xilinx_Spartan6\IP_Core_PTB2_Axi4Lite\SDK\SDK_Export\hw\system.bit into \IP_Core_PTB2_Axi4Lite_hw_platform\system.bit. 
19:57:22.779 INFO  - Copied contents of E:\KhoaHoc_TKVM_Acronics\SoC_Xilinx_Spartan6\IP_Core_PTB2_Axi4Lite\SDK\SDK_Export\hw\system_bd.bmm into \IP_Core_PTB2_Axi4Lite_hw_platform\system_bd.bmm. 
19:58:08.725 INFO  - Processing command line option -hwspec E:\KhoaHoc_TKVM_Acronics\SoC_Xilinx_Spartan6\IP_Core_PTB2_Axi4Lite\SDK\SDK_Export\hw\system.xml. 
20:00:20.167 INFO  - FPGA configured successfully with bitstream "E:/KhoaHoc_TKVM_Acronics/SoC_Xilinx_Spartan6/IP_Core_PTB2_Axi4Lite/ip_core_ptb2_axi4lite_workspace/IP_Core_PTB2_Axi4Lite_hw_platform/download.bit" 
20:01:59.843 ERROR - Unexpected error while fetching XMD's response:  java.net.SocketException: Connection reset
	at java.net.SocketInputStream.read(Unknown Source)
	at sun.nio.cs.StreamDecoder.readBytes(Unknown Source)

20:01:59.843 ERROR - Zero sized response read from XMD. This indicates a communication error or a programming error. 
20:06:23.307 ERROR - Unexpected error while issuing command {"command": "xdisconnect -cable"} to XMD: java.net.SocketException: Connection reset by peer: socket write error 
20:06:31.145 ERROR - Unexpected error while issuing command {"command": "xdisconnect -cable"} to XMD: java.net.SocketException: Connection reset by peer: socket write error 
20:07:52.472 INFO  - Processing command line option -hwspec E:\KhoaHoc_TKVM_Acronics\SoC_Xilinx_Spartan6\IP_Core_PTB2_Axi4Lite\SDK\SDK_Export\hw\system.xml. 
20:08:19.455 INFO  - FPGA configured successfully with bitstream "E:/KhoaHoc_TKVM_Acronics/SoC_Xilinx_Spartan6/IP_Core_PTB2_Axi4Lite/ip_core_ptb2_axi4lite_workspace/IP_Core_PTB2_Axi4Lite_hw_platform/download.bit" 
20:11:16.804 INFO  - FPGA configured successfully with bitstream "E:/KhoaHoc_TKVM_Acronics/SoC_Xilinx_Spartan6/IP_Core_PTB2_Axi4Lite/ip_core_ptb2_axi4lite_workspace/IP_Core_PTB2_Axi4Lite_hw_platform/download.bit" 
20:13:30.502 INFO  - FPGA configured successfully with bitstream "E:/KhoaHoc_TKVM_Acronics/SoC_Xilinx_Spartan6/IP_Core_PTB2_Axi4Lite/ip_core_ptb2_axi4lite_workspace/IP_Core_PTB2_Axi4Lite_hw_platform/download.bit" 
20:32:50.317 ERROR - Unexpected error while fetching XMD's response:  java.net.SocketException: Connection reset
	at java.net.SocketInputStream.read(Unknown Source)
	at sun.nio.cs.StreamDecoder.readBytes(Unknown Source)

20:32:50.349 ERROR - Zero sized response read from XMD. This indicates a communication error or a programming error. 
02:16:15.017 INFO  - Processing command line option -hwspec E:\KhoaHoc_TKVM_Acronics\SoC_Xilinx_Spartan6\IP_Core_PTB2_Axi4Lite\SDK\SDK_Export\hw\system.xml. 
02:16:20.049 INFO  - Updating .bit and .bmm files from XPS's export folder. 
02:16:29.916 INFO  - Copied contents of E:\KhoaHoc_TKVM_Acronics\SoC_Xilinx_Spartan6\IP_Core_PTB2_Axi4Lite\SDK\SDK_Export\hw\system.bit into \IP_Core_PTB2_Axi4Lite_hw_platform\system.bit. 
02:16:29.918 INFO  - Copied contents of E:\KhoaHoc_TKVM_Acronics\SoC_Xilinx_Spartan6\IP_Core_PTB2_Axi4Lite\SDK\SDK_Export\hw\system_bd.bmm into \IP_Core_PTB2_Axi4Lite_hw_platform\system_bd.bmm. 
17:55:19.984 INFO  - Processing command line option -hwspec E:\KhoaHoc_TKVM_Acronics\SoC_Xilinx_Spartan6\IP_Core_PTB2_Axi4Lite\SDK\SDK_Export\hw\system.xml. 
17:57:52.082 INFO  - FPGA configured successfully with bitstream "E:/KhoaHoc_TKVM_Acronics/SoC_Xilinx_Spartan6/IP_Core_PTB2_Axi4Lite/ip_core_ptb2_axi4lite_workspace/IP_Core_PTB2_Axi4Lite_hw_platform/download.bit" 
17:59:27.757 INFO  - FPGA configured successfully with bitstream "E:/KhoaHoc_TKVM_Acronics/SoC_Xilinx_Spartan6/IP_Core_PTB2_Axi4Lite/ip_core_ptb2_axi4lite_workspace/IP_Core_PTB2_Axi4Lite_hw_platform/download.bit" 
17:59:40.362 INFO  - FPGA configured successfully with bitstream "E:/KhoaHoc_TKVM_Acronics/SoC_Xilinx_Spartan6/IP_Core_PTB2_Axi4Lite/ip_core_ptb2_axi4lite_workspace/IP_Core_PTB2_Axi4Lite_hw_platform/download.bit" 
18:08:34.013 INFO  - FPGA configured successfully with bitstream "E:/KhoaHoc_TKVM_Acronics/SoC_Xilinx_Spartan6/IP_Core_PTB2_Axi4Lite/ip_core_ptb2_axi4lite_workspace/IP_Core_PTB2_Axi4Lite_hw_platform/download.bit" 
18:36:55.699 INFO  - FPGA configured successfully with bitstream "E:/KhoaHoc_TKVM_Acronics/SoC_Xilinx_Spartan6/IP_Core_PTB2_Axi4Lite/ip_core_ptb2_axi4lite_workspace/IP_Core_PTB2_Axi4Lite_hw_platform/download.bit" 
18:58:01.332 INFO  - Updating .bit and .bmm files from XPS's export folder. 
18:58:19.088 INFO  - Copied contents of E:\KhoaHoc_TKVM_Acronics\SoC_Xilinx_Spartan6\IP_Core_PTB2_Axi4Lite\SDK\SDK_Export\hw\system.bit into \IP_Core_PTB2_Axi4Lite_hw_platform\system.bit. 
18:58:19.090 INFO  - Copied contents of E:\KhoaHoc_TKVM_Acronics\SoC_Xilinx_Spartan6\IP_Core_PTB2_Axi4Lite\SDK\SDK_Export\hw\system_bd.bmm into \IP_Core_PTB2_Axi4Lite_hw_platform\system_bd.bmm. 
18:59:14.364 INFO  - FPGA configured successfully with bitstream "E:/KhoaHoc_TKVM_Acronics/SoC_Xilinx_Spartan6/IP_Core_PTB2_Axi4Lite/ip_core_ptb2_axi4lite_workspace/IP_Core_PTB2_Axi4Lite_hw_platform/download.bit" 
19:00:02.790 ERROR - Unexpected error while parsing XMD response ?: com.google.gson.JsonSyntaxException: com.google.gson.stream.MalformedJsonException: invalid number or unquoted string near  
19:02:09.883 INFO  - Processing command line option -hwspec E:\KhoaHoc_TKVM_Acronics\SoC_Xilinx_Spartan6\IP_Core_PTB2_Axi4Lite\SDK\SDK_Export\hw\system.xml. 
19:03:49.382 INFO  - FPGA configured successfully with bitstream "E:/KhoaHoc_TKVM_Acronics/SoC_Xilinx_Spartan6/IP_Core_PTB2_Axi4Lite/ip_core_ptb2_axi4lite_workspace/IP_Core_PTB2_Axi4Lite_hw_platform/download.bit" 
19:22:11.440 INFO  - Updating .bit and .bmm files from XPS's export folder. 
19:22:38.845 INFO  - Copied contents of E:\KhoaHoc_TKVM_Acronics\SoC_Xilinx_Spartan6\IP_Core_PTB2_Axi4Lite\SDK\SDK_Export\hw\system.bit into \IP_Core_PTB2_Axi4Lite_hw_platform\system.bit. 
19:22:38.849 INFO  - Copied contents of E:\KhoaHoc_TKVM_Acronics\SoC_Xilinx_Spartan6\IP_Core_PTB2_Axi4Lite\SDK\SDK_Export\hw\system_bd.bmm into \IP_Core_PTB2_Axi4Lite_hw_platform\system_bd.bmm. 
19:23:21.725 INFO  - FPGA configured successfully with bitstream "E:/KhoaHoc_TKVM_Acronics/SoC_Xilinx_Spartan6/IP_Core_PTB2_Axi4Lite/ip_core_ptb2_axi4lite_workspace/IP_Core_PTB2_Axi4Lite_hw_platform/download.bit" 
19:25:52.501 INFO  - FPGA configured successfully with bitstream "E:/KhoaHoc_TKVM_Acronics/SoC_Xilinx_Spartan6/IP_Core_PTB2_Axi4Lite/ip_core_ptb2_axi4lite_workspace/IP_Core_PTB2_Axi4Lite_hw_platform/download.bit" 
19:28:53.804 INFO  - FPGA configured successfully with bitstream "E:/KhoaHoc_TKVM_Acronics/SoC_Xilinx_Spartan6/IP_Core_PTB2_Axi4Lite/ip_core_ptb2_axi4lite_workspace/IP_Core_PTB2_Axi4Lite_hw_platform/download.bit" 
19:43:22.228 INFO  - FPGA configured successfully with bitstream "E:/KhoaHoc_TKVM_Acronics/SoC_Xilinx_Spartan6/IP_Core_PTB2_Axi4Lite/ip_core_ptb2_axi4lite_workspace/IP_Core_PTB2_Axi4Lite_hw_platform/download.bit" 
