Analysis & Synthesis report for quadratic_combine
Thu Jun 05 20:49:16 2025
Quartus II 64-Bit Version 13.0.1 Build 232 06/12/2013 Service Pack 1 SJ Web Edition


---------------------
; Table of Contents ;
---------------------
  1. Legal Notice
  2. Analysis & Synthesis Summary
  3. Analysis & Synthesis Settings
  4. Parallel Compilation
  5. Analysis & Synthesis Source Files Read
  6. Analysis & Synthesis Resource Usage Summary
  7. Analysis & Synthesis Resource Utilization by Entity
  8. User-Specified and Inferred Latches
  9. General Register Statistics
 10. Multiplexer Restructuring Statistics (Restructuring Performed)
 11. Parameter Settings for Inferred Entity Instance: lpm_mult:Mult1
 12. Parameter Settings for Inferred Entity Instance: lpm_mult:Mult0
 13. Parameter Settings for Inferred Entity Instance: lpm_divide:Div0
 14. Parameter Settings for Inferred Entity Instance: lpm_divide:Div1
 15. Parameter Settings for Inferred Entity Instance: lpm_divide:Div2
 16. lpm_mult Parameter Settings by Entity Instance
 17. Port Connectivity Checks: "led_display:display_x2"
 18. Port Connectivity Checks: "led_display:display_x1"
 19. Elapsed Time Per Partition
 20. Analysis & Synthesis Messages



----------------
; Legal Notice ;
----------------
Copyright (C) 1991-2013 Altera Corporation
Your use of Altera Corporation's design tools, logic functions 
and other software and tools, and its AMPP partner logic 
functions, and any output files from any of the foregoing 
(including device programming or simulation files), and any 
associated documentation or information are expressly subject 
to the terms and conditions of the Altera Program License 
Subscription Agreement, Altera MegaCore Function License 
Agreement, or other applicable license agreement, including, 
without limitation, that your use is for the sole purpose of 
programming logic devices manufactured by Altera and sold by 
Altera or its authorized distributors.  Please refer to the 
applicable agreement for further details.



+--------------------------------------------------------------------------------------+
; Analysis & Synthesis Summary                                                         ;
+------------------------------------+-------------------------------------------------+
; Analysis & Synthesis Status        ; Successful - Thu Jun 05 20:49:16 2025           ;
; Quartus II 64-Bit Version          ; 13.0.1 Build 232 06/12/2013 SP 1 SJ Web Edition ;
; Revision Name                      ; quadratic_combine                               ;
; Top-level Entity Name              ; quadratic_combine                               ;
; Family                             ; Cyclone IV E                                    ;
; Total logic elements               ; 1,161                                           ;
;     Total combinational functions  ; 1,161                                           ;
;     Dedicated logic registers      ; 0                                               ;
; Total registers                    ; 0                                               ;
; Total pins                         ; 54                                              ;
; Total virtual pins                 ; 0                                               ;
; Total memory bits                  ; 0                                               ;
; Embedded Multiplier 9-bit elements ; 0                                               ;
; Total PLLs                         ; 0                                               ;
+------------------------------------+-------------------------------------------------+


+----------------------------------------------------------------------------------------------------------------------+
; Analysis & Synthesis Settings                                                                                        ;
+----------------------------------------------------------------------------+--------------------+--------------------+
; Option                                                                     ; Setting            ; Default Value      ;
+----------------------------------------------------------------------------+--------------------+--------------------+
; Device                                                                     ; EP4CE115F29C7      ;                    ;
; Top-level entity name                                                      ; quadratic_combine  ; quadratic_combine  ;
; Family name                                                                ; Cyclone IV E       ; Cyclone IV GX      ;
; Use smart compilation                                                      ; Off                ; Off                ;
; Enable parallel Assembler and TimeQuest Timing Analyzer during compilation ; On                 ; On                 ;
; Enable compact report table                                                ; Off                ; Off                ;
; Restructure Multiplexers                                                   ; Auto               ; Auto               ;
; Create Debugging Nodes for IP Cores                                        ; Off                ; Off                ;
; Preserve fewer node names                                                  ; On                 ; On                 ;
; Disable OpenCore Plus hardware evaluation                                  ; Off                ; Off                ;
; Verilog Version                                                            ; Verilog_2001       ; Verilog_2001       ;
; VHDL Version                                                               ; VHDL_1993          ; VHDL_1993          ;
; State Machine Processing                                                   ; Auto               ; Auto               ;
; Safe State Machine                                                         ; Off                ; Off                ;
; Extract Verilog State Machines                                             ; On                 ; On                 ;
; Extract VHDL State Machines                                                ; On                 ; On                 ;
; Ignore Verilog initial constructs                                          ; Off                ; Off                ;
; Iteration limit for constant Verilog loops                                 ; 5000               ; 5000               ;
; Iteration limit for non-constant Verilog loops                             ; 250                ; 250                ;
; Add Pass-Through Logic to Inferred RAMs                                    ; On                 ; On                 ;
; Infer RAMs from Raw Logic                                                  ; On                 ; On                 ;
; Parallel Synthesis                                                         ; On                 ; On                 ;
; DSP Block Balancing                                                        ; Auto               ; Auto               ;
; NOT Gate Push-Back                                                         ; On                 ; On                 ;
; Power-Up Don't Care                                                        ; On                 ; On                 ;
; Remove Redundant Logic Cells                                               ; Off                ; Off                ;
; Remove Duplicate Registers                                                 ; On                 ; On                 ;
; Ignore CARRY Buffers                                                       ; Off                ; Off                ;
; Ignore CASCADE Buffers                                                     ; Off                ; Off                ;
; Ignore GLOBAL Buffers                                                      ; Off                ; Off                ;
; Ignore ROW GLOBAL Buffers                                                  ; Off                ; Off                ;
; Ignore LCELL Buffers                                                       ; Off                ; Off                ;
; Ignore SOFT Buffers                                                        ; On                 ; On                 ;
; Limit AHDL Integers to 32 Bits                                             ; Off                ; Off                ;
; Optimization Technique                                                     ; Balanced           ; Balanced           ;
; Carry Chain Length                                                         ; 70                 ; 70                 ;
; Auto Carry Chains                                                          ; On                 ; On                 ;
; Auto Open-Drain Pins                                                       ; On                 ; On                 ;
; Perform WYSIWYG Primitive Resynthesis                                      ; Off                ; Off                ;
; Auto ROM Replacement                                                       ; On                 ; On                 ;
; Auto RAM Replacement                                                       ; On                 ; On                 ;
; Auto DSP Block Replacement                                                 ; On                 ; On                 ;
; Auto Shift Register Replacement                                            ; Auto               ; Auto               ;
; Allow Shift Register Merging across Hierarchies                            ; Auto               ; Auto               ;
; Auto Clock Enable Replacement                                              ; On                 ; On                 ;
; Strict RAM Replacement                                                     ; Off                ; Off                ;
; Allow Synchronous Control Signals                                          ; On                 ; On                 ;
; Force Use of Synchronous Clear Signals                                     ; Off                ; Off                ;
; Auto RAM Block Balancing                                                   ; On                 ; On                 ;
; Auto RAM to Logic Cell Conversion                                          ; Off                ; Off                ;
; Auto Resource Sharing                                                      ; Off                ; Off                ;
; Allow Any RAM Size For Recognition                                         ; Off                ; Off                ;
; Allow Any ROM Size For Recognition                                         ; Off                ; Off                ;
; Allow Any Shift Register Size For Recognition                              ; Off                ; Off                ;
; Use LogicLock Constraints during Resource Balancing                        ; On                 ; On                 ;
; Ignore translate_off and synthesis_off directives                          ; Off                ; Off                ;
; Timing-Driven Synthesis                                                    ; On                 ; On                 ;
; Report Parameter Settings                                                  ; On                 ; On                 ;
; Report Source Assignments                                                  ; On                 ; On                 ;
; Report Connectivity Checks                                                 ; On                 ; On                 ;
; Ignore Maximum Fan-Out Assignments                                         ; Off                ; Off                ;
; Synchronization Register Chain Length                                      ; 2                  ; 2                  ;
; PowerPlay Power Optimization                                               ; Normal compilation ; Normal compilation ;
; HDL message level                                                          ; Level2             ; Level2             ;
; Suppress Register Optimization Related Messages                            ; Off                ; Off                ;
; Number of Removed Registers Reported in Synthesis Report                   ; 5000               ; 5000               ;
; Number of Swept Nodes Reported in Synthesis Report                         ; 5000               ; 5000               ;
; Number of Inverted Registers Reported in Synthesis Report                  ; 100                ; 100                ;
; Clock MUX Protection                                                       ; On                 ; On                 ;
; Auto Gated Clock Conversion                                                ; Off                ; Off                ;
; Block Design Naming                                                        ; Auto               ; Auto               ;
; SDC constraint protection                                                  ; Off                ; Off                ;
; Synthesis Effort                                                           ; Auto               ; Auto               ;
; Shift Register Replacement - Allow Asynchronous Clear Signal               ; On                 ; On                 ;
; Pre-Mapping Resynthesis Optimization                                       ; Off                ; Off                ;
; Analysis & Synthesis Message Level                                         ; Medium             ; Medium             ;
; Disable Register Merging Across Hierarchies                                ; Auto               ; Auto               ;
; Resource Aware Inference For Block RAM                                     ; On                 ; On                 ;
; Synthesis Seed                                                             ; 1                  ; 1                  ;
+----------------------------------------------------------------------------+--------------------+--------------------+


Parallel compilation was disabled, but you have multiple processors available. Enable parallel compilation to reduce compilation time.
+-------------------------------------+
; Parallel Compilation                ;
+----------------------------+--------+
; Processors                 ; Number ;
+----------------------------+--------+
; Number detected on machine ; 12     ;
; Maximum allowed            ; 1      ;
+----------------------------+--------+


+--------------------------------------------------------------------------------------------------------------------------------------------------------------------------------+
; Analysis & Synthesis Source Files Read                                                                                                                                         ;
+----------------------------------+-----------------+------------------------------+----------------------------------------------------------------------------------+---------+
; File Name with User-Entered Path ; Used in Netlist ; File Type                    ; File Name with Absolute Path                                                     ; Library ;
+----------------------------------+-----------------+------------------------------+----------------------------------------------------------------------------------+---------+
; quadratic_combine.v              ; yes             ; User Verilog HDL File        ; E:/KhoaHoc_TKVM_ACRONICS/Quartus/quadratic_combine/quadratic_combine.v           ;         ;
; sqrt_module.v                    ; yes             ; Auto-Found Verilog HDL File  ; E:/KhoaHoc_TKVM_ACRONICS/Quartus/quadratic_combine/sqrt_module.v                 ;         ;
; latch_module.v                   ; yes             ; Auto-Found Verilog HDL File  ; E:/KhoaHoc_TKVM_ACRONICS/Quartus/quadratic_combine/latch_module.v                ;         ;
; led_display.v                    ; yes             ; Auto-Found Verilog HDL File  ; E:/KhoaHoc_TKVM_ACRONICS/Quartus/quadratic_combine/led_display.v                 ;         ;
; lpm_mult.tdf                     ; yes             ; Megafunction                 ; d:/quartus_ii_altera/13.0sp1/quartus/libraries/megafunctions/lpm_mult.tdf        ;         ;
; aglobal130.inc                   ; yes             ; Megafunction                 ; d:/quartus_ii_altera/13.0sp1/quartus/libraries/megafunctions/aglobal130.inc      ;         ;
; lpm_add_sub.inc                  ; yes             ; Megafunction                 ; d:/quartus_ii_altera/13.0sp1/quartus/libraries/megafunctions/lpm_add_sub.inc     ;         ;
; multcore.inc                     ; yes             ; Megafunction                 ; d:/quartus_ii_altera/13.0sp1/quartus/libraries/megafunctions/multcore.inc        ;         ;
; bypassff.inc                     ; yes             ; Megafunction                 ; d:/quartus_ii_altera/13.0sp1/quartus/libraries/megafunctions/bypassff.inc        ;         ;
; altshift.inc                     ; yes             ; Megafunction                 ; d:/quartus_ii_altera/13.0sp1/quartus/libraries/megafunctions/altshift.inc        ;         ;
; db/mult_g1t.tdf                  ; yes             ; Auto-Generated Megafunction  ; E:/KhoaHoc_TKVM_ACRONICS/Quartus/quadratic_combine/db/mult_g1t.tdf               ;         ;
; lpm_divide.tdf                   ; yes             ; Megafunction                 ; d:/quartus_ii_altera/13.0sp1/quartus/libraries/megafunctions/lpm_divide.tdf      ;         ;
; abs_divider.inc                  ; yes             ; Megafunction                 ; d:/quartus_ii_altera/13.0sp1/quartus/libraries/megafunctions/abs_divider.inc     ;         ;
; sign_div_unsign.inc              ; yes             ; Megafunction                 ; d:/quartus_ii_altera/13.0sp1/quartus/libraries/megafunctions/sign_div_unsign.inc ;         ;
; db/lpm_divide_r0p.tdf            ; yes             ; Auto-Generated Megafunction  ; E:/KhoaHoc_TKVM_ACRONICS/Quartus/quadratic_combine/db/lpm_divide_r0p.tdf         ;         ;
; db/abs_divider_mbg.tdf           ; yes             ; Auto-Generated Megafunction  ; E:/KhoaHoc_TKVM_ACRONICS/Quartus/quadratic_combine/db/abs_divider_mbg.tdf        ;         ;
; db/alt_u_div_a7f.tdf             ; yes             ; Auto-Generated Megafunction  ; E:/KhoaHoc_TKVM_ACRONICS/Quartus/quadratic_combine/db/alt_u_div_a7f.tdf          ;         ;
; db/add_sub_7pc.tdf               ; yes             ; Auto-Generated Megafunction  ; E:/KhoaHoc_TKVM_ACRONICS/Quartus/quadratic_combine/db/add_sub_7pc.tdf            ;         ;
; db/add_sub_8pc.tdf               ; yes             ; Auto-Generated Megafunction  ; E:/KhoaHoc_TKVM_ACRONICS/Quartus/quadratic_combine/db/add_sub_8pc.tdf            ;         ;
; db/lpm_abs_2v9.tdf               ; yes             ; Auto-Generated Megafunction  ; E:/KhoaHoc_TKVM_ACRONICS/Quartus/quadratic_combine/db/lpm_abs_2v9.tdf            ;         ;
; db/lpm_abs_k0a.tdf               ; yes             ; Auto-Generated Megafunction  ; E:/KhoaHoc_TKVM_ACRONICS/Quartus/quadratic_combine/db/lpm_abs_k0a.tdf            ;         ;
; db/lpm_divide_p0p.tdf            ; yes             ; Auto-Generated Megafunction  ; E:/KhoaHoc_TKVM_ACRONICS/Quartus/quadratic_combine/db/lpm_divide_p0p.tdf         ;         ;
; db/abs_divider_kbg.tdf           ; yes             ; Auto-Generated Megafunction  ; E:/KhoaHoc_TKVM_ACRONICS/Quartus/quadratic_combine/db/abs_divider_kbg.tdf        ;         ;
; db/alt_u_div_67f.tdf             ; yes             ; Auto-Generated Megafunction  ; E:/KhoaHoc_TKVM_ACRONICS/Quartus/quadratic_combine/db/alt_u_div_67f.tdf          ;         ;
; db/lpm_abs_i0a.tdf               ; yes             ; Auto-Generated Megafunction  ; E:/KhoaHoc_TKVM_ACRONICS/Quartus/quadratic_combine/db/lpm_abs_i0a.tdf            ;         ;
+----------------------------------+-----------------+------------------------------+----------------------------------------------------------------------------------+---------+


+--------------------------------------------------------------+
; Analysis & Synthesis Resource Usage Summary                  ;
+---------------------------------------------+----------------+
; Resource                                    ; Usage          ;
+---------------------------------------------+----------------+
; Estimated Total logic elements              ; 1,161          ;
;                                             ;                ;
; Total combinational functions               ; 1161           ;
; Logic element usage by number of LUT inputs ;                ;
;     -- 4 input functions                    ; 284            ;
;     -- 3 input functions                    ; 590            ;
;     -- <=2 input functions                  ; 287            ;
;                                             ;                ;
; Logic elements by mode                      ;                ;
;     -- normal mode                          ; 722            ;
;     -- arithmetic mode                      ; 439            ;
;                                             ;                ;
; Total registers                             ; 0              ;
;     -- Dedicated logic registers            ; 0              ;
;     -- I/O registers                        ; 0              ;
;                                             ;                ;
; I/O pins                                    ; 54             ;
; Embedded Multiplier 9-bit elements          ; 0              ;
; Maximum fan-out node                        ; a_clamped[0]~3 ;
; Maximum fan-out                             ; 87             ;
; Total fan-out                               ; 3410           ;
; Average fan-out                             ; 2.69           ;
+---------------------------------------------+----------------+


+------------------------------------------------------------------------------------------------------------------------------------------------------------------------------------------------------------------------------------------------------------------------------------+
; Analysis & Synthesis Resource Utilization by Entity                                                                                                                                                                                                                                ;
+---------------------------------------+-------------------+--------------+-------------+--------------+---------+-----------+------+--------------+-----------------------------------------------------------------------------------------------------------------+--------------+
; Compilation Hierarchy Node            ; LC Combinationals ; LC Registers ; Memory Bits ; DSP Elements ; DSP 9x9 ; DSP 18x18 ; Pins ; Virtual Pins ; Full Hierarchy Name                                                                                             ; Library Name ;
+---------------------------------------+-------------------+--------------+-------------+--------------+---------+-----------+------+--------------+-----------------------------------------------------------------------------------------------------------------+--------------+
; |quadratic_combine                    ; 1161 (123)        ; 0 (0)        ; 0           ; 0            ; 0       ; 0         ; 54   ; 0            ; |quadratic_combine                                                                                              ; work         ;
;    |latch_module:latch|               ; 8 (8)             ; 0 (0)        ; 0           ; 0            ; 0       ; 0         ; 0    ; 0            ; |quadratic_combine|latch_module:latch                                                                           ; work         ;
;    |led_display:display_x1|           ; 7 (7)             ; 0 (0)        ; 0           ; 0            ; 0       ; 0         ; 0    ; 0            ; |quadratic_combine|led_display:display_x1                                                                       ; work         ;
;    |led_display:display_x2|           ; 7 (7)             ; 0 (0)        ; 0           ; 0            ; 0       ; 0         ; 0    ; 0            ; |quadratic_combine|led_display:display_x2                                                                       ; work         ;
;    |lpm_divide:Div0|                  ; 178 (0)           ; 0 (0)        ; 0           ; 0            ; 0       ; 0         ; 0    ; 0            ; |quadratic_combine|lpm_divide:Div0                                                                              ; work         ;
;       |lpm_divide_r0p:auto_generated| ; 178 (0)           ; 0 (0)        ; 0           ; 0            ; 0       ; 0         ; 0    ; 0            ; |quadratic_combine|lpm_divide:Div0|lpm_divide_r0p:auto_generated                                                ; work         ;
;          |abs_divider_mbg:divider|    ; 178 (33)          ; 0 (0)        ; 0           ; 0            ; 0       ; 0         ; 0    ; 0            ; |quadratic_combine|lpm_divide:Div0|lpm_divide_r0p:auto_generated|abs_divider_mbg:divider                        ; work         ;
;             |alt_u_div_a7f:divider|   ; 139 (139)         ; 0 (0)        ; 0           ; 0            ; 0       ; 0         ; 0    ; 0            ; |quadratic_combine|lpm_divide:Div0|lpm_divide_r0p:auto_generated|abs_divider_mbg:divider|alt_u_div_a7f:divider  ; work         ;
;             |lpm_abs_2v9:my_abs_den|  ; 3 (3)             ; 0 (0)        ; 0           ; 0            ; 0       ; 0         ; 0    ; 0            ; |quadratic_combine|lpm_divide:Div0|lpm_divide_r0p:auto_generated|abs_divider_mbg:divider|lpm_abs_2v9:my_abs_den ; work         ;
;             |lpm_abs_k0a:my_abs_num|  ; 3 (3)             ; 0 (0)        ; 0           ; 0            ; 0       ; 0         ; 0    ; 0            ; |quadratic_combine|lpm_divide:Div0|lpm_divide_r0p:auto_generated|abs_divider_mbg:divider|lpm_abs_k0a:my_abs_num ; work         ;
;    |lpm_divide:Div1|                  ; 353 (0)           ; 0 (0)        ; 0           ; 0            ; 0       ; 0         ; 0    ; 0            ; |quadratic_combine|lpm_divide:Div1                                                                              ; work         ;
;       |lpm_divide_p0p:auto_generated| ; 353 (0)           ; 0 (0)        ; 0           ; 0            ; 0       ; 0         ; 0    ; 0            ; |quadratic_combine|lpm_divide:Div1|lpm_divide_p0p:auto_generated                                                ; work         ;
;          |abs_divider_kbg:divider|    ; 353 (30)          ; 0 (0)        ; 0           ; 0            ; 0       ; 0         ; 0    ; 0            ; |quadratic_combine|lpm_divide:Div1|lpm_divide_p0p:auto_generated|abs_divider_kbg:divider                        ; work         ;
;             |alt_u_div_67f:divider|   ; 315 (315)         ; 0 (0)        ; 0           ; 0            ; 0       ; 0         ; 0    ; 0            ; |quadratic_combine|lpm_divide:Div1|lpm_divide_p0p:auto_generated|abs_divider_kbg:divider|alt_u_div_67f:divider  ; work         ;
;             |lpm_abs_i0a:my_abs_num|  ; 8 (8)             ; 0 (0)        ; 0           ; 0            ; 0       ; 0         ; 0    ; 0            ; |quadratic_combine|lpm_divide:Div1|lpm_divide_p0p:auto_generated|abs_divider_kbg:divider|lpm_abs_i0a:my_abs_num ; work         ;
;    |lpm_divide:Div2|                  ; 354 (0)           ; 0 (0)        ; 0           ; 0            ; 0       ; 0         ; 0    ; 0            ; |quadratic_combine|lpm_divide:Div2                                                                              ; work         ;
;       |lpm_divide_p0p:auto_generated| ; 354 (0)           ; 0 (0)        ; 0           ; 0            ; 0       ; 0         ; 0    ; 0            ; |quadratic_combine|lpm_divide:Div2|lpm_divide_p0p:auto_generated                                                ; work         ;
;          |abs_divider_kbg:divider|    ; 354 (31)          ; 0 (0)        ; 0           ; 0            ; 0       ; 0         ; 0    ; 0            ; |quadratic_combine|lpm_divide:Div2|lpm_divide_p0p:auto_generated|abs_divider_kbg:divider                        ; work         ;
;             |alt_u_div_67f:divider|   ; 314 (314)         ; 0 (0)        ; 0           ; 0            ; 0       ; 0         ; 0    ; 0            ; |quadratic_combine|lpm_divide:Div2|lpm_divide_p0p:auto_generated|abs_divider_kbg:divider|alt_u_div_67f:divider  ; work         ;
;             |lpm_abs_i0a:my_abs_num|  ; 9 (9)             ; 0 (0)        ; 0           ; 0            ; 0       ; 0         ; 0    ; 0            ; |quadratic_combine|lpm_divide:Div2|lpm_divide_p0p:auto_generated|abs_divider_kbg:divider|lpm_abs_i0a:my_abs_num ; work         ;
;    |lpm_mult:Mult0|                   ; 29 (0)            ; 0 (0)        ; 0           ; 0            ; 0       ; 0         ; 0    ; 0            ; |quadratic_combine|lpm_mult:Mult0                                                                               ; work         ;
;       |mult_g1t:auto_generated|       ; 29 (29)           ; 0 (0)        ; 0           ; 0            ; 0       ; 0         ; 0    ; 0            ; |quadratic_combine|lpm_mult:Mult0|mult_g1t:auto_generated                                                       ; work         ;
;    |lpm_mult:Mult1|                   ; 30 (0)            ; 0 (0)        ; 0           ; 0            ; 0       ; 0         ; 0    ; 0            ; |quadratic_combine|lpm_mult:Mult1                                                                               ; work         ;
;       |mult_g1t:auto_generated|       ; 30 (30)           ; 0 (0)        ; 0           ; 0            ; 0       ; 0         ; 0    ; 0            ; |quadratic_combine|lpm_mult:Mult1|mult_g1t:auto_generated                                                       ; work         ;
;    |sqrt_module:sqrt|                 ; 72 (72)           ; 0 (0)        ; 0           ; 0            ; 0       ; 0         ; 0    ; 0            ; |quadratic_combine|sqrt_module:sqrt                                                                             ; work         ;
+---------------------------------------+-------------------+--------------+-------------+--------------+---------+-----------+------+--------------+-----------------------------------------------------------------------------------------------------------------+--------------+
Note: For table entries with two numbers listed, the numbers in parentheses indicate the number of resources of the given type used by the specific entity alone. The numbers listed outside of parentheses indicate the total resources of the given type used by the specific entity and all of its sub-entities in the hierarchy.


+----------------------------------------------------------------------------------------------------+
; User-Specified and Inferred Latches                                                                ;
+-----------------------------------------------------+---------------------+------------------------+
; Latch Name                                          ; Latch Enable Signal ; Free of Timing Hazards ;
+-----------------------------------------------------+---------------------+------------------------+
; latch_module:latch|x1_out[0]                        ; i_enable            ; yes                    ;
; latch_module:latch|x1_out[1]                        ; i_enable            ; yes                    ;
; latch_module:latch|x1_out[2]                        ; i_enable            ; yes                    ;
; latch_module:latch|x1_out[3]                        ; i_enable            ; yes                    ;
; latch_module:latch|x2_out[0]                        ; i_enable            ; yes                    ;
; latch_module:latch|x2_out[1]                        ; i_enable            ; yes                    ;
; latch_module:latch|x2_out[2]                        ; i_enable            ; yes                    ;
; latch_module:latch|x2_out[3]                        ; i_enable            ; yes                    ;
; delta[14]                                           ; i_enable            ; yes                    ;
; delta[13]                                           ; i_enable            ; yes                    ;
; delta[12]                                           ; i_enable            ; yes                    ;
; delta[11]                                           ; i_enable            ; yes                    ;
; delta[10]                                           ; i_enable            ; yes                    ;
; delta[9]                                            ; i_enable            ; yes                    ;
; delta[8]                                            ; i_enable            ; yes                    ;
; delta[7]                                            ; i_enable            ; yes                    ;
; delta[6]                                            ; i_enable            ; yes                    ;
; delta[5]                                            ; i_enable            ; yes                    ;
; delta[4]                                            ; i_enable            ; yes                    ;
; delta[3]                                            ; i_enable            ; yes                    ;
; delta[2]                                            ; i_enable            ; yes                    ;
; delta[0]                                            ; i_enable            ; yes                    ;
; delta[15]                                           ; i_enable            ; yes                    ;
; Number of user-specified and inferred latches = 23  ;                     ;                        ;
+-----------------------------------------------------+---------------------+------------------------+
Note: All latches listed above may not be present at the end of synthesis due to various synthesis optimizations.


+------------------------------------------------------+
; General Register Statistics                          ;
+----------------------------------------------+-------+
; Statistic                                    ; Value ;
+----------------------------------------------+-------+
; Total registers                              ; 0     ;
; Number of registers using Synchronous Clear  ; 0     ;
; Number of registers using Synchronous Load   ; 0     ;
; Number of registers using Asynchronous Clear ; 0     ;
; Number of registers using Asynchronous Load  ; 0     ;
; Number of registers using Clock Enable       ; 0     ;
; Number of registers using Preset             ; 0     ;
+----------------------------------------------+-------+


+-----------------------------------------------------------------------------------------------------------------------------------------------+
; Multiplexer Restructuring Statistics (Restructuring Performed)                                                                                ;
+--------------------+-----------+---------------+----------------------+------------------------+------------+---------------------------------+
; Multiplexer Inputs ; Bus Width ; Baseline Area ; Area if Restructured ; Saving if Restructured ; Registered ; Example Multiplexer Output      ;
+--------------------+-----------+---------------+----------------------+------------------------+------------+---------------------------------+
; 3:1                ; 4 bits    ; 8 LEs         ; 8 LEs                ; 0 LEs                  ; No         ; |quadratic_combine|x1_temp      ;
; 4:1                ; 3 bits    ; 6 LEs         ; 6 LEs                ; 0 LEs                  ; No         ; |quadratic_combine|b_clamped[0] ;
; 4:1                ; 3 bits    ; 6 LEs         ; 6 LEs                ; 0 LEs                  ; No         ; |quadratic_combine|a_clamped[2] ;
; 4:1                ; 3 bits    ; 6 LEs         ; 6 LEs                ; 0 LEs                  ; No         ; |quadratic_combine|c_clamped[2] ;
; 7:1                ; 4 bits    ; 16 LEs        ; 12 LEs               ; 4 LEs                  ; No         ; |quadratic_combine|x1_temp[0]   ;
; 7:1                ; 4 bits    ; 16 LEs        ; 12 LEs               ; 4 LEs                  ; No         ; |quadratic_combine|x2_temp[0]   ;
+--------------------+-----------+---------------+----------------------+------------------------+------------+---------------------------------+


+-------------------------------------------------------------------------------------+
; Parameter Settings for Inferred Entity Instance: lpm_mult:Mult1                     ;
+------------------------------------------------+--------------+---------------------+
; Parameter Name                                 ; Value        ; Type                ;
+------------------------------------------------+--------------+---------------------+
; AUTO_CARRY_CHAINS                              ; ON           ; AUTO_CARRY          ;
; IGNORE_CARRY_BUFFERS                           ; OFF          ; IGNORE_CARRY        ;
; AUTO_CASCADE_CHAINS                            ; ON           ; AUTO_CASCADE        ;
; IGNORE_CASCADE_BUFFERS                         ; OFF          ; IGNORE_CASCADE      ;
; LPM_WIDTHA                                     ; 4            ; Untyped             ;
; LPM_WIDTHB                                     ; 4            ; Untyped             ;
; LPM_WIDTHP                                     ; 8            ; Untyped             ;
; LPM_WIDTHR                                     ; 8            ; Untyped             ;
; LPM_WIDTHS                                     ; 1            ; Untyped             ;
; LPM_REPRESENTATION                             ; SIGNED       ; Untyped             ;
; LPM_PIPELINE                                   ; 0            ; Untyped             ;
; LATENCY                                        ; 0            ; Untyped             ;
; INPUT_A_IS_CONSTANT                            ; NO           ; Untyped             ;
; INPUT_B_IS_CONSTANT                            ; NO           ; Untyped             ;
; USE_EAB                                        ; OFF          ; Untyped             ;
; MAXIMIZE_SPEED                                 ; 5            ; Untyped             ;
; DEVICE_FAMILY                                  ; Cyclone IV E ; Untyped             ;
; CARRY_CHAIN                                    ; MANUAL       ; Untyped             ;
; APEX20K_TECHNOLOGY_MAPPER                      ; LUT          ; TECH_MAPPER_APEX20K ;
; DEDICATED_MULTIPLIER_CIRCUITRY                 ; AUTO         ; Untyped             ;
; DEDICATED_MULTIPLIER_MIN_INPUT_WIDTH_FOR_AUTO  ; 0            ; Untyped             ;
; DEDICATED_MULTIPLIER_MIN_OUTPUT_WIDTH_FOR_AUTO ; 0            ; Untyped             ;
; CBXI_PARAMETER                                 ; mult_g1t     ; Untyped             ;
; INPUT_A_FIXED_VALUE                            ; Bx           ; Untyped             ;
; INPUT_B_FIXED_VALUE                            ; Bx           ; Untyped             ;
; USE_AHDL_IMPLEMENTATION                        ; OFF          ; Untyped             ;
+------------------------------------------------+--------------+---------------------+
Note: In order to hide this table in the UI and the text report file, please set the "Show Parameter Settings in Synthesis Report" option in "Analysis and Synthesis Settings -> More Settings" to "Off".


+-------------------------------------------------------------------------------------+
; Parameter Settings for Inferred Entity Instance: lpm_mult:Mult0                     ;
+------------------------------------------------+--------------+---------------------+
; Parameter Name                                 ; Value        ; Type                ;
+------------------------------------------------+--------------+---------------------+
; AUTO_CARRY_CHAINS                              ; ON           ; AUTO_CARRY          ;
; IGNORE_CARRY_BUFFERS                           ; OFF          ; IGNORE_CARRY        ;
; AUTO_CASCADE_CHAINS                            ; ON           ; AUTO_CASCADE        ;
; IGNORE_CASCADE_BUFFERS                         ; OFF          ; IGNORE_CASCADE      ;
; LPM_WIDTHA                                     ; 4            ; Untyped             ;
; LPM_WIDTHB                                     ; 4            ; Untyped             ;
; LPM_WIDTHP                                     ; 8            ; Untyped             ;
; LPM_WIDTHR                                     ; 8            ; Untyped             ;
; LPM_WIDTHS                                     ; 1            ; Untyped             ;
; LPM_REPRESENTATION                             ; SIGNED       ; Untyped             ;
; LPM_PIPELINE                                   ; 0            ; Untyped             ;
; LATENCY                                        ; 0            ; Untyped             ;
; INPUT_A_IS_CONSTANT                            ; NO           ; Untyped             ;
; INPUT_B_IS_CONSTANT                            ; NO           ; Untyped             ;
; USE_EAB                                        ; OFF          ; Untyped             ;
; MAXIMIZE_SPEED                                 ; 5            ; Untyped             ;
; DEVICE_FAMILY                                  ; Cyclone IV E ; Untyped             ;
; CARRY_CHAIN                                    ; MANUAL       ; Untyped             ;
; APEX20K_TECHNOLOGY_MAPPER                      ; LUT          ; TECH_MAPPER_APEX20K ;
; DEDICATED_MULTIPLIER_CIRCUITRY                 ; AUTO         ; Untyped             ;
; DEDICATED_MULTIPLIER_MIN_INPUT_WIDTH_FOR_AUTO  ; 0            ; Untyped             ;
; DEDICATED_MULTIPLIER_MIN_OUTPUT_WIDTH_FOR_AUTO ; 0            ; Untyped             ;
; CBXI_PARAMETER                                 ; mult_g1t     ; Untyped             ;
; INPUT_A_FIXED_VALUE                            ; Bx           ; Untyped             ;
; INPUT_B_FIXED_VALUE                            ; Bx           ; Untyped             ;
; USE_AHDL_IMPLEMENTATION                        ; OFF          ; Untyped             ;
+------------------------------------------------+--------------+---------------------+
Note: In order to hide this table in the UI and the text report file, please set the "Show Parameter Settings in Synthesis Report" option in "Analysis and Synthesis Settings -> More Settings" to "Off".


+------------------------------------------------------------------+
; Parameter Settings for Inferred Entity Instance: lpm_divide:Div0 ;
+------------------------+----------------+------------------------+
; Parameter Name         ; Value          ; Type                   ;
+------------------------+----------------+------------------------+
; LPM_WIDTHN             ; 16             ; Untyped                ;
; LPM_WIDTHD             ; 5              ; Untyped                ;
; LPM_NREPRESENTATION    ; SIGNED         ; Untyped                ;
; LPM_DREPRESENTATION    ; SIGNED         ; Untyped                ;
; LPM_PIPELINE           ; 0              ; Untyped                ;
; LPM_REMAINDERPOSITIVE  ; FALSE          ; Untyped                ;
; MAXIMIZE_SPEED         ; 5              ; Untyped                ;
; CBXI_PARAMETER         ; lpm_divide_r0p ; Untyped                ;
; CARRY_CHAIN            ; MANUAL         ; Untyped                ;
; OPTIMIZE_FOR_SPEED     ; 5              ; Untyped                ;
; AUTO_CARRY_CHAINS      ; ON             ; AUTO_CARRY             ;
; IGNORE_CARRY_BUFFERS   ; OFF            ; IGNORE_CARRY           ;
; AUTO_CASCADE_CHAINS    ; ON             ; AUTO_CASCADE           ;
; IGNORE_CASCADE_BUFFERS ; OFF            ; IGNORE_CASCADE         ;
+------------------------+----------------+------------------------+
Note: In order to hide this table in the UI and the text report file, please set the "Show Parameter Settings in Synthesis Report" option in "Analysis and Synthesis Settings -> More Settings" to "Off".


+------------------------------------------------------------------+
; Parameter Settings for Inferred Entity Instance: lpm_divide:Div1 ;
+------------------------+----------------+------------------------+
; Parameter Name         ; Value          ; Type                   ;
+------------------------+----------------+------------------------+
; LPM_WIDTHN             ; 32             ; Untyped                ;
; LPM_WIDTHD             ; 5              ; Untyped                ;
; LPM_NREPRESENTATION    ; SIGNED         ; Untyped                ;
; LPM_DREPRESENTATION    ; SIGNED         ; Untyped                ;
; LPM_PIPELINE           ; 0              ; Untyped                ;
; LPM_REMAINDERPOSITIVE  ; FALSE          ; Untyped                ;
; MAXIMIZE_SPEED         ; 5              ; Untyped                ;
; CBXI_PARAMETER         ; lpm_divide_p0p ; Untyped                ;
; CARRY_CHAIN            ; MANUAL         ; Untyped                ;
; OPTIMIZE_FOR_SPEED     ; 5              ; Untyped                ;
; AUTO_CARRY_CHAINS      ; ON             ; AUTO_CARRY             ;
; IGNORE_CARRY_BUFFERS   ; OFF            ; IGNORE_CARRY           ;
; AUTO_CASCADE_CHAINS    ; ON             ; AUTO_CASCADE           ;
; IGNORE_CASCADE_BUFFERS ; OFF            ; IGNORE_CASCADE         ;
+------------------------+----------------+------------------------+
Note: In order to hide this table in the UI and the text report file, please set the "Show Parameter Settings in Synthesis Report" option in "Analysis and Synthesis Settings -> More Settings" to "Off".


+------------------------------------------------------------------+
; Parameter Settings for Inferred Entity Instance: lpm_divide:Div2 ;
+------------------------+----------------+------------------------+
; Parameter Name         ; Value          ; Type                   ;
+------------------------+----------------+------------------------+
; LPM_WIDTHN             ; 32             ; Untyped                ;
; LPM_WIDTHD             ; 5              ; Untyped                ;
; LPM_NREPRESENTATION    ; SIGNED         ; Untyped                ;
; LPM_DREPRESENTATION    ; SIGNED         ; Untyped                ;
; LPM_PIPELINE           ; 0              ; Untyped                ;
; LPM_REMAINDERPOSITIVE  ; FALSE          ; Untyped                ;
; MAXIMIZE_SPEED         ; 5              ; Untyped                ;
; CBXI_PARAMETER         ; lpm_divide_p0p ; Untyped                ;
; CARRY_CHAIN            ; MANUAL         ; Untyped                ;
; OPTIMIZE_FOR_SPEED     ; 5              ; Untyped                ;
; AUTO_CARRY_CHAINS      ; ON             ; AUTO_CARRY             ;
; IGNORE_CARRY_BUFFERS   ; OFF            ; IGNORE_CARRY           ;
; AUTO_CASCADE_CHAINS    ; ON             ; AUTO_CASCADE           ;
; IGNORE_CASCADE_BUFFERS ; OFF            ; IGNORE_CASCADE         ;
+------------------------+----------------+------------------------+
Note: In order to hide this table in the UI and the text report file, please set the "Show Parameter Settings in Synthesis Report" option in "Analysis and Synthesis Settings -> More Settings" to "Off".


+--------------------------------------------------------+
; lpm_mult Parameter Settings by Entity Instance         ;
+---------------------------------------+----------------+
; Name                                  ; Value          ;
+---------------------------------------+----------------+
; Number of entity instances            ; 2              ;
; Entity Instance                       ; lpm_mult:Mult1 ;
;     -- LPM_WIDTHA                     ; 4              ;
;     -- LPM_WIDTHB                     ; 4              ;
;     -- LPM_WIDTHP                     ; 8              ;
;     -- LPM_REPRESENTATION             ; SIGNED         ;
;     -- INPUT_A_IS_CONSTANT            ; NO             ;
;     -- INPUT_B_IS_CONSTANT            ; NO             ;
;     -- USE_EAB                        ; OFF            ;
;     -- DEDICATED_MULTIPLIER_CIRCUITRY ; AUTO           ;
;     -- INPUT_A_FIXED_VALUE            ; Bx             ;
;     -- INPUT_B_FIXED_VALUE            ; Bx             ;
; Entity Instance                       ; lpm_mult:Mult0 ;
;     -- LPM_WIDTHA                     ; 4              ;
;     -- LPM_WIDTHB                     ; 4              ;
;     -- LPM_WIDTHP                     ; 8              ;
;     -- LPM_REPRESENTATION             ; SIGNED         ;
;     -- INPUT_A_IS_CONSTANT            ; NO             ;
;     -- INPUT_B_IS_CONSTANT            ; NO             ;
;     -- USE_EAB                        ; OFF            ;
;     -- DEDICATED_MULTIPLIER_CIRCUITRY ; AUTO           ;
;     -- INPUT_A_FIXED_VALUE            ; Bx             ;
;     -- INPUT_B_FIXED_VALUE            ; Bx             ;
+---------------------------------------+----------------+


+----------------------------------------------------+
; Port Connectivity Checks: "led_display:display_x2" ;
+----------------+-------+----------+----------------+
; Port           ; Type  ; Severity ; Details        ;
+----------------+-------+----------+----------------+
; display_select ; Input ; Info     ; Stuck at GND   ;
+----------------+-------+----------+----------------+


+----------------------------------------------------+
; Port Connectivity Checks: "led_display:display_x1" ;
+----------------+-------+----------+----------------+
; Port           ; Type  ; Severity ; Details        ;
+----------------+-------+----------+----------------+
; display_select ; Input ; Info     ; Stuck at GND   ;
+----------------+-------+----------+----------------+


+-------------------------------+
; Elapsed Time Per Partition    ;
+----------------+--------------+
; Partition Name ; Elapsed Time ;
+----------------+--------------+
; Top            ; 00:00:03     ;
+----------------+--------------+


+-------------------------------+
; Analysis & Synthesis Messages ;
+-------------------------------+
Info: *******************************************************************
Info: Running Quartus II 64-Bit Analysis & Synthesis
    Info: Version 13.0.1 Build 232 06/12/2013 Service Pack 1 SJ Web Edition
    Info: Processing started: Thu Jun 05 20:49:12 2025
Info: Command: quartus_map --read_settings_files=on --write_settings_files=off quadratic_combine -c quadratic_combine
Warning (20028): Parallel compilation is not licensed and has been disabled
Warning (10259): Verilog HDL error at quadratic_combine.v(45): constant value overflow
Warning (10259): Verilog HDL error at quadratic_combine.v(56): constant value overflow
Warning (10259): Verilog HDL error at quadratic_combine.v(67): constant value overflow
Warning (10259): Verilog HDL error at quadratic_combine.v(95): constant value overflow
Warning (10259): Verilog HDL error at quadratic_combine.v(105): constant value overflow
Warning (10259): Verilog HDL error at quadratic_combine.v(108): constant value overflow
Info (12021): Found 1 design units, including 1 entities, in source file quadratic_combine.v
    Info (12023): Found entity 1: quadratic_combine
Info (12127): Elaborating entity "quadratic_combine" for the top level hierarchy
Warning (10230): Verilog HDL assignment warning at quadratic_combine.v(93): truncated value with size 32 to match size of target (16)
Warning (10230): Verilog HDL assignment warning at quadratic_combine.v(101): truncated value with size 32 to match size of target (16)
Warning (10230): Verilog HDL assignment warning at quadratic_combine.v(102): truncated value with size 32 to match size of target (16)
Warning (10240): Verilog HDL Always Construct warning at quadratic_combine.v(72): inferring latch(es) for variable "b_squared", which holds its previous value in one or more paths through the always construct
Warning (10240): Verilog HDL Always Construct warning at quadratic_combine.v(72): inferring latch(es) for variable "four_ac", which holds its previous value in one or more paths through the always construct
Warning (10240): Verilog HDL Always Construct warning at quadratic_combine.v(72): inferring latch(es) for variable "delta", which holds its previous value in one or more paths through the always construct
Warning (10240): Verilog HDL Always Construct warning at quadratic_combine.v(72): inferring latch(es) for variable "neg_b", which holds its previous value in one or more paths through the always construct
Warning (10240): Verilog HDL Always Construct warning at quadratic_combine.v(72): inferring latch(es) for variable "temp_x1", which holds its previous value in one or more paths through the always construct
Warning (10240): Verilog HDL Always Construct warning at quadratic_combine.v(72): inferring latch(es) for variable "temp_x2", which holds its previous value in one or more paths through the always construct
Info (10041): Inferred latch for "delta[0]" at quadratic_combine.v(78)
Info (10041): Inferred latch for "delta[1]" at quadratic_combine.v(78)
Info (10041): Inferred latch for "delta[2]" at quadratic_combine.v(78)
Info (10041): Inferred latch for "delta[3]" at quadratic_combine.v(78)
Info (10041): Inferred latch for "delta[4]" at quadratic_combine.v(78)
Info (10041): Inferred latch for "delta[5]" at quadratic_combine.v(78)
Info (10041): Inferred latch for "delta[6]" at quadratic_combine.v(78)
Info (10041): Inferred latch for "delta[7]" at quadratic_combine.v(78)
Info (10041): Inferred latch for "delta[8]" at quadratic_combine.v(78)
Info (10041): Inferred latch for "delta[9]" at quadratic_combine.v(78)
Info (10041): Inferred latch for "delta[10]" at quadratic_combine.v(78)
Info (10041): Inferred latch for "delta[11]" at quadratic_combine.v(78)
Info (10041): Inferred latch for "delta[12]" at quadratic_combine.v(78)
Info (10041): Inferred latch for "delta[13]" at quadratic_combine.v(78)
Info (10041): Inferred latch for "delta[14]" at quadratic_combine.v(78)
Info (10041): Inferred latch for "delta[15]" at quadratic_combine.v(78)
Warning (12125): Using design file sqrt_module.v, which is not specified as a design file for the current project, but contains definitions for 1 design units and 1 entities in project
    Info (12023): Found entity 1: sqrt_module
Info (12128): Elaborating entity "sqrt_module" for hierarchy "sqrt_module:sqrt"
Warning (12125): Using design file latch_module.v, which is not specified as a design file for the current project, but contains definitions for 1 design units and 1 entities in project
    Info (12023): Found entity 1: latch_module
Info (12128): Elaborating entity "latch_module" for hierarchy "latch_module:latch"
Warning (10240): Verilog HDL Always Construct warning at latch_module.v(11): inferring latch(es) for variable "x1_out", which holds its previous value in one or more paths through the always construct
Warning (10240): Verilog HDL Always Construct warning at latch_module.v(11): inferring latch(es) for variable "x2_out", which holds its previous value in one or more paths through the always construct
Info (10041): Inferred latch for "x2_out[0]" at latch_module.v(11)
Info (10041): Inferred latch for "x2_out[1]" at latch_module.v(11)
Info (10041): Inferred latch for "x2_out[2]" at latch_module.v(11)
Info (10041): Inferred latch for "x2_out[3]" at latch_module.v(11)
Info (10041): Inferred latch for "x1_out[0]" at latch_module.v(11)
Info (10041): Inferred latch for "x1_out[1]" at latch_module.v(11)
Info (10041): Inferred latch for "x1_out[2]" at latch_module.v(11)
Info (10041): Inferred latch for "x1_out[3]" at latch_module.v(11)
Warning (12125): Using design file led_display.v, which is not specified as a design file for the current project, but contains definitions for 1 design units and 1 entities in project
    Info (12023): Found entity 1: led_display
Info (12128): Elaborating entity "led_display" for hierarchy "led_display:display_x1"
Info (278001): Inferred 5 megafunctions from design logic
    Info (278003): Inferred multiplier megafunction ("lpm_mult") from the following logic: "Mult1"
    Info (278003): Inferred multiplier megafunction ("lpm_mult") from the following logic: "Mult0"
    Info (278004): Inferred divider/modulo megafunction ("lpm_divide") from the following logic: "Div0"
    Info (278004): Inferred divider/modulo megafunction ("lpm_divide") from the following logic: "Div1"
    Info (278004): Inferred divider/modulo megafunction ("lpm_divide") from the following logic: "Div2"
Info (12130): Elaborated megafunction instantiation "lpm_mult:Mult1"
Info (12133): Instantiated megafunction "lpm_mult:Mult1" with the following parameter:
    Info (12134): Parameter "LPM_WIDTHA" = "4"
    Info (12134): Parameter "LPM_WIDTHB" = "4"
    Info (12134): Parameter "LPM_WIDTHP" = "8"
    Info (12134): Parameter "LPM_WIDTHR" = "8"
    Info (12134): Parameter "LPM_WIDTHS" = "1"
    Info (12134): Parameter "LPM_REPRESENTATION" = "SIGNED"
    Info (12134): Parameter "INPUT_A_IS_CONSTANT" = "NO"
    Info (12134): Parameter "INPUT_B_IS_CONSTANT" = "NO"
    Info (12134): Parameter "MAXIMIZE_SPEED" = "5"
Info (12021): Found 1 design units, including 1 entities, in source file db/mult_g1t.tdf
    Info (12023): Found entity 1: mult_g1t
Info (12130): Elaborated megafunction instantiation "lpm_mult:Mult0"
Info (12133): Instantiated megafunction "lpm_mult:Mult0" with the following parameter:
    Info (12134): Parameter "LPM_WIDTHA" = "4"
    Info (12134): Parameter "LPM_WIDTHB" = "4"
    Info (12134): Parameter "LPM_WIDTHP" = "8"
    Info (12134): Parameter "LPM_WIDTHR" = "8"
    Info (12134): Parameter "LPM_WIDTHS" = "1"
    Info (12134): Parameter "LPM_REPRESENTATION" = "SIGNED"
    Info (12134): Parameter "INPUT_A_IS_CONSTANT" = "NO"
    Info (12134): Parameter "INPUT_B_IS_CONSTANT" = "NO"
    Info (12134): Parameter "MAXIMIZE_SPEED" = "5"
Info (12130): Elaborated megafunction instantiation "lpm_divide:Div0"
Info (12133): Instantiated megafunction "lpm_divide:Div0" with the following parameter:
    Info (12134): Parameter "LPM_WIDTHN" = "16"
    Info (12134): Parameter "LPM_WIDTHD" = "5"
    Info (12134): Parameter "LPM_NREPRESENTATION" = "SIGNED"
    Info (12134): Parameter "LPM_DREPRESENTATION" = "SIGNED"
    Info (12134): Parameter "LPM_HINT" = "LPM_REMAINDERPOSITIVE=FALSE"
Info (12021): Found 1 design units, including 1 entities, in source file db/lpm_divide_r0p.tdf
    Info (12023): Found entity 1: lpm_divide_r0p
Info (12021): Found 1 design units, including 1 entities, in source file db/abs_divider_mbg.tdf
    Info (12023): Found entity 1: abs_divider_mbg
Info (12021): Found 1 design units, including 1 entities, in source file db/alt_u_div_a7f.tdf
    Info (12023): Found entity 1: alt_u_div_a7f
Info (12021): Found 1 design units, including 1 entities, in source file db/add_sub_7pc.tdf
    Info (12023): Found entity 1: add_sub_7pc
Info (12021): Found 1 design units, including 1 entities, in source file db/add_sub_8pc.tdf
    Info (12023): Found entity 1: add_sub_8pc
Info (12021): Found 1 design units, including 1 entities, in source file db/lpm_abs_2v9.tdf
    Info (12023): Found entity 1: lpm_abs_2v9
Info (12021): Found 1 design units, including 1 entities, in source file db/lpm_abs_k0a.tdf
    Info (12023): Found entity 1: lpm_abs_k0a
Info (12130): Elaborated megafunction instantiation "lpm_divide:Div1"
Info (12133): Instantiated megafunction "lpm_divide:Div1" with the following parameter:
    Info (12134): Parameter "LPM_WIDTHN" = "32"
    Info (12134): Parameter "LPM_WIDTHD" = "5"
    Info (12134): Parameter "LPM_NREPRESENTATION" = "SIGNED"
    Info (12134): Parameter "LPM_DREPRESENTATION" = "SIGNED"
    Info (12134): Parameter "LPM_HINT" = "LPM_REMAINDERPOSITIVE=FALSE"
Info (12021): Found 1 design units, including 1 entities, in source file db/lpm_divide_p0p.tdf
    Info (12023): Found entity 1: lpm_divide_p0p
Info (12021): Found 1 design units, including 1 entities, in source file db/abs_divider_kbg.tdf
    Info (12023): Found entity 1: abs_divider_kbg
Info (12021): Found 1 design units, including 1 entities, in source file db/alt_u_div_67f.tdf
    Info (12023): Found entity 1: alt_u_div_67f
Info (12021): Found 1 design units, including 1 entities, in source file db/lpm_abs_i0a.tdf
    Info (12023): Found entity 1: lpm_abs_i0a
Info (13014): Ignored 90 buffer(s)
    Info (13016): Ignored 32 CARRY_SUM buffer(s)
    Info (13019): Ignored 58 SOFT buffer(s)
Info (13025): Duplicate LATCH primitives merged into single LATCH primitive
    Info (13026): Duplicate LATCH primitive "delta[10]" merged with LATCH primitive "delta[14]"
    Info (13026): Duplicate LATCH primitive "delta[11]" merged with LATCH primitive "delta[14]"
    Info (13026): Duplicate LATCH primitive "delta[12]" merged with LATCH primitive "delta[14]"
    Info (13026): Duplicate LATCH primitive "delta[13]" merged with LATCH primitive "delta[14]"
    Info (13026): Duplicate LATCH primitive "delta[15]" merged with LATCH primitive "delta[14]"
Info (286030): Timing-Driven Synthesis is running
Info (17016): Found the following redundant logic cells in design
    Info (17048): Logic cell "lpm_mult:Mult0|mult_g1t:auto_generated|le4a[3]"
    Info (17048): Logic cell "lpm_mult:Mult0|mult_g1t:auto_generated|le4a[4]"
Info (16010): Generating hard_block partition "hard_block:auto_generated_inst"
    Info (16011): Adding 0 node(s), including 0 DDIO, 0 PLL, 0 transceiver and 0 LCELL
Info (21057): Implemented 1215 device resources after synthesis - the final resource count might be different
    Info (21058): Implemented 16 input pins
    Info (21059): Implemented 38 output pins
    Info (21061): Implemented 1161 logic cells
Info: Quartus II 64-Bit Analysis & Synthesis was successful. 0 errors, 21 warnings
    Info: Peak virtual memory: 4627 megabytes
    Info: Processing ended: Thu Jun 05 20:49:16 2025
    Info: Elapsed time: 00:00:04
    Info: Total CPU time (on all processors): 00:00:04


