ISim log file
Running: isim_system -gui -tclbatch system_setup.tcl 
Time resolution is 1 fs
# proc w  
  global  tbpath
  global  PathSeparator
  puts  "Setting up signal tracing ..."
  source system_wave.tcl

# proc w_top  
  global  tbpath
  global  PathSeparator
  puts  "Setting up signal tracing ..."
  set id [group add "Top level ports"]
  source top_level_ports_wave.tcl

# proc w_instance {design_instance_name } 
  global  tbpath
  global  PathSeparator
  puts  "Setting up signal tracing ..."
  wave add $design_instance_name

# proc ClockSetup  
  global  tbpath
  global  PathSeparator
  puts -nonewline "Setting up clock ... "
  if { [info exists PathSeparator] } { set ps $PathSeparator } else { set ps "/" }
  if { ![info exists tbpath] } { set tbpath "${ps}system" }
  isim force add $tbpath${ps}CLK_P 0 -time 0 ns -value 1 -time 2 ns -repeat 5 ns
  isim force add $tbpath${ps}CLK_N 1 -time 0 ns -value 0 -time 2 ns -repeat 5 ns
  puts "done"

# proc ResetSetup  
  global  tbpath
  global  PathSeparator
  puts -nonewline "Setting up reset and simulating ... "
  if { [info exists PathSeparator] } { set ps $PathSeparator } else { set ps "/" }
  if { ![info exists tbpath] } { set tbpath "${ps}system" }
  isim force add $tbpath${ps}RESET 1 -time 0 ns -value 0 -time 80 ns
  puts "done"

# proc reset   restart; ClockSetup; ResetSetup; 
# proc PrintHelpInformation  
  puts "**********************************************************************"
  puts "**********************************************************************"
  puts "***"
  puts "***   Simulation Setup Macros (system_setup.tcl)"
  puts "***"
  puts "***   reset =>  Generate clock, toggle reset ports and reset simulation to time 0"
  puts "***"
  puts "***   w   =>  set up signal tracing for the ISE Simulator waveform"
  puts "***           viewer (edit signal lists in system_wave.tcl)"
  puts "***"
  puts "***   w_top =>  Observe top level signals in the ISim Waveform Viewer"
  puts "***"
  puts "***   w_instance <<instance name>>  =>  Observe signals of the given instance in the ISim waveform viewer"
  puts "***           (Example: w /system/dlm_cntrl to observe signals of dlmb controller)."
  puts "***"
  puts "***   h   =>  print this help menu"
  puts "***"
  puts "***   Default flow is: w_top; run 1000ns or w; run 1000ns"
  puts "***"
  puts "**********************************************************************"
  puts "**********************************************************************"

# proc h   PrintHelpInformation 
# puts Setting up simulation commands ...
# PrintHelpInformation
